#
# There is insufficient memory for the Java Runtime Environment to continue.
# Native memory allocation (mmap) failed to map 22020096 bytes for Failed to commit area from 0x0000000086500000 to 0x0000000087a00000 of length 22020096.
# Possible reasons:
#   The system is out of physical RAM or swap space
#   The process is running with CompressedOops enabled, and the Java Heap may be blocking the growth of the native heap
# Possible solutions:
#   Reduce memory load on the system
#   Increase physical memory or swap space
#   Check if swap backing store is full
#   Decrease Java heap size (-Xmx/-Xms)
#   Decrease number of Java threads
#   Decrease Java thread stack sizes (-Xss)
#   Set larger code cache with -XX:ReservedCodeCacheSize=
#   JVM is running with Unscaled Compressed Oops mode in which the Java heap is
#     placed in the first 4GB address space. The Java Heap base address is the
#     maximum limit for the native heap growth. Please use -XX:HeapBaseMinAddress
#     to set the Java Heap base and to place the Java Heap above 4GB virtual address.
# This output file may be truncated or incomplete.
#
#  Out of Memory Error (./src/hotspot/os/windows/os_windows.cpp:3521), pid=11012, tid=8328
#
# JRE version: OpenJDK Runtime Environment (11.0.12+7) (build 11.0.12+7-b1504.28-7817840)
# Java VM: OpenJDK 64-Bit Server VM (11.0.12+7-b1504.28-7817840, mixed mode, tiered, compressed oops, g1 gc, windows-amd64)
# No core dump will be written. Minidumps are not enabled by default on client versions of Windows
#

---------------  S U M M A R Y ------------

Command Line: --add-opens=java.base/java.util=ALL-UNNAMED --add-opens=java.base/java.lang=ALL-UNNAMED --add-opens=java.base/java.lang.invoke=ALL-UNNAMED --add-opens=java.base/java.util=ALL-UNNAMED --add-opens=java.prefs/java.util.prefs=ALL-UNNAMED --add-opens=java.prefs/java.util.prefs=ALL-UNNAMED --add-opens=java.base/java.nio.charset=ALL-UNNAMED --add-opens=java.base/java.net=ALL-UNNAMED --add-opens=java.base/java.util.concurrent.atomic=ALL-UNNAMED -Xmx2048m -Dfile.encoding=UTF-8 -Duser.country=US -Duser.language=en -Duser.variant org.gradle.launcher.daemon.bootstrap.GradleDaemon 7.3.3

Host: Intel(R) Core(TM) i3-6006U CPU @ 2.00GHz, 4 cores, 3G,  Windows 10 , 64 bit Build 19041 (10.0.19041.1645)
Time: Mon Jun 13 23:33:57 2022 India Standard Time elapsed time: 11.745868 seconds (0d 0h 0m 11s)

---------------  T H R E A D  ---------------

Current thread (0x0000012b6e25f000):  VMThread "VM Thread" [stack: 0x0000002062e00000,0x0000002062f00000] [id=8328]

Stack: [0x0000002062e00000,0x0000002062f00000]
[error occurred during error reporting (printing stack bounds), id 0xc0000005, EXCEPTION_ACCESS_VIOLATION (0xc0000005) at pc=0x0000012b5724112d]

Native frames: (J=compiled Java code, j=interpreted, Vv=VM code, C=native code)
V  [jvm.dll+0x5fbcea]
V  [jvm.dll+0x731905]
V  [jvm.dll+0x732f1d]
V  [jvm.dll+0x733535]
V  [jvm.dll+0x7334eb]
V  [jvm.dll+0x5fb080]
V  [jvm.dll+0x5fb818]
C  [ntdll.dll+0xa20cf]
C  [ntdll.dll+0x51454]
C  [ntdll.dll+0xa0bfe]
C  0x0000012b5724112d

VM_Operation (0x00000020650fdac0): G1CollectForAllocation, mode: safepoint, requested by thread 0x0000012b70faf800


---------------  P R O C E S S  ---------------

Threads class SMR info:
_java_thread_list=0x0000012b6f54ac80, length=36, elements={
0x0000012b51f3e800, 0x0000012b6e263800, 0x0000012b6e267000, 0x0000012b6e2c5800,
0x0000012b6e2c6800, 0x0000012b6e2c9800, 0x0000012b6e2ce800, 0x0000012b6e2ed000,
0x0000012b6e2f8000, 0x0000012b6e55c000, 0x0000012b6e561800, 0x0000012b6e560800,
0x0000012b6e55e000, 0x0000012b6e562800, 0x0000012b6e55c800, 0x0000012b6e55d800,
0x0000012b6e55f000, 0x0000012b704fb800, 0x0000012b70fa4000, 0x0000012b70fa1800,
0x0000012b70fa2000, 0x0000012b70fa5800, 0x0000012b70fa4800, 0x0000012b70fa6800,
0x0000012b70fa0800, 0x0000012b70fa7000, 0x0000012b70fa8000, 0x0000012b70fa8800,
0x0000012b70fa3000, 0x0000012b70fad000, 0x0000012b70faf800, 0x0000012b70fad800,
0x0000012b70fa9800, 0x0000012b70fae800, 0x0000012b70faa800, 0x0000012b70fac000
}

Java Threads: ( => current thread )
  0x0000012b51f3e800 JavaThread "main" [_thread_blocked, id=5928, stack(0x0000002062800000,0x0000002062900000)]
  0x0000012b6e263800 JavaThread "Reference Handler" daemon [_thread_blocked, id=6804, stack(0x0000002062f00000,0x0000002063000000)]
  0x0000012b6e267000 JavaThread "Finalizer" daemon [_thread_blocked, id=2796, stack(0x0000002063000000,0x0000002063100000)]
  0x0000012b6e2c5800 JavaThread "Signal Dispatcher" daemon [_thread_blocked, id=2620, stack(0x0000002063100000,0x0000002063200000)]
  0x0000012b6e2c6800 JavaThread "Attach Listener" daemon [_thread_blocked, id=11008, stack(0x0000002063200000,0x0000002063300000)]
  0x0000012b6e2c9800 JavaThread "Service Thread" daemon [_thread_blocked, id=8452, stack(0x0000002063300000,0x0000002063400000)]
  0x0000012b6e2ce800 JavaThread "C2 CompilerThread0" daemon [_thread_in_native, id=3280, stack(0x0000002063400000,0x0000002063500000)]
  0x0000012b6e2ed000 JavaThread "C1 CompilerThread0" daemon [_thread_blocked, id=9992, stack(0x0000002063500000,0x0000002063600000)]
  0x0000012b6e2f8000 JavaThread "Sweeper thread" daemon [_thread_blocked, id=9988, stack(0x0000002063600000,0x0000002063700000)]
  0x0000012b6e55c000 JavaThread "Common-Cleaner" daemon [_thread_blocked, id=9984, stack(0x0000002063700000,0x0000002063800000)]
  0x0000012b6e561800 JavaThread "Daemon health stats" [_thread_blocked, id=9952, stack(0x0000002063b00000,0x0000002063c00000)]
  0x0000012b6e560800 JavaThread "Incoming local TCP Connector on port 49876" [_thread_in_native, id=9948, stack(0x0000002063900000,0x0000002063a00000)]
  0x0000012b6e55e000 JavaThread "Daemon periodic checks" [_thread_blocked, id=10640, stack(0x0000002063c00000,0x0000002063d00000)]
  0x0000012b6e562800 JavaThread "Daemon" [_thread_blocked, id=6728, stack(0x0000002063d00000,0x0000002063e00000)]
  0x0000012b6e55c800 JavaThread "Handler for socket connection from /127.0.0.1:49876 to /127.0.0.1:49877" [_thread_in_native, id=8692, stack(0x0000002063e00000,0x0000002063f00000)]
  0x0000012b6e55d800 JavaThread "Cancel handler" [_thread_blocked, id=10368, stack(0x0000002063f00000,0x0000002064000000)]
  0x0000012b6e55f000 JavaThread "Daemon worker" [_thread_blocked, id=9068, stack(0x0000002064000000,0x0000002064100000)]
  0x0000012b704fb800 JavaThread "C2 CompilerThread1" daemon [_thread_in_native, id=2124, stack(0x0000002064100000,0x0000002064200000)]
  0x0000012b70fa4000 JavaThread "Asynchronous log dispatcher for DefaultDaemonConnection: socket connection from /127.0.0.1:49876 to /127.0.0.1:49877" [_thread_blocked, id=752, stack(0x0000002064200000,0x0000002064300000)]
  0x0000012b70fa1800 JavaThread "Stdin handler" [_thread_blocked, id=9368, stack(0x0000002064300000,0x0000002064400000)]
  0x0000012b70fa2000 JavaThread "Daemon client event forwarder" [_thread_blocked, id=4376, stack(0x0000002064400000,0x0000002064500000)]
  0x0000012b70fa5800 JavaThread "Cache worker for journal cache (C:\Users\alenj\.gradle\caches\journal-1)" [_thread_blocked, id=3304, stack(0x0000002064700000,0x0000002064800000)]
  0x0000012b70fa4800 JavaThread "File lock request listener" [_thread_in_native, id=5148, stack(0x0000002064800000,0x0000002064900000)]
  0x0000012b70fa6800 JavaThread "Cache worker for file hash cache (C:\Users\alenj\.gradle\caches\7.3.3\fileHashes)" [_thread_blocked, id=10108, stack(0x0000002064900000,0x0000002064a00000)]
  0x0000012b70fa0800 JavaThread "Cache worker for file hash cache (C:\Users\alenj\AndroidStudioProjects\ActivityLifeycle\.gradle\7.3.3\fileHashes)" [_thread_blocked, id=10620, stack(0x0000002064a00000,0x0000002064b00000)]
  0x0000012b70fa7000 JavaThread "File watcher server" daemon [_thread_in_native, id=6028, stack(0x0000002064b00000,0x0000002064c00000)]
  0x0000012b70fa8000 JavaThread "File watcher consumer" daemon [_thread_blocked, id=1788, stack(0x0000002064c00000,0x0000002064d00000)]
  0x0000012b70fa8800 JavaThread "jar transforms" [_thread_blocked, id=7088, stack(0x0000002064d00000,0x0000002064e00000)]
  0x0000012b70fa3000 JavaThread "jar transforms Thread 2" [_thread_blocked, id=7404, stack(0x0000002064e00000,0x0000002064f00000)]
  0x0000012b70fad000 JavaThread "jar transforms Thread 3" [_thread_blocked, id=4984, stack(0x0000002064f00000,0x0000002065000000)]
  0x0000012b70faf800 JavaThread "jar transforms Thread 4" [_thread_blocked, id=1092, stack(0x0000002065000000,0x0000002065100000)]
  0x0000012b70fad800 JavaThread "Cache worker for checksums cache (C:\Users\alenj\AndroidStudioProjects\ActivityLifeycle\.gradle\7.3.3\checksums)" [_thread_blocked, id=8604, stack(0x0000002065100000,0x0000002065200000)]
  0x0000012b70fa9800 JavaThread "Cache worker for cache directory md-supplier (C:\Users\alenj\.gradle\caches\7.3.3\md-supplier)" [_thread_blocked, id=8240, stack(0x0000002065200000,0x0000002065300000)]
  0x0000012b70fae800 JavaThread "Cache worker for cache directory md-rule (C:\Users\alenj\.gradle\caches\7.3.3\md-rule)" [_thread_blocked, id=8108, stack(0x0000002065300000,0x0000002065400000)]
  0x0000012b70faa800 JavaThread "Cache worker for execution history cache (C:\Users\alenj\.gradle\caches\7.3.3\executionHistory)" [_thread_blocked, id=8136, stack(0x0000002065400000,0x0000002065500000)]
  0x0000012b70fac000 JavaThread "Cache worker for file content cache (C:\Users\alenj\.gradle\caches\7.3.3\fileContent)" [_thread_blocked, id=7368, stack(0x0000002065500000,0x0000002065600000)]

Other Threads:
=>0x0000012b6e25f000 VMThread "VM Thread" [stack: 0x0000002062e00000,0x0000002062f00000] [id=8328]
  0x0000012b6e577800 WatcherThread [stack: 0x0000002063800000,0x0000002063900000] [id=5972]
  0x0000012b51f57800 GCTaskThread "GC Thread#0" [stack: 0x0000002062900000,0x0000002062a00000] [id=5908]
  0x0000012b6eead800 GCTaskThread "GC Thread#1" [stack: 0x0000002063a00000,0x0000002063b00000] [id=7148]
  0x0000012b6f413800 GCTaskThread "GC Thread#2" [stack: 0x0000002064500000,0x0000002064600000] [id=7356]
  0x0000012b70ba3800 GCTaskThread "GC Thread#3" [stack: 0x0000002064600000,0x0000002064700000] [id=7276]
  0x0000012b51f87800 ConcurrentGCThread "G1 Main Marker" [stack: 0x0000002062a00000,0x0000002062b00000] [id=6680]
  0x0000012b51f89000 ConcurrentGCThread "G1 Conc#0" [stack: 0x0000002062b00000,0x0000002062c00000] [id=2664]
  0x0000012b51fcf000 ConcurrentGCThread "G1 Refine#0" [stack: 0x0000002062c00000,0x0000002062d00000] [id=6404]
  0x0000012b51fd0000 ConcurrentGCThread "G1 Young RemSet Sampling" [stack: 0x0000002062d00000,0x0000002062e00000] [id=9772]

Threads with active compile tasks:
C2 CompilerThread0  11784 4141 %     4       org.objectweb.asm.ClassReader::readCode @ 2185 (5109 bytes)
C2 CompilerThread1  11784 4205       4       org.objectweb.asm.MethodVisitor::visitLdcInsn (87 bytes)

VM state:at safepoint (normal execution)

VM Mutex/Monitor currently owned by a thread:  ([mutex/lock_event])
[0x0000012b51f3b420] Threads_lock - owner thread: 0x0000012b6e25f000
[0x0000012b51f3a2b0] Heap_lock - owner thread: 0x0000012b70faf800

Heap address: 0x0000000080000000, size: 2048 MB, Compressed Oops mode: 32-bit
Narrow klass base: 0x0000000000000000, Narrow klass shift: 3
Compressed class space size: 1073741824 Address: 0x0000000100000000

Heap:
 garbage-first heap   total 124928K, used 49500K [0x0000000080000000, 0x0000000100000000)
  region size 1024K, 3 young (3072K), 3 survivors (3072K)
 Metaspace       used 44128K, capacity 45300K, committed 45568K, reserved 1089536K
  class space    used 5658K, capacity 6071K, committed 6144K, reserved 1048576K
Heap Regions: E=young(eden), S=young(survivor), O=old, HS=humongous(starts), HC=humongous(continues), CS=collection set, F=free, A=archive, TAMS=top-at-mark-start (previous, next)
|   0|0x0000000080000000, 0x0000000080100000, 0x0000000080100000|100%| O|  |TAMS 0x0000000080100000, 0x0000000080100000| Untracked 
|   1|0x0000000080100000, 0x0000000080200000, 0x0000000080200000|100%| O|  |TAMS 0x0000000080200000, 0x0000000080200000| Untracked 
|   2|0x0000000080200000, 0x0000000080300000, 0x0000000080300000|100%| O|  |TAMS 0x0000000080300000, 0x0000000080300000| Untracked 
|   3|0x0000000080300000, 0x0000000080400000, 0x0000000080400000|100%|HS|  |TAMS 0x0000000080400000, 0x0000000080400000| Complete 
|   4|0x0000000080400000, 0x0000000080500000, 0x0000000080500000|100%|HC|  |TAMS 0x0000000080500000, 0x0000000080500000| Complete 
|   5|0x0000000080500000, 0x0000000080600000, 0x0000000080600000|100%|HC|  |TAMS 0x0000000080600000, 0x0000000080600000| Complete 
|   6|0x0000000080600000, 0x0000000080700000, 0x0000000080700000|100%| O|  |TAMS 0x0000000080700000, 0x0000000080700000| Untracked 
|   7|0x0000000080700000, 0x0000000080800000, 0x0000000080800000|100%| O|  |TAMS 0x0000000080800000, 0x0000000080800000| Untracked 
|   8|0x0000000080800000, 0x0000000080900000, 0x0000000080900000|100%| O|  |TAMS 0x0000000080900000, 0x0000000080900000| Untracked 
|   9|0x0000000080900000, 0x0000000080a00000, 0x0000000080a00000|100%| O|  |TAMS 0x0000000080a00000, 0x0000000080a00000| Untracked 
|  10|0x0000000080a00000, 0x0000000080b00000, 0x0000000080b00000|100%| O|  |TAMS 0x0000000080b00000, 0x0000000080b00000| Untracked 
|  11|0x0000000080b00000, 0x0000000080c00000, 0x0000000080c00000|100%| O|  |TAMS 0x0000000080c00000, 0x0000000080c00000| Untracked 
|  12|0x0000000080c00000, 0x0000000080d00000, 0x0000000080d00000|100%| O|  |TAMS 0x0000000080d00000, 0x0000000080d00000| Untracked 
|  13|0x0000000080d00000, 0x0000000080e00000, 0x0000000080e00000|100%| O|  |TAMS 0x0000000080e00000, 0x0000000080e00000| Untracked 
|  14|0x0000000080e00000, 0x0000000080f00000, 0x0000000080f00000|100%| O|  |TAMS 0x0000000080f00000, 0x0000000080f00000| Untracked 
|  15|0x0000000080f00000, 0x0000000081000000, 0x0000000081000000|100%| O|  |TAMS 0x0000000081000000, 0x0000000081000000| Untracked 
|  16|0x0000000081000000, 0x0000000081100000, 0x0000000081100000|100%| O|  |TAMS 0x0000000081100000, 0x0000000081100000| Untracked 
|  17|0x0000000081100000, 0x0000000081200000, 0x0000000081200000|100%|HS|  |TAMS 0x0000000081200000, 0x0000000081200000| Complete 
|  18|0x0000000081200000, 0x0000000081300000, 0x0000000081300000|100%|HC|  |TAMS 0x0000000081300000, 0x0000000081300000| Complete 
|  19|0x0000000081300000, 0x0000000081400000, 0x0000000081400000|100%|HS|  |TAMS 0x0000000081400000, 0x0000000081400000| Complete 
|  20|0x0000000081400000, 0x0000000081500000, 0x0000000081500000|100%|HC|  |TAMS 0x0000000081500000, 0x0000000081500000| Complete 
|  21|0x0000000081500000, 0x0000000081600000, 0x0000000081600000|100%|HC|  |TAMS 0x0000000081600000, 0x0000000081600000| Complete 
|  22|0x0000000081600000, 0x0000000081700000, 0x0000000081700000|100%|HS|  |TAMS 0x0000000081700000, 0x0000000081700000| Complete 
|  23|0x0000000081700000, 0x0000000081800000, 0x0000000081800000|100%|HS|  |TAMS 0x0000000081800000, 0x0000000081800000| Complete 
|  24|0x0000000081800000, 0x0000000081900000, 0x0000000081900000|100%|HC|  |TAMS 0x0000000081900000, 0x0000000081900000| Complete 
|  25|0x0000000081900000, 0x0000000081a00000, 0x0000000081a00000|100%|HC|  |TAMS 0x0000000081a00000, 0x0000000081a00000| Complete 
|  26|0x0000000081a00000, 0x0000000081b00000, 0x0000000081b00000|100%|HC|  |TAMS 0x0000000081b00000, 0x0000000081b00000| Complete 
|  27|0x0000000081b00000, 0x0000000081c00000, 0x0000000081c00000|100%| O|  |TAMS 0x0000000081c00000, 0x0000000081c00000| Untracked 
|  28|0x0000000081c00000, 0x0000000081d00000, 0x0000000081d00000|100%| O|  |TAMS 0x0000000081d00000, 0x0000000081d00000| Untracked 
|  29|0x0000000081d00000, 0x0000000081e00000, 0x0000000081e00000|100%| O|  |TAMS 0x0000000081e00000, 0x0000000081e00000| Untracked 
|  30|0x0000000081e00000, 0x0000000081f00000, 0x0000000081f00000|100%| O|  |TAMS 0x0000000081f00000, 0x0000000081f00000| Untracked 
|  31|0x0000000081f00000, 0x0000000082000000, 0x0000000082000000|100%| O|  |TAMS 0x0000000082000000, 0x0000000082000000| Untracked 
|  32|0x0000000082000000, 0x0000000082100000, 0x0000000082100000|100%| O|  |TAMS 0x0000000082100000, 0x0000000082100000| Untracked 
|  33|0x0000000082100000, 0x0000000082200000, 0x0000000082200000|100%| O|  |TAMS 0x0000000082200000, 0x0000000082200000| Untracked 
|  34|0x0000000082200000, 0x0000000082300000, 0x0000000082300000|100%| O|  |TAMS 0x0000000082300000, 0x0000000082300000| Untracked 
|  35|0x0000000082300000, 0x0000000082400000, 0x0000000082400000|100%| O|  |TAMS 0x0000000082400000, 0x0000000082400000| Untracked 
|  36|0x0000000082400000, 0x0000000082500000, 0x0000000082500000|100%| O|  |TAMS 0x0000000082500000, 0x0000000082500000| Untracked 
|  37|0x0000000082500000, 0x0000000082557200, 0x0000000082600000| 34%| O|  |TAMS 0x0000000082557200, 0x0000000082557200| Untracked 
|  38|0x0000000082600000, 0x0000000082700000, 0x0000000082700000|100%| O|  |TAMS 0x0000000082700000, 0x0000000082700000| Untracked 
|  39|0x0000000082700000, 0x0000000082800000, 0x0000000082800000|100%| O|  |TAMS 0x0000000082800000, 0x0000000082800000| Untracked 
|  40|0x0000000082800000, 0x0000000082900000, 0x0000000082900000|100%| O|  |TAMS 0x0000000082900000, 0x0000000082900000| Untracked 
|  41|0x0000000082900000, 0x0000000082a00000, 0x0000000082a00000|100%| O|  |TAMS 0x0000000082a00000, 0x0000000082a00000| Untracked 
|  42|0x0000000082a00000, 0x0000000082b00000, 0x0000000082b00000|100%|HS|  |TAMS 0x0000000082b00000, 0x0000000082b00000| Complete 
|  43|0x0000000082b00000, 0x0000000082c00000, 0x0000000082c00000|100%|HC|  |TAMS 0x0000000082c00000, 0x0000000082c00000| Complete 
|  44|0x0000000082c00000, 0x0000000082d00000, 0x0000000082d00000|100%|HC|  |TAMS 0x0000000082d00000, 0x0000000082d00000| Complete 
|  45|0x0000000082d00000, 0x0000000082e00000, 0x0000000082e00000|100%|HC|  |TAMS 0x0000000082e00000, 0x0000000082e00000| Complete 
|  46|0x0000000082e00000, 0x0000000082e00000, 0x0000000082f00000|  0%| F|  |TAMS 0x0000000082e00000, 0x0000000082e00000| Untracked 
|  47|0x0000000082f00000, 0x0000000082f00000, 0x0000000083000000|  0%| F|  |TAMS 0x0000000082f00000, 0x0000000082f00000| Untracked 
|  48|0x0000000083000000, 0x0000000083000000, 0x0000000083100000|  0%| F|  |TAMS 0x0000000083000000, 0x0000000083000000| Untracked 
|  49|0x0000000083100000, 0x0000000083100000, 0x0000000083200000|  0%| F|  |TAMS 0x0000000083100000, 0x0000000083100000| Untracked 
|  50|0x0000000083200000, 0x0000000083200000, 0x0000000083300000|  0%| F|  |TAMS 0x0000000083200000, 0x0000000083200000| Untracked 
|  51|0x0000000083300000, 0x0000000083300000, 0x0000000083400000|  0%| F|  |TAMS 0x0000000083300000, 0x0000000083300000| Untracked 
|  52|0x0000000083400000, 0x0000000083400000, 0x0000000083500000|  0%| F|  |TAMS 0x0000000083400000, 0x0000000083400000| Untracked 
|  53|0x0000000083500000, 0x0000000083500000, 0x0000000083600000|  0%| F|  |TAMS 0x0000000083500000, 0x0000000083500000| Untracked 
|  54|0x0000000083600000, 0x0000000083600000, 0x0000000083700000|  0%| F|  |TAMS 0x0000000083600000, 0x0000000083600000| Untracked 
|  55|0x0000000083700000, 0x0000000083700000, 0x0000000083800000|  0%| F|  |TAMS 0x0000000083700000, 0x0000000083700000| Untracked 
|  56|0x0000000083800000, 0x0000000083800000, 0x0000000083900000|  0%| F|  |TAMS 0x0000000083800000, 0x0000000083800000| Untracked 
|  57|0x0000000083900000, 0x0000000083900000, 0x0000000083a00000|  0%| F|  |TAMS 0x0000000083900000, 0x0000000083900000| Untracked 
|  58|0x0000000083a00000, 0x0000000083a00000, 0x0000000083b00000|  0%| F|  |TAMS 0x0000000083a00000, 0x0000000083a00000| Untracked 
|  59|0x0000000083b00000, 0x0000000083b00000, 0x0000000083c00000|  0%| F|  |TAMS 0x0000000083b00000, 0x0000000083b00000| Untracked 
|  60|0x0000000083c00000, 0x0000000083c00000, 0x0000000083d00000|  0%| F|  |TAMS 0x0000000083c00000, 0x0000000083c00000| Untracked 
|  61|0x0000000083d00000, 0x0000000083d00000, 0x0000000083e00000|  0%| F|  |TAMS 0x0000000083d00000, 0x0000000083d00000| Untracked 
|  62|0x0000000083e00000, 0x0000000083e00000, 0x0000000083f00000|  0%| F|  |TAMS 0x0000000083e00000, 0x0000000083e00000| Untracked 
|  63|0x0000000083f00000, 0x0000000083f00000, 0x0000000084000000|  0%| F|  |TAMS 0x0000000083f00000, 0x0000000083f00000| Untracked 
|  64|0x0000000084000000, 0x0000000084000000, 0x0000000084100000|  0%| F|  |TAMS 0x0000000084000000, 0x0000000084000000| Untracked 
|  65|0x0000000084100000, 0x0000000084100000, 0x0000000084200000|  0%| F|  |TAMS 0x0000000084100000, 0x0000000084100000| Untracked 
|  66|0x0000000084200000, 0x0000000084300000, 0x0000000084300000|100%| S|CS|TAMS 0x0000000084200000, 0x0000000084200000| Complete 
|  67|0x0000000084300000, 0x0000000084400000, 0x0000000084400000|100%| S|CS|TAMS 0x0000000084300000, 0x0000000084300000| Complete 
|  68|0x0000000084400000, 0x0000000084500000, 0x0000000084500000|100%| S|CS|TAMS 0x0000000084400000, 0x0000000084400000| Complete 
|  69|0x0000000084500000, 0x0000000084500000, 0x0000000084600000|  0%| F|  |TAMS 0x0000000084500000, 0x0000000084500000| Untracked 
|  70|0x0000000084600000, 0x0000000084600000, 0x0000000084700000|  0%| F|  |TAMS 0x0000000084600000, 0x0000000084600000| Untracked 
|  71|0x0000000084700000, 0x0000000084700000, 0x0000000084800000|  0%| F|  |TAMS 0x0000000084700000, 0x0000000084700000| Untracked 
|  72|0x0000000084800000, 0x0000000084800000, 0x0000000084900000|  0%| F|  |TAMS 0x0000000084800000, 0x0000000084800000| Untracked 
|  73|0x0000000084900000, 0x0000000084900000, 0x0000000084a00000|  0%| F|  |TAMS 0x0000000084900000, 0x0000000084900000| Untracked 
|  74|0x0000000084a00000, 0x0000000084a00000, 0x0000000084b00000|  0%| F|  |TAMS 0x0000000084a00000, 0x0000000084a00000| Untracked 
|  75|0x0000000084b00000, 0x0000000084b00000, 0x0000000084c00000|  0%| F|  |TAMS 0x0000000084b00000, 0x0000000084b00000| Untracked 
|  76|0x0000000084c00000, 0x0000000084c00000, 0x0000000084d00000|  0%| F|  |TAMS 0x0000000084c00000, 0x0000000084c00000| Untracked 
|  77|0x0000000084d00000, 0x0000000084d00000, 0x0000000084e00000|  0%| F|  |TAMS 0x0000000084d00000, 0x0000000084d00000| Untracked 
|  78|0x0000000084e00000, 0x0000000084e00000, 0x0000000084f00000|  0%| F|  |TAMS 0x0000000084e00000, 0x0000000084e00000| Untracked 
|  79|0x0000000084f00000, 0x0000000084f00000, 0x0000000085000000|  0%| F|  |TAMS 0x0000000084f00000, 0x0000000084f00000| Untracked 
|  80|0x0000000085000000, 0x0000000085000000, 0x0000000085100000|  0%| F|  |TAMS 0x0000000085000000, 0x0000000085000000| Untracked 
|  81|0x0000000085100000, 0x0000000085100000, 0x0000000085200000|  0%| F|  |TAMS 0x0000000085100000, 0x0000000085100000| Untracked 
|  82|0x0000000085200000, 0x0000000085200000, 0x0000000085300000|  0%| F|  |TAMS 0x0000000085200000, 0x0000000085200000| Untracked 
|  83|0x0000000085300000, 0x0000000085300000, 0x0000000085400000|  0%| F|  |TAMS 0x0000000085300000, 0x0000000085300000| Untracked 
|  84|0x0000000085400000, 0x0000000085400000, 0x0000000085500000|  0%| F|  |TAMS 0x0000000085400000, 0x0000000085400000| Untracked 
|  85|0x0000000085500000, 0x0000000085500000, 0x0000000085600000|  0%| F|  |TAMS 0x0000000085500000, 0x0000000085500000| Untracked 
|  86|0x0000000085600000, 0x0000000085600000, 0x0000000085700000|  0%| F|  |TAMS 0x0000000085600000, 0x0000000085600000| Untracked 
|  87|0x0000000085700000, 0x0000000085700000, 0x0000000085800000|  0%| F|  |TAMS 0x0000000085700000, 0x0000000085700000| Untracked 
|  88|0x0000000085800000, 0x0000000085800000, 0x0000000085900000|  0%| F|  |TAMS 0x0000000085800000, 0x0000000085800000| Untracked 
|  89|0x0000000085900000, 0x0000000085900000, 0x0000000085a00000|  0%| F|  |TAMS 0x0000000085900000, 0x0000000085900000| Untracked 
|  90|0x0000000085a00000, 0x0000000085a00000, 0x0000000085b00000|  0%| F|  |TAMS 0x0000000085a00000, 0x0000000085a00000| Untracked 
|  91|0x0000000085b00000, 0x0000000085b00000, 0x0000000085c00000|  0%| F|  |TAMS 0x0000000085b00000, 0x0000000085b00000| Untracked 
|  92|0x0000000085c00000, 0x0000000085c00000, 0x0000000085d00000|  0%| F|  |TAMS 0x0000000085c00000, 0x0000000085c00000| Untracked 
|  93|0x0000000085d00000, 0x0000000085d00000, 0x0000000085e00000|  0%| F|  |TAMS 0x0000000085d00000, 0x0000000085d00000| Untracked 
|  94|0x0000000085e00000, 0x0000000085e00000, 0x0000000085f00000|  0%| F|  |TAMS 0x0000000085e00000, 0x0000000085e00000| Untracked 
|  95|0x0000000085f00000, 0x0000000085f00000, 0x0000000086000000|  0%| F|  |TAMS 0x0000000085f00000, 0x0000000085f00000| Untracked 
|  96|0x0000000086000000, 0x0000000086000000, 0x0000000086100000|  0%| F|  |TAMS 0x0000000086000000, 0x0000000086000000| Untracked 
|  97|0x0000000086100000, 0x0000000086100000, 0x0000000086200000|  0%| F|  |TAMS 0x0000000086100000, 0x0000000086100000| Untracked 
|  98|0x0000000086200000, 0x0000000086200000, 0x0000000086300000|  0%| F|  |TAMS 0x0000000086200000, 0x0000000086200000| Untracked 
|  99|0x0000000086300000, 0x0000000086300000, 0x0000000086400000|  0%| F|  |TAMS 0x0000000086300000, 0x0000000086300000| Untracked 
| 100|0x0000000086400000, 0x0000000086400000, 0x0000000086500000|  0%| F|  |TAMS 0x0000000086400000, 0x0000000086400000| Untracked 

Card table byte_map: [0x0000012b66c70000,0x0000012b67070000] _byte_map_base: 0x0000012b66870000

Marking Bits (Prev, Next): (CMBitMap*) 0x0000012b51f7ea80, (CMBitMap*) 0x0000012b51f7ea48
 Prev Bits: [0x0000012b69470000, 0x0000012b6b470000)
 Next Bits: [0x0000012b67470000, 0x0000012b69470000)

Polling page: 0x0000012b52020000

Metaspace:

Usage:
  Non-class:     38.31 MB capacity,    37.57 MB ( 98%) used,   649.48 KB (  2%) free+waste,   109.94 KB ( <1%) overhead. 
      Class:      5.93 MB capacity,     5.53 MB ( 93%) used,   359.44 KB (  6%) free+waste,    53.00 KB ( <1%) overhead. 
       Both:     44.24 MB capacity,    43.09 MB ( 97%) used,  1008.91 KB (  2%) free+waste,   162.94 KB ( <1%) overhead. 

Virtual space:
  Non-class space:       40.00 MB reserved,      38.50 MB ( 96%) committed 
      Class space:        1.00 GB reserved,       6.00 MB ( <1%) committed 
             Both:        1.04 GB reserved,      44.50 MB (  4%) committed 

Chunk freelists:
   Non-Class:  3.00 KB
       Class:  9.00 KB
        Both:  12.00 KB

MaxMetaspaceSize: 17179869184.00 GB
CompressedClassSpaceSize: 1.00 GB
Initial GC threshold: 20.80 MB
Current GC threshold: 74.17 MB
CDS: off

CodeHeap 'non-profiled nmethods': size=120064Kb used=2493Kb max_used=2493Kb free=117571Kb
 bounds [0x0000012b5ed00000, 0x0000012b5ef70000, 0x0000012b66240000]
CodeHeap 'profiled nmethods': size=120000Kb used=9522Kb max_used=9522Kb free=110477Kb
 bounds [0x0000012b577d0000, 0x0000012b58120000, 0x0000012b5ed00000]
CodeHeap 'non-nmethods': size=5696Kb used=2287Kb max_used=2370Kb free=3408Kb
 bounds [0x0000012b57240000, 0x0000012b574b0000, 0x0000012b577d0000]
 total_blobs=4950 nmethods=4172 adapters=690
 compilation: enabled
              stopped_count=0, restarted_count=0
 full_count=0

Compilation events (20 events):
Event: 11.462 Thread 0x0000012b704fb800 nmethod 4208 0x0000012b5ef6ac90 code [0x0000012b5ef6ae60, 0x0000012b5ef6b478]
Event: 11.462 Thread 0x0000012b704fb800 4195       4       org.objectweb.asm.MethodVisitor::visitJumpInsn (17 bytes)
Event: 11.464 Thread 0x0000012b704fb800 nmethod 4195 0x0000012b5ef6b890 code [0x0000012b5ef6ba60, 0x0000012b5ef6bbc8]
Event: 11.464 Thread 0x0000012b704fb800 4201       4       org.objectweb.asm.MethodVisitor::visitFrame (22 bytes)
Event: 11.467 Thread 0x0000012b704fb800 nmethod 4201 0x0000012b5ef6bd90 code [0x0000012b5ef6bf60, 0x0000012b5ef6c108]
Event: 11.467 Thread 0x0000012b704fb800 4221       4       java.util.Calendar::complete (40 bytes)
Event: 11.467 Thread 0x0000012b704fb800 nmethod 4221 0x0000012b5ef6c310 code [0x0000012b5ef6c4a0, 0x0000012b5ef6c558]
Event: 11.468 Thread 0x0000012b704fb800 4207       4       org.objectweb.asm.AnnotationWriter::putAnnotations (67 bytes)
Event: 11.519 Thread 0x0000012b704fb800 nmethod 4207 0x0000012b5ef6c610 code [0x0000012b5ef6c8c0, 0x0000012b5ef6dfe8]
Event: 11.519 Thread 0x0000012b704fb800 4205       4       org.objectweb.asm.MethodVisitor::visitLdcInsn (87 bytes)
Event: 11.543 Thread 0x0000012b6e2ed000 4233       2       org.objectweb.asm.MethodWriter::visitFrame (811 bytes)
Event: 11.547 Thread 0x0000012b6e2ed000 nmethod 4233 0x0000012b58118e10 code [0x0000012b58119220, 0x0000012b5811a5c8]
Event: 11.592 Thread 0x0000012b6e2ed000 4234       3       java.lang.StringUTF16::hashCode (33 bytes)
Event: 11.592 Thread 0x0000012b6e2ed000 nmethod 4234 0x0000012b5811b390 code [0x0000012b5811b540, 0x0000012b5811b6f8]
Event: 11.601 Thread 0x0000012b6e2ed000 4235       2       java.util.concurrent.locks.AbstractQueuedSynchronizer$ConditionObject::unlinkCancelledWaiters (67 bytes)
Event: 11.602 Thread 0x0000012b6e2ed000 nmethod 4235 0x0000012b5811b810 code [0x0000012b5811b9e0, 0x0000012b5811bcd8]
Event: 11.687 Thread 0x0000012b6e2ed000 4236       2       org.objectweb.asm.SymbolTable::addConstantLongOrDouble (109 bytes)
Event: 11.688 Thread 0x0000012b6e2ed000 nmethod 4236 0x0000012b5811be10 code [0x0000012b5811c000, 0x0000012b5811c378]
Event: 11.688 Thread 0x0000012b6e2ed000 4237       2       org.objectweb.asm.SymbolTable::hash (14 bytes)
Event: 11.688 Thread 0x0000012b6e2ed000 nmethod 4237 0x0000012b5811c610 code [0x0000012b5811c7c0, 0x0000012b5811c8b8]

GC Heap History (20 events):
Event: 8.727 GC heap after
{Heap after GC invocations=17 (full 0):
 garbage-first heap   total 103424K, used 42538K [0x0000000080000000, 0x0000000100000000)
  region size 1024K, 1 young (1024K), 1 survivors (1024K)
 Metaspace       used 43511K, capacity 44565K, committed 44672K, reserved 1087488K
  class space    used 5610K, capacity 5996K, committed 6016K, reserved 1048576K
}
Event: 8.920 GC heap before
{Heap before GC invocations=18 (full 0):
 garbage-first heap   total 103424K, used 57898K [0x0000000080000000, 0x0000000100000000)
  region size 1024K, 14 young (14336K), 1 survivors (1024K)
 Metaspace       used 43797K, capacity 44915K, committed 45056K, reserved 1087488K
  class space    used 5655K, capacity 6071K, committed 6144K, reserved 1048576K
}
Event: 8.927 GC heap after
{Heap after GC invocations=19 (full 0):
 garbage-first heap   total 103424K, used 42446K [0x0000000080000000, 0x0000000100000000)
  region size 1024K, 1 young (1024K), 1 survivors (1024K)
 Metaspace       used 43797K, capacity 44915K, committed 45056K, reserved 1087488K
  class space    used 5655K, capacity 6071K, committed 6144K, reserved 1048576K
}
Event: 9.646 GC heap before
{Heap before GC invocations=20 (full 0):
 garbage-first heap   total 103424K, used 75214K [0x0000000080000000, 0x0000000100000000)
  region size 1024K, 29 young (29696K), 1 survivors (1024K)
 Metaspace       used 44117K, capacity 45300K, committed 45568K, reserved 1089536K
  class space    used 5658K, capacity 6071K, committed 6144K, reserved 1048576K
}
Event: 9.651 GC heap after
{Heap after GC invocations=21 (full 0):
 garbage-first heap   total 103424K, used 47362K [0x0000000080000000, 0x0000000100000000)
  region size 1024K, 2 young (2048K), 2 survivors (2048K)
 Metaspace       used 44117K, capacity 45300K, committed 45568K, reserved 1089536K
  class space    used 5658K, capacity 6071K, committed 6144K, reserved 1048576K
}
Event: 9.928 GC heap before
{Heap before GC invocations=21 (full 0):
 garbage-first heap   total 103424K, used 76034K [0x0000000080000000, 0x0000000100000000)
  region size 1024K, 30 young (30720K), 2 survivors (2048K)
 Metaspace       used 44122K, capacity 45300K, committed 45568K, reserved 1089536K
  class space    used 5658K, capacity 6071K, committed 6144K, reserved 1048576K
}
Event: 9.932 GC heap after
{Heap after GC invocations=22 (full 0):
 garbage-first heap   total 103424K, used 47591K [0x0000000080000000, 0x0000000100000000)
  region size 1024K, 2 young (2048K), 2 survivors (2048K)
 Metaspace       used 44122K, capacity 45300K, committed 45568K, reserved 1089536K
  class space    used 5658K, capacity 6071K, committed 6144K, reserved 1048576K
}
Event: 10.204 GC heap before
{Heap before GC invocations=22 (full 0):
 garbage-first heap   total 103424K, used 77287K [0x0000000080000000, 0x0000000100000000)
  region size 1024K, 31 young (31744K), 2 survivors (2048K)
 Metaspace       used 44123K, capacity 45300K, committed 45568K, reserved 1089536K
  class space    used 5658K, capacity 6071K, committed 6144K, reserved 1048576K
}
Event: 10.207 GC heap after
{Heap after GC invocations=23 (full 0):
 garbage-first heap   total 103424K, used 47996K [0x0000000080000000, 0x0000000100000000)
  region size 1024K, 3 young (3072K), 3 survivors (3072K)
 Metaspace       used 44123K, capacity 45300K, committed 45568K, reserved 1089536K
  class space    used 5658K, capacity 6071K, committed 6144K, reserved 1048576K
}
Event: 10.438 GC heap before
{Heap before GC invocations=23 (full 0):
 garbage-first heap   total 103424K, used 77692K [0x0000000080000000, 0x0000000100000000)
  region size 1024K, 32 young (32768K), 3 survivors (3072K)
 Metaspace       used 44124K, capacity 45300K, committed 45568K, reserved 1089536K
  class space    used 5658K, capacity 6071K, committed 6144K, reserved 1048576K
}
Event: 10.442 GC heap after
{Heap after GC invocations=24 (full 0):
 garbage-first heap   total 103424K, used 48197K [0x0000000080000000, 0x0000000100000000)
  region size 1024K, 2 young (2048K), 2 survivors (2048K)
 Metaspace       used 44124K, capacity 45300K, committed 45568K, reserved 1089536K
  class space    used 5658K, capacity 6071K, committed 6144K, reserved 1048576K
}
Event: 10.675 GC heap before
{Heap before GC invocations=24 (full 0):
 garbage-first heap   total 103424K, used 78917K [0x0000000080000000, 0x0000000100000000)
  region size 1024K, 32 young (32768K), 2 survivors (2048K)
 Metaspace       used 44125K, capacity 45300K, committed 45568K, reserved 1089536K
  class space    used 5658K, capacity 6071K, committed 6144K, reserved 1048576K
}
Event: 10.678 GC heap after
{Heap after GC invocations=25 (full 0):
 garbage-first heap   total 103424K, used 48346K [0x0000000080000000, 0x0000000100000000)
  region size 1024K, 2 young (2048K), 2 survivors (2048K)
 Metaspace       used 44125K, capacity 45300K, committed 45568K, reserved 1089536K
  class space    used 5658K, capacity 6071K, committed 6144K, reserved 1048576K
}
Event: 10.942 GC heap before
{Heap before GC invocations=26 (full 0):
 garbage-first heap   total 103424K, used 79066K [0x0000000080000000, 0x0000000100000000)
  region size 1024K, 32 young (32768K), 2 survivors (2048K)
 Metaspace       used 44126K, capacity 45300K, committed 45568K, reserved 1089536K
  class space    used 5658K, capacity 6071K, committed 6144K, reserved 1048576K
}
Event: 10.946 GC heap after
{Heap after GC invocations=27 (full 0):
 garbage-first heap   total 103424K, used 48602K [0x0000000080000000, 0x0000000100000000)
  region size 1024K, 3 young (3072K), 3 survivors (3072K)
 Metaspace       used 44126K, capacity 45300K, committed 45568K, reserved 1089536K
  class space    used 5658K, capacity 6071K, committed 6144K, reserved 1048576K
}
Event: 11.170 GC heap before
{Heap before GC invocations=27 (full 0):
 garbage-first heap   total 103424K, used 80346K [0x0000000080000000, 0x0000000100000000)
  region size 1024K, 34 young (34816K), 3 survivors (3072K)
 Metaspace       used 44126K, capacity 45300K, committed 45568K, reserved 1089536K
  class space    used 5658K, capacity 6071K, committed 6144K, reserved 1048576K
}
Event: 11.174 GC heap after
{Heap after GC invocations=28 (full 0):
 garbage-first heap   total 103424K, used 48916K [0x0000000080000000, 0x0000000100000000)
  region size 1024K, 3 young (3072K), 3 survivors (3072K)
 Metaspace       used 44126K, capacity 45300K, committed 45568K, reserved 1089536K
  class space    used 5658K, capacity 6071K, committed 6144K, reserved 1048576K
}
Event: 11.481 GC heap before
{Heap before GC invocations=29 (full 0):
 garbage-first heap   total 103424K, used 83732K [0x0000000080000000, 0x0000000100000000)
  region size 1024K, 37 young (37888K), 3 survivors (3072K)
 Metaspace       used 44127K, capacity 45300K, committed 45568K, reserved 1089536K
  class space    used 5658K, capacity 6071K, committed 6144K, reserved 1048576K
}
Event: 11.485 GC heap after
{Heap after GC invocations=30 (full 0):
 garbage-first heap   total 103424K, used 49175K [0x0000000080000000, 0x0000000100000000)
  region size 1024K, 3 young (3072K), 3 survivors (3072K)
 Metaspace       used 44127K, capacity 45300K, committed 45568K, reserved 1089536K
  class space    used 5658K, capacity 6071K, committed 6144K, reserved 1048576K
}
Event: 11.737 GC heap before
{Heap before GC invocations=30 (full 0):
 garbage-first heap   total 103424K, used 80919K [0x0000000080000000, 0x0000000100000000)
  region size 1024K, 35 young (35840K), 3 survivors (3072K)
 Metaspace       used 44128K, capacity 45300K, committed 45568K, reserved 1089536K
  class space    used 5658K, capacity 6071K, committed 6144K, reserved 1048576K
}

Deoptimization events (20 events):
Event: 10.201 Thread 0x0000012b70faf800 DEOPT PACKING pc=0x0000012b5803c82e sp=0x00000020650fe460
Event: 10.201 Thread 0x0000012b70faf800 DEOPT UNPACKING pc=0x0000012b5728a95e sp=0x00000020650fd980 mode 0
Event: 10.234 Thread 0x0000012b70faf800 DEOPT PACKING pc=0x0000012b5803c82e sp=0x00000020650fe460
Event: 10.234 Thread 0x0000012b70faf800 DEOPT UNPACKING pc=0x0000012b5728a95e sp=0x00000020650fd980 mode 0
Event: 10.255 Thread 0x0000012b70faf800 DEOPT PACKING pc=0x0000012b5803c82e sp=0x00000020650fe460
Event: 10.255 Thread 0x0000012b70faf800 DEOPT UNPACKING pc=0x0000012b5728a95e sp=0x00000020650fd980 mode 0
Event: 10.281 Thread 0x0000012b70faf800 DEOPT PACKING pc=0x0000012b5803c82e sp=0x00000020650fe460
Event: 10.281 Thread 0x0000012b70faf800 DEOPT UNPACKING pc=0x0000012b5728a95e sp=0x00000020650fd980 mode 0
Event: 10.304 Thread 0x0000012b70faf800 DEOPT PACKING pc=0x0000012b5803c82e sp=0x00000020650fe460
Event: 10.304 Thread 0x0000012b70faf800 DEOPT UNPACKING pc=0x0000012b5728a95e sp=0x00000020650fd980 mode 0
Event: 10.325 Thread 0x0000012b70faf800 DEOPT PACKING pc=0x0000012b5803c82e sp=0x00000020650fe460
Event: 10.325 Thread 0x0000012b70faf800 DEOPT UNPACKING pc=0x0000012b5728a95e sp=0x00000020650fd980 mode 0
Event: 10.347 Thread 0x0000012b70faf800 DEOPT PACKING pc=0x0000012b5803c82e sp=0x00000020650fe460
Event: 10.347 Thread 0x0000012b70faf800 DEOPT UNPACKING pc=0x0000012b5728a95e sp=0x00000020650fd980 mode 0
Event: 11.543 Thread 0x0000012b70faf800 Uncommon trap: trap_request=0xffffff4d fr.pc=0x0000012b5ef58d40 relative=0x0000000000002540
Event: 11.543 Thread 0x0000012b70faf800 Uncommon trap: reason=unstable_if action=reinterpret pc=0x0000012b5ef58d40 method=org.objectweb.asm.MethodWriter.visitFrame(II[Ljava/lang/Object;I[Ljava/lang/Object;)V @ 744 c2
Event: 11.543 Thread 0x0000012b70faf800 DEOPT PACKING pc=0x0000012b5ef58d40 sp=0x00000020650fdc90
Event: 11.543 Thread 0x0000012b70faf800 DEOPT UNPACKING pc=0x0000012b5728a1af sp=0x00000020650fdc58 mode 2
Event: 11.592 Thread 0x0000012b70faf800 DEOPT PACKING pc=0x0000012b581144a1 sp=0x00000020650fdd50
Event: 11.592 Thread 0x0000012b70faf800 DEOPT UNPACKING pc=0x0000012b5728a95e sp=0x00000020650fd1d8 mode 0

Classes redefined (0 events):
No events

Internal exceptions (20 events):
Event: 8.053 Thread 0x0000012b6e55f000 Exception <a 'java/lang/ClassNotFoundException'{0x00000000844761d8}: groovy/lang/ClosureCustomizer> (0x00000000844761d8) thrown at [./src/hotspot/share/classfile/systemDictionary.cpp, line 231]
Event: 8.057 Thread 0x0000012b6e55f000 Exception <a 'java/lang/ClassNotFoundException'{0x00000000844cc1e8}: groovy/lang/Closure$1Customizer> (0x00000000844cc1e8) thrown at [./src/hotspot/share/classfile/systemDictionary.cpp, line 231]
Event: 8.103 Thread 0x0000012b70fa3000 Exception <a 'sun/nio/fs/WindowsException'{0x000000008420d748}> (0x000000008420d748) thrown at [./src/hotspot/share/prims/jni.cpp, line 615]
Event: 8.164 Thread 0x0000012b70fa3000 Exception <a 'sun/nio/fs/WindowsException'{0x000000008415adb8}> (0x000000008415adb8) thrown at [./src/hotspot/share/prims/jni.cpp, line 615]
Event: 8.165 Thread 0x0000012b70fa3000 Exception <a 'sun/nio/fs/WindowsException'{0x000000008415afc8}> (0x000000008415afc8) thrown at [./src/hotspot/share/prims/jni.cpp, line 615]
Event: 8.180 Thread 0x0000012b6e55f000 Exception <a 'java/lang/ClassNotFoundException'{0x000000008418db80}: sync_studio_tooling2_9q83ri75mo5q468v5igns1t3iBeanInfo> (0x000000008418db80) thrown at [./src/hotspot/share/classfile/systemDictionary.cpp, line 231]
Event: 8.181 Thread 0x0000012b6e55f000 Exception <a 'java/lang/ClassNotFoundException'{0x000000008419ab10}: sync_studio_tooling2_9q83ri75mo5q468v5igns1t3iCustomizer> (0x000000008419ab10) thrown at [./src/hotspot/share/classfile/systemDictionary.cpp, line 231]
Event: 8.192 Thread 0x0000012b6e55f000 Exception <a 'java/lang/ClassNotFoundException'{0x0000000084014730}: org/gradle/internal/metaobject/ConfigureDelegateBeanInfo> (0x0000000084014730) thrown at [./src/hotspot/share/classfile/systemDictionary.cpp, line 231]
Event: 8.193 Thread 0x0000012b6e55f000 Exception <a 'java/lang/ClassNotFoundException'{0x000000008403ae40}: org/gradle/internal/metaobject/ConfigureDelegateCustomizer> (0x000000008403ae40) thrown at [./src/hotspot/share/classfile/systemDictionary.cpp, line 231]
Event: 8.205 Thread 0x0000012b6e55f000 Exception <a 'java/lang/ClassNotFoundException'{0x00000000840bbf68}: org/gradle/api/internal/initialization/DefaultScriptHandlerBeanInfo> (0x00000000840bbf68) thrown at [./src/hotspot/share/classfile/systemDictionary.cpp, line 231]
Event: 8.206 Thread 0x0000012b6e55f000 Exception <a 'java/lang/ClassNotFoundException'{0x00000000840e5ed8}: org/gradle/api/internal/initialization/DefaultScriptHandlerCustomizer> (0x00000000840e5ed8) thrown at [./src/hotspot/share/classfile/systemDictionary.cpp, line 231]
Event: 8.387 Thread 0x0000012b6e55f000 Exception <a 'java/lang/ClassNotFoundException'{0x00000000850f88e8}: org/gradle/api/internal/artifacts/dsl/dependencies/DefaultDependencyHandler_DecoratedBeanInfo> (0x00000000850f88e8) thrown at [./src/hotspot/share/classfile/systemDictionary.cpp, line 231]
Event: 8.389 Thread 0x0000012b6e55f000 Exception <a 'java/lang/ClassNotFoundException'{0x0000000084f374f8}: org/gradle/api/internal/artifacts/dsl/dependencies/DefaultDependencyHandlerBeanInfo> (0x0000000084f374f8) thrown at [./src/hotspot/share/classfile/systemDictionary.cpp, line 231]
Event: 8.390 Thread 0x0000012b6e55f000 Exception <a 'java/lang/ClassNotFoundException'{0x0000000084f75dc0}: org/gradle/api/internal/artifacts/dsl/dependencies/DefaultDependencyHandlerCustomizer> (0x0000000084f75dc0) thrown at [./src/hotspot/share/classfile/systemDictionary.cpp, line 231]
Event: 8.394 Thread 0x0000012b6e55f000 Exception <a 'java/lang/ClassNotFoundException'{0x0000000084fdbb58}: org/gradle/api/internal/artifacts/dsl/dependencies/DefaultDependencyHandler_DecoratedCustomizer> (0x0000000084fdbb58) thrown at [./src/hotspot/share/classfile/systemDictionary.cpp, line 231]
Event: 8.603 Thread 0x0000012b6e55f000 Exception <a 'java/lang/NoSuchMethodError'{0x0000000084205d80}: 'int java.lang.invoke.DirectMethodHandle$Holder.invokeInterface(java.lang.Object, java.lang.Object)'> (0x0000000084205d80) thrown at [./src/hotspot/share/interpreter/linkResolver.cpp, line 773]
Event: 8.603 Thread 0x0000012b6e55f000 Exception <a 'java/lang/IncompatibleClassChangeError'{0x0000000084209860}: Found class java.lang.Object, but interface was expected> (0x0000000084209860) thrown at [./src/hotspot/share/interpreter/linkResolver.cpp, line 839]
Event: 8.745 Thread 0x0000012b6e55f000 Exception <a 'java/lang/NoSuchMethodError'{0x00000000864a1b18}: 'java.lang.Object java.lang.invoke.Invokers$Holder.linkToTargetMethod(java.lang.Object, int, java.lang.Object)'> (0x00000000864a1b18) thrown at [./src/hotspot/share/interpreter/linkResolver.cpp, line 773]
Event: 8.799 Thread 0x0000012b6e55f000 Exception <a 'java/lang/NoSuchMethodError'{0x000000008611bce0}: 'int java.lang.invoke.DirectMethodHandle$Holder.invokeStaticInit(java.lang.Object)'> (0x000000008611bce0) thrown at [./src/hotspot/share/interpreter/linkResolver.cpp, line 773]
Event: 8.919 Thread 0x0000012b70faf800 Exception <a 'sun/nio/fs/WindowsException'{0x00000000859fd120}> (0x00000000859fd120) thrown at [./src/hotspot/share/prims/jni.cpp, line 615]

Events (20 events):
Event: 10.207 Executing VM operation: G1CollectForAllocation done
Event: 10.438 Executing VM operation: G1CollectForAllocation
Event: 10.442 Executing VM operation: G1CollectForAllocation done
Event: 10.675 Executing VM operation: G1CollectForAllocation
Event: 10.678 Executing VM operation: G1CollectForAllocation done
Event: 10.773 Executing VM operation: CGC_Operation
Event: 10.781 Executing VM operation: CGC_Operation done
Event: 10.827 Executing VM operation: CGC_Operation
Event: 10.827 Executing VM operation: CGC_Operation done
Event: 10.942 Executing VM operation: G1CollectForAllocation
Event: 10.946 Executing VM operation: G1CollectForAllocation done
Event: 11.170 Executing VM operation: G1CollectForAllocation
Event: 11.174 Executing VM operation: G1CollectForAllocation done
Event: 11.271 Executing VM operation: CGC_Operation
Event: 11.278 Executing VM operation: CGC_Operation done
Event: 11.325 Executing VM operation: CGC_Operation
Event: 11.325 Executing VM operation: CGC_Operation done
Event: 11.481 Executing VM operation: G1CollectForAllocation
Event: 11.485 Executing VM operation: G1CollectForAllocation done
Event: 11.737 Executing VM operation: G1CollectForAllocation


Dynamic libraries:
0x00007ff678480000 - 0x00007ff67848a000 	C:\Program Files\Android\Android Studio\jre\bin\java.exe
0x00007ffbf9910000 - 0x00007ffbf9b05000 	C:\Windows\SYSTEM32\ntdll.dll
0x00007ffbf8f50000 - 0x00007ffbf900e000 	C:\Windows\System32\KERNEL32.DLL
0x00007ffbf7440000 - 0x00007ffbf7708000 	C:\Windows\System32\KERNELBASE.dll
0x00007ffbf7030000 - 0x00007ffbf7130000 	C:\Windows\System32\ucrtbase.dll
0x00007ffbea710000 - 0x00007ffbea727000 	C:\Program Files\Android\Android Studio\jre\bin\VCRUNTIME140.dll
0x00007ffbea600000 - 0x00007ffbea619000 	C:\Program Files\Android\Android Studio\jre\bin\jli.dll
0x00007ffbf8170000 - 0x00007ffbf8310000 	C:\Windows\System32\USER32.dll
0x00007ffbf7830000 - 0x00007ffbf7852000 	C:\Windows\System32\win32u.dll
0x00007ffbe6d90000 - 0x00007ffbe702a000 	C:\Windows\WinSxS\amd64_microsoft.windows.common-controls_6595b64144ccf1df_6.0.19041.1110_none_60b5254171f9507e\COMCTL32.dll
0x00007ffbf7c50000 - 0x00007ffbf7cee000 	C:\Windows\System32\msvcrt.dll
0x00007ffbf98a0000 - 0x00007ffbf98ca000 	C:\Windows\System32\GDI32.dll
0x00007ffbf7860000 - 0x00007ffbf796b000 	C:\Windows\System32\gdi32full.dll
0x00007ffbf7790000 - 0x00007ffbf782d000 	C:\Windows\System32\msvcp_win.dll
0x00007ffbf87a0000 - 0x00007ffbf87d0000 	C:\Windows\System32\IMM32.DLL
0x00007ffbe6950000 - 0x00007ffbe69ed000 	C:\Program Files\Android\Android Studio\jre\bin\msvcp140.dll
0x00007ffbad460000 - 0x00007ffbadf45000 	C:\Program Files\Android\Android Studio\jre\bin\server\jvm.dll
0x00007ffbf88e0000 - 0x00007ffbf898e000 	C:\Windows\System32\ADVAPI32.dll
0x00007ffbf8a80000 - 0x00007ffbf8b1c000 	C:\Windows\System32\sechost.dll
0x00007ffbf8ba0000 - 0x00007ffbf8cc5000 	C:\Windows\System32\RPCRT4.dll
0x00007ffbf7990000 - 0x00007ffbf7998000 	C:\Windows\System32\PSAPI.DLL
0x00007ffbea5e0000 - 0x00007ffbea5e9000 	C:\Windows\SYSTEM32\WSOCK32.dll
0x00007ffbf8cd0000 - 0x00007ffbf8d3b000 	C:\Windows\System32\WS2_32.dll
0x00007ffbe33e0000 - 0x00007ffbe3407000 	C:\Windows\SYSTEM32\WINMM.dll
0x00007ffbe88d0000 - 0x00007ffbe88da000 	C:\Windows\SYSTEM32\VERSION.dll
0x00007ffbf58e0000 - 0x00007ffbf58f2000 	C:\Windows\SYSTEM32\kernel.appcore.dll
0x00007ffbe7220000 - 0x00007ffbe7231000 	C:\Program Files\Android\Android Studio\jre\bin\verify.dll
0x00007ffbe4300000 - 0x00007ffbe44e4000 	C:\Windows\SYSTEM32\DBGHELP.DLL
0x00007ffbe3210000 - 0x00007ffbe323c000 	C:\Windows\SYSTEM32\dbgcore.DLL
0x00007ffbf7290000 - 0x00007ffbf7312000 	C:\Windows\System32\bcryptPrimitives.dll
0x00007ffbe6620000 - 0x00007ffbe6649000 	C:\Program Files\Android\Android Studio\jre\bin\java.dll
0x00007ffbe7100000 - 0x00007ffbe710b000 	C:\Program Files\Android\Android Studio\jre\bin\jimage.dll
0x00007ffbe7040000 - 0x00007ffbe7058000 	C:\Program Files\Android\Android Studio\jre\bin\zip.dll
0x00007ffbf9010000 - 0x00007ffbf9754000 	C:\Windows\System32\SHELL32.dll
0x00007ffbf4dd0000 - 0x00007ffbf5564000 	C:\Windows\SYSTEM32\windows.storage.dll
0x00007ffbf8370000 - 0x00007ffbf86c4000 	C:\Windows\System32\combase.dll
0x00007ffbf69d0000 - 0x00007ffbf69fc000 	C:\Windows\SYSTEM32\Wldp.dll
0x00007ffbf9760000 - 0x00007ffbf980d000 	C:\Windows\System32\SHCORE.dll
0x00007ffbf7bf0000 - 0x00007ffbf7c45000 	C:\Windows\System32\shlwapi.dll
0x00007ffbf6f70000 - 0x00007ffbf6f8f000 	C:\Windows\SYSTEM32\profapi.dll
0x00007ffbe64e0000 - 0x00007ffbe64fa000 	C:\Program Files\Android\Android Studio\jre\bin\net.dll
0x00007ffbe6b30000 - 0x00007ffbe6c3a000 	C:\Windows\SYSTEM32\WINHTTP.dll
0x00007ffbf6730000 - 0x00007ffbf679a000 	C:\Windows\system32\mswsock.dll
0x00007ffbe64c0000 - 0x00007ffbe64d4000 	C:\Program Files\Android\Android Studio\jre\bin\nio.dll
0x00007ffbef6a0000 - 0x00007ffbef6c7000 	C:\Users\alenj\.gradle\native\e1d6ef7f7dcc3fd88c89a11ec53ec762bb8ba0a96d01ffa2cd45eb1d1d8dd5c5\windows-amd64\native-platform.dll
0x00007ffbdc0e0000 - 0x00007ffbdc224000 	C:\Users\alenj\.gradle\native\5664cfc778a61ccfe75a443a1ab52a65af34e5dc3c78e0209fed803814484fcb\windows-amd64\native-platform-file-events.dll
0x00007ffbea7e0000 - 0x00007ffbea7ea000 	C:\Program Files\Android\Android Studio\jre\bin\management.dll
0x00007ffbea7d0000 - 0x00007ffbea7dd000 	C:\Program Files\Android\Android Studio\jre\bin\management_ext.dll
0x00007ffbf6920000 - 0x00007ffbf6938000 	C:\Windows\SYSTEM32\CRYPTSP.dll
0x00007ffbf60b0000 - 0x00007ffbf60e4000 	C:\Windows\system32\rsaenh.dll
0x00007ffbf7710000 - 0x00007ffbf7737000 	C:\Windows\System32\bcrypt.dll
0x00007ffbf6ef0000 - 0x00007ffbf6f1e000 	C:\Windows\SYSTEM32\USERENV.dll
0x00007ffbf6940000 - 0x00007ffbf694c000 	C:\Windows\SYSTEM32\CRYPTBASE.dll
0x00007ffbf6420000 - 0x00007ffbf645b000 	C:\Windows\SYSTEM32\IPHLPAPI.DLL
0x00007ffbf8160000 - 0x00007ffbf8168000 	C:\Windows\System32\NSI.dll
0x00007ffbe88b0000 - 0x00007ffbe88c7000 	C:\Windows\SYSTEM32\dhcpcsvc6.DLL
0x00007ffbea080000 - 0x00007ffbea09d000 	C:\Windows\SYSTEM32\dhcpcsvc.DLL
0x00007ffbf6460000 - 0x00007ffbf652b000 	C:\Windows\SYSTEM32\DNSAPI.dll

dbghelp: loaded successfully - version: 4.0.5 - missing functions: none
symbol engine: initialized successfully - sym options: 0x614 - pdb path: .;C:\Program Files\Android\Android Studio\jre\bin;C:\Windows\SYSTEM32;C:\Windows\WinSxS\amd64_microsoft.windows.common-controls_6595b64144ccf1df_6.0.19041.1110_none_60b5254171f9507e;C:\Program Files\Android\Android Studio\jre\bin\server;C:\Users\alenj\.gradle\native\e1d6ef7f7dcc3fd88c89a11ec53ec762bb8ba0a96d01ffa2cd45eb1d1d8dd5c5\windows-amd64;C:\Users\alenj\.gradle\native\5664cfc778a61ccfe75a443a1ab52a65af34e5dc3c78e0209fed803814484fcb\windows-amd64

VM Arguments:
jvm_args: --add-opens=java.base/java.util=ALL-UNNAMED --add-opens=java.base/java.lang=ALL-UNNAMED --add-opens=java.base/java.lang.invoke=ALL-UNNAMED --add-opens=java.base/java.util=ALL-UNNAMED --add-opens=java.prefs/java.util.prefs=ALL-UNNAMED --add-opens=java.prefs/java.util.prefs=ALL-UNNAMED --add-opens=java.base/java.nio.charset=ALL-UNNAMED --add-opens=java.base/java.net=ALL-UNNAMED --add-opens=java.base/java.util.concurrent.atomic=ALL-UNNAMED -Xmx2048m -Dfile.encoding=UTF-8 -Duser.country=US -Duser.language=en -Duser.variant 
java_command: org.gradle.launcher.daemon.bootstrap.GradleDaemon 7.3.3
java_class_path (initial): C:\Users\alenj\.gradle\wrapper\dists\gradle-7.3.3-bin\6a41zxkdtcxs8rphpq6y0069z\gradle-7.3.3\lib\gradle-launcher-7.3.3.jar
Launcher Type: SUN_STANDARD

[Global flags]
     intx CICompilerCount                          = 3                                         {product} {ergonomic}
     uint ConcGCThreads                            = 1                                         {product} {ergonomic}
     uint G1ConcRefinementThreads                  = 4                                         {product} {ergonomic}
   size_t G1HeapRegionSize                         = 1048576                                   {product} {ergonomic}
    uintx GCDrainStackTargetSize                   = 64                                        {product} {ergonomic}
   size_t InitialHeapSize                          = 60817408                                  {product} {ergonomic}
   size_t MarkStackSize                            = 4194304                                   {product} {ergonomic}
   size_t MaxHeapSize                              = 2147483648                                {product} {command line}
   size_t MaxNewSize                               = 1287651328                                {product} {ergonomic}
   size_t MinHeapDeltaBytes                        = 1048576                                   {product} {ergonomic}
    uintx NonNMethodCodeHeapSize                   = 5830732                                {pd product} {ergonomic}
    uintx NonProfiledCodeHeapSize                  = 122913754                              {pd product} {ergonomic}
    uintx ProfiledCodeHeapSize                     = 122913754                              {pd product} {ergonomic}
    uintx ReservedCodeCacheSize                    = 251658240                              {pd product} {ergonomic}
     bool SegmentedCodeCache                       = true                                      {product} {ergonomic}
     bool UseCompressedClassPointers               = true                                 {lp64_product} {ergonomic}
     bool UseCompressedOops                        = true                                 {lp64_product} {ergonomic}
     bool UseG1GC                                  = true                                      {product} {ergonomic}
     bool UseLargePagesIndividualAllocation        = false                                  {pd product} {ergonomic}

Logging:
Log output configuration:
 #0: stdout all=warning uptime,level,tags
 #1: stderr all=off uptime,level,tags

Environment Variables:
CLASSPATH=C:\mysql-connector-java-8.0.28.jar
PATH=C:\Program Files\Java\jdk-14.0.2\bin;C:\Program Files (x86)\MySQL\Connector J 8.0;C:\Windows\system32;C:\Windows;C:\Windows\System32\Wbem;C:\Windows\System32\WindowsPowerShell\v1.0\;C:\Windows\System32\OpenSSH\;C:\TDM-GCC-64\bin;C:\Windows\system32\config\systemprofile\.dnx\bin;C:\Program Files\Microsoft DNX\Dnvm\;C:\Program Files\Microsoft SQL Server\130\Tools\Binn\;C:\Program Files (x86)\MySQL\MySQL Server 5.1\bin;C:\Program Files (x86)\Java\jre1.8.0_321\lib\ext;C:\Users\alenj\Desktop\Alen\dbmslab\jdbc\mysql-connector-java-5.1.26;C:\Program Files\Java\jre1.8.0_321\lib\ext;C:\Program Files\Java\jdk-14.0.2\bin;C:\Users\alenj\AppData\Local\Programs\Microsoft VS Code\bin
USERNAME=alenj
OS=Windows_NT
PROCESSOR_IDENTIFIER=Intel64 Family 6 Model 78 Stepping 3, GenuineIntel



---------------  S Y S T E M  ---------------

OS: Windows 10 , 64 bit Build 19041 (10.0.19041.1645)
OS uptime: 0 days 0:10 hours

CPU:total 4 (initial active 4) (2 cores per cpu, 2 threads per core) family 6 model 78 stepping 3 microcode 0xcc, cmov, cx8, fxsr, mmx, sse, sse2, sse3, ssse3, sse4.1, sse4.2, popcnt, avx, avx2, aes, clmul, erms, 3dnowpref, lzcnt, ht, tsc, tscinvbit, bmi1, bmi2, adx, fma

Memory: 4k page, system-wide physical 3662M (472M free)
TotalPageFile size 4921M (AvailPageFile size 14M)
current process WorkingSet (physical memory assigned to process): 280M, peak: 286M
current process commit charge ("private bytes"): 308M, peak: 330M

vm_info: OpenJDK 64-Bit Server VM (11.0.12+7-b1504.28-7817840) for windows-amd64 JRE (11.0.12+7-b1504.28-7817840), built on Oct 13 2021 22:12:33 by "builder" with MS VC++ 14.0 (VS2015)

END.
