#
# There is insufficient memory for the Java Runtime Environment to continue.
# Native memory allocation (malloc) failed to allocate 2179216 bytes for Chunk::new
# Possible reasons:
#   The system is out of physical RAM or swap space
#   The process is running with CompressedOops enabled, and the Java Heap may be blocking the growth of the native heap
# Possible solutions:
#   Reduce memory load on the system
#   Increase physical memory or swap space
#   Check if swap backing store is full
#   Decrease Java heap size (-Xmx/-Xms)
#   Decrease number of Java threads
#   Decrease Java thread stack sizes (-Xss)
#   Set larger code cache with -XX:ReservedCodeCacheSize=
#   JVM is running with Unscaled Compressed Oops mode in which the Java heap is
#     placed in the first 4GB address space. The Java Heap base address is the
#     maximum limit for the native heap growth. Please use -XX:HeapBaseMinAddress
#     to set the Java Heap base and to place the Java Heap above 4GB virtual address.
# This output file may be truncated or incomplete.
#
#  Out of Memory Error (./src/hotspot/share/memory/arena.cpp:197), pid=6316, tid=6552
#
# JRE version: OpenJDK Runtime Environment (11.0.12+7) (build 11.0.12+7-b1504.28-7817840)
# Java VM: OpenJDK 64-Bit Server VM (11.0.12+7-b1504.28-7817840, mixed mode, tiered, compressed oops, g1 gc, windows-amd64)
# No core dump will be written. Minidumps are not enabled by default on client versions of Windows
#

---------------  S U M M A R Y ------------

Command Line: --add-opens=java.base/java.util=ALL-UNNAMED --add-opens=java.base/java.lang=ALL-UNNAMED --add-opens=java.base/java.lang.invoke=ALL-UNNAMED --add-opens=java.base/java.util=ALL-UNNAMED --add-opens=java.prefs/java.util.prefs=ALL-UNNAMED --add-opens=java.prefs/java.util.prefs=ALL-UNNAMED --add-opens=java.base/java.nio.charset=ALL-UNNAMED --add-opens=java.base/java.net=ALL-UNNAMED --add-opens=java.base/java.util.concurrent.atomic=ALL-UNNAMED -Xmx2048m -Dfile.encoding=UTF-8 -Duser.country=US -Duser.language=en -Duser.variant org.gradle.launcher.daemon.bootstrap.GradleDaemon 7.3.3

Host: Intel(R) Core(TM) i3-6006U CPU @ 2.00GHz, 4 cores, 3G,  Windows 10 , 64 bit Build 19041 (10.0.19041.1706)
Time: Sat Jun 18 22:18:15 2022 India Standard Time elapsed time: 13.808212 seconds (0d 0h 0m 13s)

---------------  T H R E A D  ---------------

Current thread (0x0000022520961800):  JavaThread "C2 CompilerThread1" daemon [_thread_in_native, id=6552, stack(0x000000cf6e000000,0x000000cf6e100000)]


Current CompileTask:
C2:  13808 4336 %     4       org.objectweb.asm.ClassReader::readCode @ 92 (5109 bytes)

Stack: [0x000000cf6e000000,0x000000cf6e100000]
Native frames: (J=compiled Java code, j=interpreted, Vv=VM code, C=native code)
V  [jvm.dll+0x5fbcea]
V  [jvm.dll+0x731905]
V  [jvm.dll+0x732f1d]
V  [jvm.dll+0x7335d3]
V  [jvm.dll+0x247bf8]
V  [jvm.dll+0xc018c]
V  [jvm.dll+0xc06cc]
V  [jvm.dll+0x35b31d]
V  [jvm.dll+0x328803]
V  [jvm.dll+0x327cfa]
V  [jvm.dll+0x200602]
V  [jvm.dll+0x1ff794]
V  [jvm.dll+0x18868c]
V  [jvm.dll+0x20e0d7]
V  [jvm.dll+0x20c901]
V  [jvm.dll+0x6f9b7f]
V  [jvm.dll+0x6f26a5]
V  [jvm.dll+0x5fabf6]
C  [ucrtbase.dll+0x21bb2]
C  [KERNEL32.DLL+0x17034]
C  [ntdll.dll+0x52651]


---------------  P R O C E S S  ---------------

Threads class SMR info:
_java_thread_list=0x00000225239e11c0, length=36, elements={
0x00000225037bd800, 0x000002251e294000, 0x000002251e298000, 0x000002251e2f4800,
0x000002251e2f5800, 0x000002251e2f8800, 0x000002251e302800, 0x000002251e307000,
0x000002251e30a000, 0x000002251e581800, 0x000002251fe8b800, 0x00000225205b9000,
0x000002251fc8f000, 0x0000022520c9b800, 0x000002252063c800, 0x000002251f916800,
0x000002252022a800, 0x0000022520eb3800, 0x000002252022b000, 0x00000225202f0000,
0x0000022520961800, 0x00000225202ef000, 0x00000225202f0800, 0x00000225202f3000,
0x00000225202f1800, 0x00000225202ed800, 0x00000225202f2800, 0x00000225202f4000,
0x00000225202ee800, 0x0000022523daa800, 0x0000022523da8000, 0x0000022523da5800,
0x0000022523da7000, 0x0000022523da8800, 0x0000022523dac000, 0x0000022523da6000
}

Java Threads: ( => current thread )
  0x00000225037bd800 JavaThread "main" [_thread_blocked, id=11636, stack(0x000000cf6c200000,0x000000cf6c300000)]
  0x000002251e294000 JavaThread "Reference Handler" daemon [_thread_blocked, id=848, stack(0x000000cf6c900000,0x000000cf6ca00000)]
  0x000002251e298000 JavaThread "Finalizer" daemon [_thread_blocked, id=6704, stack(0x000000cf6ca00000,0x000000cf6cb00000)]
  0x000002251e2f4800 JavaThread "Signal Dispatcher" daemon [_thread_blocked, id=2228, stack(0x000000cf6cb00000,0x000000cf6cc00000)]
  0x000002251e2f5800 JavaThread "Attach Listener" daemon [_thread_blocked, id=11312, stack(0x000000cf6cc00000,0x000000cf6cd00000)]
  0x000002251e2f8800 JavaThread "Service Thread" daemon [_thread_blocked, id=3688, stack(0x000000cf6cd00000,0x000000cf6ce00000)]
  0x000002251e302800 JavaThread "C2 CompilerThread0" daemon [_thread_in_native, id=6048, stack(0x000000cf6ce00000,0x000000cf6cf00000)]
  0x000002251e307000 JavaThread "C1 CompilerThread0" daemon [_thread_blocked, id=9532, stack(0x000000cf6cf00000,0x000000cf6d000000)]
  0x000002251e30a000 JavaThread "Sweeper thread" daemon [_thread_blocked, id=10416, stack(0x000000cf6d000000,0x000000cf6d100000)]
  0x000002251e581800 JavaThread "Common-Cleaner" daemon [_thread_blocked, id=1136, stack(0x000000cf6d100000,0x000000cf6d200000)]
  0x000002251fe8b800 JavaThread "Daemon health stats" [_thread_blocked, id=11756, stack(0x000000cf6d500000,0x000000cf6d600000)]
  0x00000225205b9000 JavaThread "Incoming local TCP Connector on port 64199" [_thread_in_native, id=8300, stack(0x000000cf6d300000,0x000000cf6d400000)]
  0x000002251fc8f000 JavaThread "Daemon periodic checks" [_thread_blocked, id=6904, stack(0x000000cf6d600000,0x000000cf6d700000)]
  0x0000022520c9b800 JavaThread "Daemon" [_thread_blocked, id=9056, stack(0x000000cf6d700000,0x000000cf6d800000)]
  0x000002252063c800 JavaThread "Handler for socket connection from /127.0.0.1:64199 to /127.0.0.1:64200" [_thread_in_native, id=4032, stack(0x000000cf6d800000,0x000000cf6d900000)]
  0x000002251f916800 JavaThread "Cancel handler" [_thread_blocked, id=10712, stack(0x000000cf6d900000,0x000000cf6da00000)]
  0x000002252022a800 JavaThread "Daemon worker" [_thread_blocked, id=6992, stack(0x000000cf6da00000,0x000000cf6db00000)]
  0x0000022520eb3800 JavaThread "Asynchronous log dispatcher for DefaultDaemonConnection: socket connection from /127.0.0.1:64199 to /127.0.0.1:64200" [_thread_blocked, id=11092, stack(0x000000cf6db00000,0x000000cf6dc00000)]
  0x000002252022b000 JavaThread "Stdin handler" [_thread_blocked, id=9792, stack(0x000000cf6dc00000,0x000000cf6dd00000)]
  0x00000225202f0000 JavaThread "Daemon client event forwarder" [_thread_blocked, id=9360, stack(0x000000cf6dd00000,0x000000cf6de00000)]
=>0x0000022520961800 JavaThread "C2 CompilerThread1" daemon [_thread_in_native, id=6552, stack(0x000000cf6e000000,0x000000cf6e100000)]
  0x00000225202ef000 JavaThread "Cache worker for journal cache (C:\Users\alenj\.gradle\caches\journal-1)" [_thread_blocked, id=5468, stack(0x000000cf6e100000,0x000000cf6e200000)]
  0x00000225202f0800 JavaThread "File lock request listener" [_thread_in_native, id=7940, stack(0x000000cf6e200000,0x000000cf6e300000)]
  0x00000225202f3000 JavaThread "Cache worker for file hash cache (C:\Users\alenj\.gradle\caches\7.3.3\fileHashes)" [_thread_blocked, id=11916, stack(0x000000cf6e300000,0x000000cf6e400000)]
  0x00000225202f1800 JavaThread "Cache worker for file hash cache (C:\Users\alenj\AndroidStudioProjects\ActivityLifeycle\.gradle\7.3.3\fileHashes)" [_thread_blocked, id=7148, stack(0x000000cf6e400000,0x000000cf6e500000)]
  0x00000225202ed800 JavaThread "File watcher server" daemon [_thread_in_native, id=6472, stack(0x000000cf6e500000,0x000000cf6e600000)]
  0x00000225202f2800 JavaThread "File watcher consumer" daemon [_thread_blocked, id=8036, stack(0x000000cf6e600000,0x000000cf6e700000)]
  0x00000225202f4000 JavaThread "jar transforms" [_thread_in_Java, id=9500, stack(0x000000cf6e700000,0x000000cf6e800000)]
  0x00000225202ee800 JavaThread "jar transforms Thread 2" [_thread_blocked, id=8424, stack(0x000000cf6e800000,0x000000cf6e900000)]
  0x0000022523daa800 JavaThread "jar transforms Thread 3" [_thread_blocked, id=5236, stack(0x000000cf6e900000,0x000000cf6ea00000)]
  0x0000022523da8000 JavaThread "jar transforms Thread 4" [_thread_blocked, id=2372, stack(0x000000cf6ea00000,0x000000cf6eb00000)]
  0x0000022523da5800 JavaThread "Cache worker for checksums cache (C:\Users\alenj\AndroidStudioProjects\ActivityLifeycle\.gradle\7.3.3\checksums)" [_thread_blocked, id=8364, stack(0x000000cf6eb00000,0x000000cf6ec00000)]
  0x0000022523da7000 JavaThread "Cache worker for cache directory md-supplier (C:\Users\alenj\.gradle\caches\7.3.3\md-supplier)" [_thread_blocked, id=11236, stack(0x000000cf6ec00000,0x000000cf6ed00000)]
  0x0000022523da8800 JavaThread "Cache worker for cache directory md-rule (C:\Users\alenj\.gradle\caches\7.3.3\md-rule)" [_thread_blocked, id=740, stack(0x000000cf6ed00000,0x000000cf6ee00000)]
  0x0000022523dac000 JavaThread "Cache worker for execution history cache (C:\Users\alenj\.gradle\caches\7.3.3\executionHistory)" [_thread_blocked, id=4264, stack(0x000000cf6ee00000,0x000000cf6ef00000)]
  0x0000022523da6000 JavaThread "Cache worker for file content cache (C:\Users\alenj\.gradle\caches\7.3.3\fileContent)" [_thread_blocked, id=7792, stack(0x000000cf6ef00000,0x000000cf6f000000)]

Other Threads:
  0x000002251e291800 VMThread "VM Thread" [stack: 0x000000cf6c800000,0x000000cf6c900000] [id=4932]
  0x000002251e5af000 WatcherThread [stack: 0x000000cf6d200000,0x000000cf6d300000] [id=4668]
  0x00000225037d7000 GCTaskThread "GC Thread#0" [stack: 0x000000cf6c300000,0x000000cf6c400000] [id=9648]
  0x000002251ed1e800 GCTaskThread "GC Thread#1" [stack: 0x000000cf6d400000,0x000000cf6d500000] [id=5240]
  0x0000022520524800 GCTaskThread "GC Thread#2" [stack: 0x000000cf6de00000,0x000000cf6df00000] [id=4976]
  0x0000022520ce2000 GCTaskThread "GC Thread#3" [stack: 0x000000cf6df00000,0x000000cf6e000000] [id=8160]
  0x0000022503806800 ConcurrentGCThread "G1 Main Marker" [stack: 0x000000cf6c400000,0x000000cf6c500000] [id=6304]
  0x0000022503808000 ConcurrentGCThread "G1 Conc#0" [stack: 0x000000cf6c500000,0x000000cf6c600000] [id=8208]
  0x000002250384f800 ConcurrentGCThread "G1 Refine#0" [stack: 0x000000cf6c600000,0x000000cf6c700000] [id=8072]
  0x0000022503850800 ConcurrentGCThread "G1 Young RemSet Sampling" [stack: 0x000000cf6c700000,0x000000cf6c800000] [id=4864]

Threads with active compile tasks:
C2 CompilerThread0  13870 4311       4       org.objectweb.asm.ClassReader::readMethod (1061 bytes)
C2 CompilerThread1  13870 4336 %     4       org.objectweb.asm.ClassReader::readCode @ 92 (5109 bytes)

VM state:not at safepoint (normal execution)

VM Mutex/Monitor currently owned by a thread: None

Heap address: 0x0000000080000000, size: 2048 MB, Compressed Oops mode: 32-bit
Narrow klass base: 0x0000000000000000, Narrow klass shift: 3
Compressed class space size: 1073741824 Address: 0x0000000100000000

Heap:
 garbage-first heap   total 124928K, used 87756K [0x0000000080000000, 0x0000000100000000)
  region size 1024K, 35 young (35840K), 1 survivors (1024K)
 Metaspace       used 44181K, capacity 45353K, committed 45568K, reserved 1089536K
  class space    used 5658K, capacity 6070K, committed 6144K, reserved 1048576K
Heap Regions: E=young(eden), S=young(survivor), O=old, HS=humongous(starts), HC=humongous(continues), CS=collection set, F=free, A=archive, TAMS=top-at-mark-start (previous, next)
|   0|0x0000000080000000, 0x0000000080100000, 0x0000000080100000|100%| O|  |TAMS 0x0000000080100000, 0x0000000080000000| Untracked 
|   1|0x0000000080100000, 0x0000000080200000, 0x0000000080200000|100%| O|  |TAMS 0x0000000080200000, 0x0000000080100000| Untracked 
|   2|0x0000000080200000, 0x0000000080300000, 0x0000000080300000|100%| O|  |TAMS 0x0000000080300000, 0x0000000080200000| Untracked 
|   3|0x0000000080300000, 0x0000000080400000, 0x0000000080400000|100%|HS|  |TAMS 0x0000000080400000, 0x0000000080300000| Complete 
|   4|0x0000000080400000, 0x0000000080500000, 0x0000000080500000|100%|HC|  |TAMS 0x0000000080500000, 0x0000000080400000| Complete 
|   5|0x0000000080500000, 0x0000000080600000, 0x0000000080600000|100%|HC|  |TAMS 0x0000000080600000, 0x0000000080500000| Complete 
|   6|0x0000000080600000, 0x0000000080700000, 0x0000000080700000|100%| O|  |TAMS 0x0000000080700000, 0x0000000080600000| Untracked 
|   7|0x0000000080700000, 0x0000000080800000, 0x0000000080800000|100%| O|  |TAMS 0x0000000080800000, 0x0000000080700000| Untracked 
|   8|0x0000000080800000, 0x0000000080900000, 0x0000000080900000|100%| O|  |TAMS 0x0000000080900000, 0x0000000080800000| Untracked 
|   9|0x0000000080900000, 0x0000000080a00000, 0x0000000080a00000|100%| O|  |TAMS 0x0000000080a00000, 0x0000000080900000| Untracked 
|  10|0x0000000080a00000, 0x0000000080b00000, 0x0000000080b00000|100%| O|  |TAMS 0x0000000080b00000, 0x0000000080a00000| Untracked 
|  11|0x0000000080b00000, 0x0000000080c00000, 0x0000000080c00000|100%| O|  |TAMS 0x0000000080c00000, 0x0000000080b00000| Untracked 
|  12|0x0000000080c00000, 0x0000000080d00000, 0x0000000080d00000|100%| O|  |TAMS 0x0000000080d00000, 0x0000000080c00000| Untracked 
|  13|0x0000000080d00000, 0x0000000080e00000, 0x0000000080e00000|100%| O|  |TAMS 0x0000000080e00000, 0x0000000080d00000| Untracked 
|  14|0x0000000080e00000, 0x0000000080f00000, 0x0000000080f00000|100%| O|  |TAMS 0x0000000080f00000, 0x0000000080e00000| Untracked 
|  15|0x0000000080f00000, 0x0000000081000000, 0x0000000081000000|100%| O|  |TAMS 0x0000000081000000, 0x0000000080f00000| Untracked 
|  16|0x0000000081000000, 0x0000000081100000, 0x0000000081100000|100%|HS|  |TAMS 0x0000000081100000, 0x0000000081000000| Complete 
|  17|0x0000000081100000, 0x0000000081200000, 0x0000000081200000|100%|HC|  |TAMS 0x0000000081200000, 0x0000000081100000| Complete 
|  18|0x0000000081200000, 0x0000000081300000, 0x0000000081300000|100%|HS|  |TAMS 0x0000000081300000, 0x0000000081200000| Complete 
|  19|0x0000000081300000, 0x0000000081400000, 0x0000000081400000|100%|HC|  |TAMS 0x0000000081400000, 0x0000000081300000| Complete 
|  20|0x0000000081400000, 0x0000000081500000, 0x0000000081500000|100%|HC|  |TAMS 0x0000000081500000, 0x0000000081400000| Complete 
|  21|0x0000000081500000, 0x0000000081600000, 0x0000000081600000|100%|HS|  |TAMS 0x0000000081600000, 0x0000000081500000| Complete 
|  22|0x0000000081600000, 0x0000000081700000, 0x0000000081700000|100%|HS|  |TAMS 0x0000000081700000, 0x0000000081600000| Complete 
|  23|0x0000000081700000, 0x0000000081800000, 0x0000000081800000|100%|HC|  |TAMS 0x0000000081800000, 0x0000000081700000| Complete 
|  24|0x0000000081800000, 0x0000000081900000, 0x0000000081900000|100%|HC|  |TAMS 0x0000000081900000, 0x0000000081800000| Complete 
|  25|0x0000000081900000, 0x0000000081a00000, 0x0000000081a00000|100%|HC|  |TAMS 0x0000000081a00000, 0x0000000081900000| Complete 
|  26|0x0000000081a00000, 0x0000000081b00000, 0x0000000081b00000|100%| O|  |TAMS 0x0000000081b00000, 0x0000000081a00000| Untracked 
|  27|0x0000000081b00000, 0x0000000081c00000, 0x0000000081c00000|100%| O|  |TAMS 0x0000000081c00000, 0x0000000081b00000| Untracked 
|  28|0x0000000081c00000, 0x0000000081d00000, 0x0000000081d00000|100%| O|  |TAMS 0x0000000081d00000, 0x0000000081c00000| Untracked 
|  29|0x0000000081d00000, 0x0000000081e00000, 0x0000000081e00000|100%| O|  |TAMS 0x0000000081e00000, 0x0000000081d00000| Untracked 
|  30|0x0000000081e00000, 0x0000000081f00000, 0x0000000081f00000|100%| O|  |TAMS 0x0000000081f00000, 0x0000000081e00000| Untracked 
|  31|0x0000000081f00000, 0x0000000082000000, 0x0000000082000000|100%| O|  |TAMS 0x0000000082000000, 0x0000000081f00000| Untracked 
|  32|0x0000000082000000, 0x0000000082100000, 0x0000000082100000|100%| O|  |TAMS 0x0000000082100000, 0x0000000082000000| Untracked 
|  33|0x0000000082100000, 0x0000000082200000, 0x0000000082200000|100%| O|  |TAMS 0x0000000082200000, 0x0000000082100000| Untracked 
|  34|0x0000000082200000, 0x0000000082300000, 0x0000000082300000|100%| O|  |TAMS 0x0000000082300000, 0x0000000082200000| Untracked 
|  35|0x0000000082300000, 0x0000000082400000, 0x0000000082400000|100%| O|  |TAMS 0x0000000082400000, 0x0000000082300000| Untracked 
|  36|0x0000000082400000, 0x0000000082500000, 0x0000000082500000|100%| O|  |TAMS 0x0000000082500000, 0x0000000082400000| Untracked 
|  37|0x0000000082500000, 0x0000000082600000, 0x0000000082600000|100%| O|  |TAMS 0x0000000082600000, 0x0000000082500000| Untracked 
|  38|0x0000000082600000, 0x0000000082700000, 0x0000000082700000|100%| O|  |TAMS 0x0000000082700000, 0x0000000082600000| Untracked 
|  39|0x0000000082700000, 0x0000000082800000, 0x0000000082800000|100%| O|  |TAMS 0x0000000082800000, 0x0000000082700000| Untracked 
|  40|0x0000000082800000, 0x0000000082900000, 0x0000000082900000|100%| O|  |TAMS 0x0000000082900000, 0x0000000082800000| Untracked 
|  41|0x0000000082900000, 0x0000000082a00000, 0x0000000082a00000|100%| O|  |TAMS 0x0000000082a00000, 0x0000000082900000| Untracked 
|  42|0x0000000082a00000, 0x0000000082b00000, 0x0000000082b00000|100%| O|  |TAMS 0x0000000082b00000, 0x0000000082a00000| Untracked 
|  43|0x0000000082b00000, 0x0000000082c00000, 0x0000000082c00000|100%| O|  |TAMS 0x0000000082c00000, 0x0000000082b00000| Untracked 
|  44|0x0000000082c00000, 0x0000000082d00000, 0x0000000082d00000|100%|HS|  |TAMS 0x0000000082d00000, 0x0000000082c00000| Complete 
|  45|0x0000000082d00000, 0x0000000082e00000, 0x0000000082e00000|100%|HC|  |TAMS 0x0000000082e00000, 0x0000000082d00000| Complete 
|  46|0x0000000082e00000, 0x0000000082f00000, 0x0000000082f00000|100%|HC|  |TAMS 0x0000000082f00000, 0x0000000082e00000| Complete 
|  47|0x0000000082f00000, 0x0000000083000000, 0x0000000083000000|100%|HC|  |TAMS 0x0000000083000000, 0x0000000082f00000| Complete 
|  48|0x0000000083000000, 0x0000000083100000, 0x0000000083100000|100%| O|  |TAMS 0x0000000083100000, 0x0000000083000000| Untracked 
|  49|0x0000000083100000, 0x0000000083200000, 0x0000000083200000|100%| O|  |TAMS 0x0000000083200000, 0x0000000083100000| Untracked 
|  50|0x0000000083200000, 0x0000000083300000, 0x0000000083300000|100%| O|  |TAMS 0x0000000083300000, 0x0000000083200000| Untracked 
|  51|0x0000000083300000, 0x00000000833db600, 0x0000000083400000| 85%| O|  |TAMS 0x00000000833db600, 0x0000000083300000| Untracked 
|  52|0x0000000083400000, 0x0000000083400000, 0x0000000083500000|  0%| F|  |TAMS 0x0000000083400000, 0x0000000083400000| Untracked 
|  53|0x0000000083500000, 0x0000000083500000, 0x0000000083600000|  0%| F|  |TAMS 0x0000000083500000, 0x0000000083500000| Untracked 
|  54|0x0000000083600000, 0x0000000083600000, 0x0000000083700000|  0%| F|  |TAMS 0x0000000083600000, 0x0000000083600000| Untracked 
|  55|0x0000000083700000, 0x0000000083700000, 0x0000000083800000|  0%| F|  |TAMS 0x0000000083700000, 0x0000000083700000| Untracked 
|  56|0x0000000083800000, 0x0000000083800000, 0x0000000083900000|  0%| F|  |TAMS 0x0000000083800000, 0x0000000083800000| Untracked 
|  57|0x0000000083900000, 0x0000000083900000, 0x0000000083a00000|  0%| F|  |TAMS 0x0000000083900000, 0x0000000083900000| Untracked 
|  58|0x0000000083a00000, 0x0000000083a00000, 0x0000000083b00000|  0%| F|  |TAMS 0x0000000083a00000, 0x0000000083a00000| Untracked 
|  59|0x0000000083b00000, 0x0000000083b00000, 0x0000000083c00000|  0%| F|  |TAMS 0x0000000083b00000, 0x0000000083b00000| Untracked 
|  60|0x0000000083c00000, 0x0000000083c00000, 0x0000000083d00000|  0%| F|  |TAMS 0x0000000083c00000, 0x0000000083c00000| Untracked 
|  61|0x0000000083d00000, 0x0000000083d00000, 0x0000000083e00000|  0%| F|  |TAMS 0x0000000083d00000, 0x0000000083d00000| Untracked 
|  62|0x0000000083e00000, 0x0000000083e00000, 0x0000000083f00000|  0%| F|  |TAMS 0x0000000083e00000, 0x0000000083e00000| Untracked 
|  63|0x0000000083f00000, 0x0000000083f00000, 0x0000000084000000|  0%| F|  |TAMS 0x0000000083f00000, 0x0000000083f00000| Untracked 
|  64|0x0000000084000000, 0x0000000084000000, 0x0000000084100000|  0%| F|  |TAMS 0x0000000084000000, 0x0000000084000000| Untracked 
|  65|0x0000000084100000, 0x0000000084100000, 0x0000000084200000|  0%| F|  |TAMS 0x0000000084100000, 0x0000000084100000| Untracked 
|  66|0x0000000084200000, 0x0000000084200000, 0x0000000084300000|  0%| F|  |TAMS 0x0000000084200000, 0x0000000084200000| Untracked 
|  67|0x0000000084300000, 0x0000000084300000, 0x0000000084400000|  0%| F|  |TAMS 0x0000000084300000, 0x0000000084300000| Untracked 
|  68|0x0000000084400000, 0x0000000084400000, 0x0000000084500000|  0%| F|  |TAMS 0x0000000084400000, 0x0000000084400000| Untracked 
|  69|0x0000000084500000, 0x0000000084500000, 0x0000000084600000|  0%| F|  |TAMS 0x0000000084500000, 0x0000000084500000| Untracked 
|  70|0x0000000084600000, 0x0000000084600000, 0x0000000084700000|  0%| F|  |TAMS 0x0000000084600000, 0x0000000084600000| Untracked 
|  71|0x0000000084700000, 0x00000000847d7a20, 0x0000000084800000| 84%| S|CS|TAMS 0x0000000084700000, 0x0000000084700000| Complete 
|  72|0x0000000084800000, 0x0000000084800000, 0x0000000084900000|  0%| F|  |TAMS 0x0000000084800000, 0x0000000084800000| Untracked 
|  73|0x0000000084900000, 0x0000000084900000, 0x0000000084a00000|  0%| F|  |TAMS 0x0000000084900000, 0x0000000084900000| Untracked 
|  74|0x0000000084a00000, 0x0000000084a00000, 0x0000000084b00000|  0%| F|  |TAMS 0x0000000084a00000, 0x0000000084a00000| Untracked 
|  75|0x0000000084b00000, 0x0000000084b00000, 0x0000000084c00000|  0%| F|  |TAMS 0x0000000084b00000, 0x0000000084b00000| Untracked 
|  76|0x0000000084c00000, 0x0000000084c00000, 0x0000000084d00000|  0%| F|  |TAMS 0x0000000084c00000, 0x0000000084c00000| Untracked 
|  77|0x0000000084d00000, 0x0000000084d00000, 0x0000000084e00000|  0%| F|  |TAMS 0x0000000084d00000, 0x0000000084d00000| Untracked 
|  78|0x0000000084e00000, 0x0000000084e00000, 0x0000000084f00000|  0%| F|  |TAMS 0x0000000084e00000, 0x0000000084e00000| Untracked 
|  79|0x0000000084f00000, 0x0000000084f00000, 0x0000000085000000|  0%| F|  |TAMS 0x0000000084f00000, 0x0000000084f00000| Untracked 
|  80|0x0000000085000000, 0x0000000085000000, 0x0000000085100000|  0%| F|  |TAMS 0x0000000085000000, 0x0000000085000000| Untracked 
|  81|0x0000000085100000, 0x0000000085100000, 0x0000000085200000|  0%| F|  |TAMS 0x0000000085100000, 0x0000000085100000| Untracked 
|  82|0x0000000085200000, 0x0000000085200000, 0x0000000085300000|  0%| F|  |TAMS 0x0000000085200000, 0x0000000085200000| Untracked 
|  83|0x0000000085300000, 0x0000000085300000, 0x0000000085400000|  0%| F|  |TAMS 0x0000000085300000, 0x0000000085300000| Untracked 
|  84|0x0000000085400000, 0x0000000085400000, 0x0000000085500000|  0%| F|  |TAMS 0x0000000085400000, 0x0000000085400000| Untracked 
|  85|0x0000000085500000, 0x0000000085500000, 0x0000000085600000|  0%| F|  |TAMS 0x0000000085500000, 0x0000000085500000| Untracked 
|  86|0x0000000085600000, 0x0000000085600000, 0x0000000085700000|  0%| F|  |TAMS 0x0000000085600000, 0x0000000085600000| Untracked 
|  87|0x0000000085700000, 0x0000000085700000, 0x0000000085800000|  0%| F|  |TAMS 0x0000000085700000, 0x0000000085700000| Untracked 
|  88|0x0000000085800000, 0x0000000085900000, 0x0000000085900000|100%| E|  |TAMS 0x0000000085800000, 0x0000000085800000| Complete 
|  89|0x0000000085900000, 0x0000000085a00000, 0x0000000085a00000|100%| E|CS|TAMS 0x0000000085900000, 0x0000000085900000| Complete 
|  90|0x0000000085a00000, 0x0000000085b00000, 0x0000000085b00000|100%| E|CS|TAMS 0x0000000085a00000, 0x0000000085a00000| Complete 
|  91|0x0000000085b00000, 0x0000000085c00000, 0x0000000085c00000|100%| E|CS|TAMS 0x0000000085b00000, 0x0000000085b00000| Complete 
|  92|0x0000000085c00000, 0x0000000085d00000, 0x0000000085d00000|100%| E|CS|TAMS 0x0000000085c00000, 0x0000000085c00000| Complete 
|  93|0x0000000085d00000, 0x0000000085e00000, 0x0000000085e00000|100%| E|CS|TAMS 0x0000000085d00000, 0x0000000085d00000| Complete 
|  94|0x0000000085e00000, 0x0000000085f00000, 0x0000000085f00000|100%| E|CS|TAMS 0x0000000085e00000, 0x0000000085e00000| Complete 
|  95|0x0000000085f00000, 0x0000000086000000, 0x0000000086000000|100%| E|CS|TAMS 0x0000000085f00000, 0x0000000085f00000| Complete 
|  96|0x0000000086000000, 0x0000000086100000, 0x0000000086100000|100%| E|CS|TAMS 0x0000000086000000, 0x0000000086000000| Complete 
|  97|0x0000000086100000, 0x0000000086200000, 0x0000000086200000|100%| E|CS|TAMS 0x0000000086100000, 0x0000000086100000| Complete 
|  98|0x0000000086200000, 0x0000000086300000, 0x0000000086300000|100%| E|CS|TAMS 0x0000000086200000, 0x0000000086200000| Complete 
|  99|0x0000000086300000, 0x0000000086400000, 0x0000000086400000|100%| E|CS|TAMS 0x0000000086300000, 0x0000000086300000| Complete 
| 100|0x0000000086400000, 0x0000000086500000, 0x0000000086500000|100%| E|CS|TAMS 0x0000000086400000, 0x0000000086400000| Complete 
| 101|0x0000000086500000, 0x0000000086600000, 0x0000000086600000|100%| E|CS|TAMS 0x0000000086500000, 0x0000000086500000| Complete 
| 102|0x0000000086600000, 0x0000000086700000, 0x0000000086700000|100%| E|CS|TAMS 0x0000000086600000, 0x0000000086600000| Complete 
| 103|0x0000000086700000, 0x0000000086800000, 0x0000000086800000|100%| E|CS|TAMS 0x0000000086700000, 0x0000000086700000| Complete 
| 104|0x0000000086800000, 0x0000000086900000, 0x0000000086900000|100%| E|CS|TAMS 0x0000000086800000, 0x0000000086800000| Complete 
| 105|0x0000000086900000, 0x0000000086a00000, 0x0000000086a00000|100%| E|CS|TAMS 0x0000000086900000, 0x0000000086900000| Complete 
| 106|0x0000000086a00000, 0x0000000086b00000, 0x0000000086b00000|100%| E|CS|TAMS 0x0000000086a00000, 0x0000000086a00000| Complete 
| 107|0x0000000086b00000, 0x0000000086c00000, 0x0000000086c00000|100%| E|CS|TAMS 0x0000000086b00000, 0x0000000086b00000| Complete 
| 108|0x0000000086c00000, 0x0000000086d00000, 0x0000000086d00000|100%| E|CS|TAMS 0x0000000086c00000, 0x0000000086c00000| Complete 
| 109|0x0000000086d00000, 0x0000000086e00000, 0x0000000086e00000|100%| E|CS|TAMS 0x0000000086d00000, 0x0000000086d00000| Complete 
| 110|0x0000000086e00000, 0x0000000086f00000, 0x0000000086f00000|100%| E|CS|TAMS 0x0000000086e00000, 0x0000000086e00000| Complete 
| 111|0x0000000086f00000, 0x0000000087000000, 0x0000000087000000|100%| E|CS|TAMS 0x0000000086f00000, 0x0000000086f00000| Complete 
| 112|0x0000000087000000, 0x0000000087100000, 0x0000000087100000|100%| E|CS|TAMS 0x0000000087000000, 0x0000000087000000| Complete 
| 113|0x0000000087100000, 0x0000000087200000, 0x0000000087200000|100%| E|CS|TAMS 0x0000000087100000, 0x0000000087100000| Complete 
| 114|0x0000000087200000, 0x0000000087300000, 0x0000000087300000|100%| E|CS|TAMS 0x0000000087200000, 0x0000000087200000| Complete 
| 115|0x0000000087300000, 0x0000000087400000, 0x0000000087400000|100%| E|CS|TAMS 0x0000000087300000, 0x0000000087300000| Complete 
| 116|0x0000000087400000, 0x0000000087500000, 0x0000000087500000|100%| E|CS|TAMS 0x0000000087400000, 0x0000000087400000| Complete 
| 117|0x0000000087500000, 0x0000000087600000, 0x0000000087600000|100%| E|CS|TAMS 0x0000000087500000, 0x0000000087500000| Complete 
| 118|0x0000000087600000, 0x0000000087700000, 0x0000000087700000|100%| E|CS|TAMS 0x0000000087600000, 0x0000000087600000| Complete 
| 119|0x0000000087700000, 0x0000000087800000, 0x0000000087800000|100%| E|CS|TAMS 0x0000000087700000, 0x0000000087700000| Complete 
| 120|0x0000000087800000, 0x0000000087900000, 0x0000000087900000|100%| E|CS|TAMS 0x0000000087800000, 0x0000000087800000| Complete 
| 121|0x0000000087900000, 0x0000000087a00000, 0x0000000087a00000|100%| E|CS|TAMS 0x0000000087900000, 0x0000000087900000| Complete 

Card table byte_map: [0x0000022516cf0000,0x00000225170f0000] _byte_map_base: 0x00000225168f0000

Marking Bits (Prev, Next): (CMBitMap*) 0x00000225037fdd18, (CMBitMap*) 0x00000225037fdd50
 Prev Bits: [0x00000225174f0000, 0x00000225194f0000)
 Next Bits: [0x00000225194f0000, 0x000002251b4f0000)

Polling page: 0x0000022501da0000

Metaspace:

Usage:
  Non-class:     38.36 MB capacity,    37.62 MB ( 98%) used,   649.65 KB (  2%) free+waste,   109.75 KB ( <1%) overhead. 
      Class:      5.93 MB capacity,     5.53 MB ( 93%) used,   358.83 KB (  6%) free+waste,    52.94 KB ( <1%) overhead. 
       Both:     44.29 MB capacity,    43.15 MB ( 97%) used,  1008.48 KB (  2%) free+waste,   162.69 KB ( <1%) overhead. 

Virtual space:
  Non-class space:       40.00 MB reserved,      38.50 MB ( 96%) committed 
      Class space:        1.00 GB reserved,       6.00 MB ( <1%) committed 
             Both:        1.04 GB reserved,      44.50 MB (  4%) committed 

Chunk freelists:
   Non-Class:  13.00 KB
       Class:  10.00 KB
        Both:  23.00 KB

MaxMetaspaceSize: 17179869184.00 GB
CompressedClassSpaceSize: 1.00 GB
Initial GC threshold: 20.80 MB
Current GC threshold: 74.17 MB
CDS: off

CodeHeap 'non-profiled nmethods': size=120064Kb used=2733Kb max_used=2733Kb free=117330Kb
 bounds [0x000002250ed90000, 0x000002250f040000, 0x00000225162d0000]
CodeHeap 'profiled nmethods': size=120000Kb used=9526Kb max_used=9526Kb free=110473Kb
 bounds [0x0000022507860000, 0x00000225081b0000, 0x000002250ed90000]
CodeHeap 'non-nmethods': size=5696Kb used=2289Kb max_used=2366Kb free=3406Kb
 bounds [0x00000225072d0000, 0x0000022507540000, 0x0000022507860000]
 total_blobs=5031 nmethods=4252 adapters=691
 compilation: enabled
              stopped_count=0, restarted_count=0
 full_count=0

Compilation events (20 events):
Event: 13.610 Thread 0x000002251e307000 4344   !   2       java.util.stream.ReferencePipeline$7$1::accept (127 bytes)
Event: 13.611 Thread 0x000002251e307000 nmethod 4344 0x00000225081a8d90 code [0x00000225081a8fe0, 0x00000225081a94f8]
Event: 13.611 Thread 0x000002251e307000 4345       2       java.util.stream.AbstractPipeline::sequential (10 bytes)
Event: 13.612 Thread 0x000002251e307000 nmethod 4345 0x00000225081a9810 code [0x00000225081a99c0, 0x00000225081a9ab8]
Event: 13.612 Thread 0x000002251e307000 4346       2       java.util.stream.AbstractPipeline::close (48 bytes)
Event: 13.612 Thread 0x000002251e307000 nmethod 4346 0x00000225081a9b90 code [0x00000225081a9d40, 0x00000225081a9f08]
Event: 13.615 Thread 0x000002251e307000 4347       2       org.gradle.internal.classpath.InstrumentingBackwardsCompatibilityVisitor$BackwardCompatibilityMethodVisitor::visitInvokeDynamicInsn (31 bytes)
Event: 13.616 Thread 0x000002251e307000 nmethod 4347 0x00000225081aa010 code [0x00000225081aa200, 0x00000225081aa5f8]
Event: 13.616 Thread 0x000002251e307000 4348       2       org.objectweb.asm.MethodWriter::visitInvokeDynamicInsn (147 bytes)
Event: 13.617 Thread 0x000002251e307000 nmethod 4348 0x00000225081aa890 code [0x00000225081aaaa0, 0x00000225081aad98]
Event: 13.617 Thread 0x000002251e307000 4349       2       org.objectweb.asm.SymbolTable::addConstantDynamicOrInvokeDynamicReference (140 bytes)
Event: 13.618 Thread 0x000002251e307000 nmethod 4349 0x00000225081ab010 code [0x00000225081ab240, 0x00000225081ab6f8]
Event: 13.618 Thread 0x000002251e307000 4350       2       org.objectweb.asm.SymbolTable::hash (19 bytes)
Event: 13.618 Thread 0x000002251e307000 nmethod 4350 0x00000225081abb10 code [0x00000225081abce0, 0x00000225081abe38]
Event: 13.634 Thread 0x000002251e307000 4351       3       org.objectweb.asm.Type::hashCode (68 bytes)
Event: 13.636 Thread 0x000002251e307000 nmethod 4351 0x00000225081abf90 code [0x00000225081ac1c0, 0x00000225081ac8f8]
Event: 13.678 Thread 0x000002251e307000 4353       2       org.objectweb.asm.SymbolTable::addBootstrapMethod (144 bytes)
Event: 13.679 Thread 0x000002251e307000 nmethod 4353 0x00000225081acc10 code [0x00000225081ace00, 0x00000225081ad1f8]
Event: 13.718 Thread 0x000002251e307000 4354       2       org.gradle.internal.logging.slf4j.OutputEventListenerBackedLogger::isLevelAtMost (20 bytes)
Event: 13.718 Thread 0x000002251e307000 nmethod 4354 0x00000225081ad510 code [0x00000225081ad6c0, 0x00000225081ad848]

GC Heap History (20 events):
Event: 11.253 GC heap before
{Heap before GC invocations=21 (full 0):
 garbage-first heap   total 103424K, used 72243K [0x0000000080000000, 0x0000000100000000)
  region size 1024K, 29 young (29696K), 2 survivors (2048K)
 Metaspace       used 44114K, capacity 45225K, committed 45312K, reserved 1089536K
  class space    used 5649K, capacity 6070K, committed 6144K, reserved 1048576K
}
Event: 11.257 GC heap after
{Heap after GC invocations=22 (full 0):
 garbage-first heap   total 103424K, used 45905K [0x0000000080000000, 0x0000000100000000)
  region size 1024K, 2 young (2048K), 2 survivors (2048K)
 Metaspace       used 44114K, capacity 45225K, committed 45312K, reserved 1089536K
  class space    used 5649K, capacity 6070K, committed 6144K, reserved 1048576K
}
Event: 11.484 GC heap before
{Heap before GC invocations=22 (full 0):
 garbage-first heap   total 103424K, used 74577K [0x0000000080000000, 0x0000000100000000)
  region size 1024K, 30 young (30720K), 2 survivors (2048K)
 Metaspace       used 44115K, capacity 45225K, committed 45312K, reserved 1089536K
  class space    used 5649K, capacity 6070K, committed 6144K, reserved 1048576K
}
Event: 11.487 GC heap after
{Heap after GC invocations=23 (full 0):
 garbage-first heap   total 103424K, used 46112K [0x0000000080000000, 0x0000000100000000)
  region size 1024K, 3 young (3072K), 3 survivors (3072K)
 Metaspace       used 44115K, capacity 45225K, committed 45312K, reserved 1089536K
  class space    used 5649K, capacity 6070K, committed 6144K, reserved 1048576K
}
Event: 11.775 GC heap before
{Heap before GC invocations=23 (full 0):
 garbage-first heap   total 103424K, used 74784K [0x0000000080000000, 0x0000000100000000)
  region size 1024K, 32 young (32768K), 3 survivors (3072K)
 Metaspace       used 44117K, capacity 45225K, committed 45312K, reserved 1089536K
  class space    used 5649K, capacity 6070K, committed 6144K, reserved 1048576K
}
Event: 11.782 GC heap after
{Heap after GC invocations=24 (full 0):
 garbage-first heap   total 103424K, used 46783K [0x0000000080000000, 0x0000000100000000)
  region size 1024K, 3 young (3072K), 3 survivors (3072K)
 Metaspace       used 44117K, capacity 45225K, committed 45312K, reserved 1089536K
  class space    used 5649K, capacity 6070K, committed 6144K, reserved 1048576K
}
Event: 12.008 GC heap before
{Heap before GC invocations=24 (full 0):
 garbage-first heap   total 103424K, used 77503K [0x0000000080000000, 0x0000000100000000)
  region size 1024K, 33 young (33792K), 3 survivors (3072K)
 Metaspace       used 44118K, capacity 45225K, committed 45312K, reserved 1089536K
  class space    used 5649K, capacity 6070K, committed 6144K, reserved 1048576K
}
Event: 12.013 GC heap after
{Heap after GC invocations=25 (full 0):
 garbage-first heap   total 103424K, used 46657K [0x0000000080000000, 0x0000000100000000)
  region size 1024K, 2 young (2048K), 2 survivors (2048K)
 Metaspace       used 44118K, capacity 45225K, committed 45312K, reserved 1089536K
  class space    used 5649K, capacity 6070K, committed 6144K, reserved 1048576K
}
Event: 12.197 GC heap before
{Heap before GC invocations=25 (full 0):
 garbage-first heap   total 103424K, used 78401K [0x0000000080000000, 0x0000000100000000)
  region size 1024K, 33 young (33792K), 2 survivors (2048K)
 Metaspace       used 44119K, capacity 45225K, committed 45312K, reserved 1089536K
  class space    used 5649K, capacity 6070K, committed 6144K, reserved 1048576K
}
Event: 12.200 GC heap after
{Heap after GC invocations=26 (full 0):
 garbage-first heap   total 103424K, used 47042K [0x0000000080000000, 0x0000000100000000)
  region size 1024K, 3 young (3072K), 3 survivors (3072K)
 Metaspace       used 44119K, capacity 45225K, committed 45312K, reserved 1089536K
  class space    used 5649K, capacity 6070K, committed 6144K, reserved 1048576K
}
Event: 12.398 GC heap before
{Heap before GC invocations=26 (full 0):
 garbage-first heap   total 103424K, used 78786K [0x0000000080000000, 0x0000000100000000)
  region size 1024K, 34 young (34816K), 3 survivors (3072K)
 Metaspace       used 44119K, capacity 45225K, committed 45312K, reserved 1089536K
  class space    used 5649K, capacity 6070K, committed 6144K, reserved 1048576K
}
Event: 12.401 GC heap after
{Heap after GC invocations=27 (full 0):
 garbage-first heap   total 103424K, used 47090K [0x0000000080000000, 0x0000000100000000)
  region size 1024K, 3 young (3072K), 3 survivors (3072K)
 Metaspace       used 44119K, capacity 45225K, committed 45312K, reserved 1089536K
  class space    used 5649K, capacity 6070K, committed 6144K, reserved 1048576K
}
Event: 12.588 GC heap before
{Heap before GC invocations=27 (full 0):
 garbage-first heap   total 103424K, used 79858K [0x0000000080000000, 0x0000000100000000)
  region size 1024K, 35 young (35840K), 3 survivors (3072K)
 Metaspace       used 44119K, capacity 45225K, committed 45312K, reserved 1089536K
  class space    used 5649K, capacity 6070K, committed 6144K, reserved 1048576K
}
Event: 12.591 GC heap after
{Heap after GC invocations=28 (full 0):
 garbage-first heap   total 103424K, used 47485K [0x0000000080000000, 0x0000000100000000)
  region size 1024K, 3 young (3072K), 3 survivors (3072K)
 Metaspace       used 44119K, capacity 45225K, committed 45312K, reserved 1089536K
  class space    used 5649K, capacity 6070K, committed 6144K, reserved 1048576K
}
Event: 12.747 GC heap before
{Heap before GC invocations=28 (full 0):
 garbage-first heap   total 103424K, used 74109K [0x0000000080000000, 0x0000000100000000)
  region size 1024K, 30 young (30720K), 3 survivors (3072K)
 Metaspace       used 44123K, capacity 45225K, committed 45312K, reserved 1089536K
  class space    used 5649K, capacity 6070K, committed 6144K, reserved 1048576K
}
Event: 12.750 GC heap after
{Heap after GC invocations=29 (full 0):
 garbage-first heap   total 103424K, used 47569K [0x0000000080000000, 0x0000000100000000)
  region size 1024K, 3 young (3072K), 3 survivors (3072K)
 Metaspace       used 44123K, capacity 45225K, committed 45312K, reserved 1089536K
  class space    used 5649K, capacity 6070K, committed 6144K, reserved 1048576K
}
Event: 13.331 GC heap before
{Heap before GC invocations=30 (full 0):
 garbage-first heap   total 103424K, used 85457K [0x0000000080000000, 0x0000000100000000)
  region size 1024K, 36 young (36864K), 3 survivors (3072K)
 Metaspace       used 44124K, capacity 45289K, committed 45568K, reserved 1089536K
  class space    used 5649K, capacity 6070K, committed 6144K, reserved 1048576K
}
Event: 13.346 GC heap after
{Heap after GC invocations=31 (full 0):
 garbage-first heap   total 103424K, used 52982K [0x0000000080000000, 0x0000000100000000)
  region size 1024K, 5 young (5120K), 5 survivors (5120K)
 Metaspace       used 44124K, capacity 45289K, committed 45568K, reserved 1089536K
  class space    used 5649K, capacity 6070K, committed 6144K, reserved 1048576K
}
Event: 13.523 GC heap before
{Heap before GC invocations=31 (full 0):
 garbage-first heap   total 103424K, used 82678K [0x0000000080000000, 0x0000000100000000)
  region size 1024K, 34 young (34816K), 5 survivors (5120K)
 Metaspace       used 44130K, capacity 45289K, committed 45568K, reserved 1089536K
  class space    used 5649K, capacity 6070K, committed 6144K, reserved 1048576K
}
Event: 13.533 GC heap after
{Heap after GC invocations=32 (full 0):
 garbage-first heap   total 124928K, used 53964K [0x0000000080000000, 0x0000000100000000)
  region size 1024K, 1 young (1024K), 1 survivors (1024K)
 Metaspace       used 44130K, capacity 45289K, committed 45568K, reserved 1089536K
  class space    used 5649K, capacity 6070K, committed 6144K, reserved 1048576K
}

Deoptimization events (20 events):
Event: 13.500 Thread 0x00000225202f4000 DEOPT PACKING pc=0x00000225081847be sp=0x000000cf6e7fdc60
Event: 13.500 Thread 0x00000225202f4000 DEOPT UNPACKING pc=0x000002250731a95e sp=0x000000cf6e7fd2d0 mode 0
Event: 13.513 Thread 0x00000225202f4000 DEOPT PACKING pc=0x0000022508184172 sp=0x000000cf6e7fdc60
Event: 13.513 Thread 0x00000225202f4000 DEOPT UNPACKING pc=0x000002250731a95e sp=0x000000cf6e7fd2d0 mode 0
Event: 13.541 Thread 0x00000225202f4000 DEOPT PACKING pc=0x000002250818507a sp=0x000000cf6e7fdc60
Event: 13.541 Thread 0x00000225202f4000 DEOPT UNPACKING pc=0x000002250731a95e sp=0x000000cf6e7fd2d0 mode 0
Event: 13.636 Thread 0x00000225202f4000 DEOPT PACKING pc=0x00000225081160cb sp=0x000000cf6e7fd760
Event: 13.636 Thread 0x00000225202f4000 DEOPT UNPACKING pc=0x000002250731a95e sp=0x000000cf6e7fcc78 mode 0
Event: 13.683 Thread 0x00000225202f4000 DEOPT PACKING pc=0x000002250818507a sp=0x000000cf6e7fdc60
Event: 13.683 Thread 0x00000225202f4000 DEOPT UNPACKING pc=0x000002250731a95e sp=0x000000cf6e7fd2d0 mode 0
Event: 13.692 Thread 0x00000225202f4000 DEOPT PACKING pc=0x0000022508184172 sp=0x000000cf6e7fdc60
Event: 13.692 Thread 0x00000225202f4000 DEOPT UNPACKING pc=0x000002250731a95e sp=0x000000cf6e7fd2d0 mode 0
Event: 13.731 Thread 0x00000225202f4000 DEOPT PACKING pc=0x000002250818507a sp=0x000000cf6e7fdc60
Event: 13.731 Thread 0x00000225202f4000 DEOPT UNPACKING pc=0x000002250731a95e sp=0x000000cf6e7fd2d0 mode 0
Event: 13.753 Thread 0x00000225202f4000 DEOPT PACKING pc=0x000002250818507a sp=0x000000cf6e7fdc60
Event: 13.753 Thread 0x00000225202f4000 DEOPT UNPACKING pc=0x000002250731a95e sp=0x000000cf6e7fd2d0 mode 0
Event: 13.770 Thread 0x00000225202f4000 DEOPT PACKING pc=0x0000022508184172 sp=0x000000cf6e7fdc60
Event: 13.770 Thread 0x00000225202f4000 DEOPT UNPACKING pc=0x000002250731a95e sp=0x000000cf6e7fd2d0 mode 0
Event: 13.790 Thread 0x00000225202f4000 DEOPT PACKING pc=0x0000022508184172 sp=0x000000cf6e7fdc60
Event: 13.790 Thread 0x00000225202f4000 DEOPT UNPACKING pc=0x000002250731a95e sp=0x000000cf6e7fd2d0 mode 0

Classes redefined (0 events):
No events

Internal exceptions (20 events):
Event: 8.975 Thread 0x000002252022a800 Exception <a 'java/lang/ClassNotFoundException'{0x0000000084459570}: groovy/lang/ClosureCustomizer> (0x0000000084459570) thrown at [./src/hotspot/share/classfile/systemDictionary.cpp, line 231]
Event: 8.982 Thread 0x000002252022a800 Exception <a 'java/lang/ClassNotFoundException'{0x00000000844af4d8}: groovy/lang/Closure$1Customizer> (0x00000000844af4d8) thrown at [./src/hotspot/share/classfile/systemDictionary.cpp, line 231]
Event: 9.075 Thread 0x0000022523da8000 Exception <a 'sun/nio/fs/WindowsException'{0x0000000084397558}> (0x0000000084397558) thrown at [./src/hotspot/share/prims/jni.cpp, line 615]
Event: 9.196 Thread 0x0000022523da8000 Exception <a 'sun/nio/fs/WindowsException'{0x00000000842e3d28}> (0x00000000842e3d28) thrown at [./src/hotspot/share/prims/jni.cpp, line 615]
Event: 9.200 Thread 0x0000022523da8000 Exception <a 'sun/nio/fs/WindowsException'{0x00000000842e3f38}> (0x00000000842e3f38) thrown at [./src/hotspot/share/prims/jni.cpp, line 615]
Event: 9.235 Thread 0x000002252022a800 Exception <a 'java/lang/ClassNotFoundException'{0x0000000084171d50}: sync_studio_tooling5_6mp4wlezg8jsq19m09pppu0yhBeanInfo> (0x0000000084171d50) thrown at [./src/hotspot/share/classfile/systemDictionary.cpp, line 231]
Event: 9.236 Thread 0x000002252022a800 Exception <a 'java/lang/ClassNotFoundException'{0x000000008417ece0}: sync_studio_tooling5_6mp4wlezg8jsq19m09pppu0yhCustomizer> (0x000000008417ece0) thrown at [./src/hotspot/share/classfile/systemDictionary.cpp, line 231]
Event: 9.257 Thread 0x000002252022a800 Exception <a 'java/lang/ClassNotFoundException'{0x00000000841f8440}: org/gradle/internal/metaobject/ConfigureDelegateBeanInfo> (0x00000000841f8440) thrown at [./src/hotspot/share/classfile/systemDictionary.cpp, line 231]
Event: 9.259 Thread 0x000002252022a800 Exception <a 'java/lang/ClassNotFoundException'{0x000000008401eff0}: org/gradle/internal/metaobject/ConfigureDelegateCustomizer> (0x000000008401eff0) thrown at [./src/hotspot/share/classfile/systemDictionary.cpp, line 231]
Event: 9.279 Thread 0x000002252022a800 Exception <a 'java/lang/ClassNotFoundException'{0x00000000840a0178}: org/gradle/api/internal/initialization/DefaultScriptHandlerBeanInfo> (0x00000000840a0178) thrown at [./src/hotspot/share/classfile/systemDictionary.cpp, line 231]
Event: 9.280 Thread 0x000002252022a800 Exception <a 'java/lang/ClassNotFoundException'{0x00000000840ca0e8}: org/gradle/api/internal/initialization/DefaultScriptHandlerCustomizer> (0x00000000840ca0e8) thrown at [./src/hotspot/share/classfile/systemDictionary.cpp, line 231]
Event: 9.516 Thread 0x000002252022a800 Exception <a 'java/lang/ClassNotFoundException'{0x00000000851d5c78}: org/gradle/api/internal/artifacts/dsl/dependencies/DefaultDependencyHandler_DecoratedBeanInfo> (0x00000000851d5c78) thrown at [./src/hotspot/share/classfile/systemDictionary.cpp, line 231]
Event: 9.518 Thread 0x000002252022a800 Exception <a 'java/lang/ClassNotFoundException'{0x0000000085014838}: org/gradle/api/internal/artifacts/dsl/dependencies/DefaultDependencyHandlerBeanInfo> (0x0000000085014838) thrown at [./src/hotspot/share/classfile/systemDictionary.cpp, line 231]
Event: 9.519 Thread 0x000002252022a800 Exception <a 'java/lang/ClassNotFoundException'{0x0000000085053100}: org/gradle/api/internal/artifacts/dsl/dependencies/DefaultDependencyHandlerCustomizer> (0x0000000085053100) thrown at [./src/hotspot/share/classfile/systemDictionary.cpp, line 231]
Event: 9.523 Thread 0x000002252022a800 Exception <a 'java/lang/ClassNotFoundException'{0x00000000850b8eb0}: org/gradle/api/internal/artifacts/dsl/dependencies/DefaultDependencyHandler_DecoratedCustomizer> (0x00000000850b8eb0) thrown at [./src/hotspot/share/classfile/systemDictionary.cpp, line 231]
Event: 9.763 Thread 0x000002252022a800 Exception <a 'java/lang/NoSuchMethodError'{0x00000000844ddb20}: 'int java.lang.invoke.DirectMethodHandle$Holder.invokeInterface(java.lang.Object, java.lang.Object)'> (0x00000000844ddb20) thrown at [./src/hotspot/share/interpreter/linkResolver.cpp, line 773]
Event: 9.763 Thread 0x000002252022a800 Exception <a 'java/lang/IncompatibleClassChangeError'{0x00000000844e1600}: Found class java.lang.Object, but interface was expected> (0x00000000844e1600) thrown at [./src/hotspot/share/interpreter/linkResolver.cpp, line 839]
Event: 9.896 Thread 0x000002252022a800 Exception <a 'java/lang/NoSuchMethodError'{0x0000000083c660a0}: 'java.lang.Object java.lang.invoke.Invokers$Holder.linkToTargetMethod(java.lang.Object, int, java.lang.Object)'> (0x0000000083c660a0) thrown at [./src/hotspot/share/interpreter/linkResolver.cpp, line 773]
Event: 9.946 Thread 0x000002252022a800 Exception <a 'java/lang/NoSuchMethodError'{0x0000000083ade9c0}: 'int java.lang.invoke.DirectMethodHandle$Holder.invokeStaticInit(java.lang.Object)'> (0x0000000083ade9c0) thrown at [./src/hotspot/share/interpreter/linkResolver.cpp, line 773]
Event: 10.107 Thread 0x00000225202f4000 Exception <a 'sun/nio/fs/WindowsException'{0x0000000084a784f0}> (0x0000000084a784f0) thrown at [./src/hotspot/share/prims/jni.cpp, line 615]

Events (20 events):
Event: 13.711 loading class org/gradle/launcher/daemon/server/health/DaemonMemoryStatus$2
Event: 13.711 loading class org/gradle/launcher/daemon/server/health/DaemonMemoryStatus$2 done
Event: 13.712 loading class org/gradle/launcher/daemon/server/CompatibleDaemonExpirationStrategy$1
Event: 13.712 loading class org/gradle/launcher/daemon/server/CompatibleDaemonExpirationStrategy$1 done
Event: 13.712 loading class org/gradle/launcher/daemon/registry/PersistentDaemonRegistry$1
Event: 13.712 loading class org/gradle/launcher/daemon/registry/PersistentDaemonRegistry$1 done
Event: 13.713 loading class org/gradle/cache/internal/SimpleStateCache$1
Event: 13.713 loading class org/gradle/cache/internal/SimpleStateCache$1 done
Event: 13.719 loading class org/gradle/launcher/daemon/server/DaemonRegistryUnavailableExpirationStrategy$1
Event: 13.719 loading class org/gradle/launcher/daemon/server/DaemonRegistryUnavailableExpirationStrategy$1 done
Event: 13.719 loading class com/google/common/collect/Lists$TransformingSequentialList
Event: 13.719 loading class com/google/common/collect/Lists$TransformingSequentialList done
Event: 13.720 loading class com/google/common/collect/Lists$TransformingSequentialList$1
Event: 13.720 loading class com/google/common/collect/Lists$TransformingSequentialList$1 done
Event: 13.721 loading class com/google/common/collect/TransformedListIterator
Event: 13.721 loading class com/google/common/collect/TransformedListIterator done
Event: 13.722 loading class com/google/common/collect/TransformedIterator
Event: 13.722 loading class com/google/common/collect/TransformedIterator done
Event: 13.728 Executing VM operation: CGC_Operation
Event: 13.728 Executing VM operation: CGC_Operation done


Dynamic libraries:
0x00007ff69ceb0000 - 0x00007ff69ceba000 	C:\Program Files\Android\Android Studio\jre\bin\java.exe
0x00007ffbd0af0000 - 0x00007ffbd0ce5000 	C:\Windows\SYSTEM32\ntdll.dll
0x00007ffbcfaf0000 - 0x00007ffbcfbad000 	C:\Windows\System32\KERNEL32.DLL
0x00007ffbce4e0000 - 0x00007ffbce7ad000 	C:\Windows\System32\KERNELBASE.dll
0x00007ffbcea40000 - 0x00007ffbceb40000 	C:\Windows\System32\ucrtbase.dll
0x00007ffbc3990000 - 0x00007ffbc39a7000 	C:\Program Files\Android\Android Studio\jre\bin\VCRUNTIME140.dll
0x00007ffbc3af0000 - 0x00007ffbc3b09000 	C:\Program Files\Android\Android Studio\jre\bin\jli.dll
0x00007ffbcfde0000 - 0x00007ffbcff80000 	C:\Windows\System32\USER32.dll
0x00007ffbce960000 - 0x00007ffbce982000 	C:\Windows\System32\win32u.dll
0x00007ffbcfac0000 - 0x00007ffbcfaea000 	C:\Windows\System32\GDI32.dll
0x00007ffbce7b0000 - 0x00007ffbce8bb000 	C:\Windows\System32\gdi32full.dll
0x00007ffbce8c0000 - 0x00007ffbce95d000 	C:\Windows\System32\msvcp_win.dll
0x00007ffbc54d0000 - 0x00007ffbc576a000 	C:\Windows\WinSxS\amd64_microsoft.windows.common-controls_6595b64144ccf1df_6.0.19041.1110_none_60b5254171f9507e\COMCTL32.dll
0x00007ffbd0040000 - 0x00007ffbd00de000 	C:\Windows\System32\msvcrt.dll
0x00007ffbd0a80000 - 0x00007ffbd0ab0000 	C:\Windows\System32\IMM32.DLL
0x00007ffb9e900000 - 0x00007ffb9e99d000 	C:\Program Files\Android\Android Studio\jre\bin\msvcp140.dll
0x00007ffb726f0000 - 0x00007ffb731d5000 	C:\Program Files\Android\Android Studio\jre\bin\server\jvm.dll
0x00007ffbcff80000 - 0x00007ffbd002e000 	C:\Windows\System32\ADVAPI32.dll
0x00007ffbd09e0000 - 0x00007ffbd0a7c000 	C:\Windows\System32\sechost.dll
0x00007ffbd02a0000 - 0x00007ffbd03c5000 	C:\Windows\System32\RPCRT4.dll
0x00007ffbcf390000 - 0x00007ffbcf398000 	C:\Windows\System32\PSAPI.DLL
0x00007ffbc8cb0000 - 0x00007ffbc8cb9000 	C:\Windows\SYSTEM32\WSOCK32.dll
0x00007ffbcfbc0000 - 0x00007ffbcfc2b000 	C:\Windows\System32\WS2_32.dll
0x00007ffbbbfe0000 - 0x00007ffbbc007000 	C:\Windows\SYSTEM32\WINMM.dll
0x00007ffbc46b0000 - 0x00007ffbc46ba000 	C:\Windows\SYSTEM32\VERSION.dll
0x00007ffbcca90000 - 0x00007ffbccaa2000 	C:\Windows\SYSTEM32\kernel.appcore.dll
0x00007ffbc7ce0000 - 0x00007ffbc7cf1000 	C:\Program Files\Android\Android Studio\jre\bin\verify.dll
0x00007ffbc6ad0000 - 0x00007ffbc6cb4000 	C:\Windows\SYSTEM32\DBGHELP.DLL
0x00007ffbc6a80000 - 0x00007ffbc6aac000 	C:\Windows\SYSTEM32\dbgcore.DLL
0x00007ffbce3e0000 - 0x00007ffbce462000 	C:\Windows\System32\bcryptPrimitives.dll
0x00007ffbc7cb0000 - 0x00007ffbc7cd9000 	C:\Program Files\Android\Android Studio\jre\bin\java.dll
0x00007ffbc7c80000 - 0x00007ffbc7c8b000 	C:\Program Files\Android\Android Studio\jre\bin\jimage.dll
0x00007ffbc7b00000 - 0x00007ffbc7b18000 	C:\Program Files\Android\Android Studio\jre\bin\zip.dll
0x00007ffbceb40000 - 0x00007ffbcf284000 	C:\Windows\System32\SHELL32.dll
0x00007ffbcc0d0000 - 0x00007ffbcc864000 	C:\Windows\SYSTEM32\windows.storage.dll
0x00007ffbd0680000 - 0x00007ffbd09d4000 	C:\Windows\System32\combase.dll
0x00007ffbcdb90000 - 0x00007ffbcdbbc000 	C:\Windows\SYSTEM32\Wldp.dll
0x00007ffbcf820000 - 0x00007ffbcf8cd000 	C:\Windows\System32\SHCORE.dll
0x00007ffbcfa60000 - 0x00007ffbcfab5000 	C:\Windows\System32\shlwapi.dll
0x00007ffbce140000 - 0x00007ffbce15f000 	C:\Windows\SYSTEM32\profapi.dll
0x00007ffbc7a00000 - 0x00007ffbc7a1a000 	C:\Program Files\Android\Android Studio\jre\bin\net.dll
0x00007ffbc3dc0000 - 0x00007ffbc3eca000 	C:\Windows\SYSTEM32\WINHTTP.dll
0x00007ffbcd8f0000 - 0x00007ffbcd95a000 	C:\Windows\system32\mswsock.dll
0x00007ffbc3b50000 - 0x00007ffbc3b64000 	C:\Program Files\Android\Android Studio\jre\bin\nio.dll
0x00007ffbc3b10000 - 0x00007ffbc3b37000 	C:\Users\alenj\.gradle\native\e1d6ef7f7dcc3fd88c89a11ec53ec762bb8ba0a96d01ffa2cd45eb1d1d8dd5c5\windows-amd64\native-platform.dll
0x00007ffb9e6f0000 - 0x00007ffb9e834000 	C:\Users\alenj\.gradle\native\5664cfc778a61ccfe75a443a1ab52a65af34e5dc3c78e0209fed803814484fcb\windows-amd64\native-platform-file-events.dll
0x00007ffbc7c70000 - 0x00007ffbc7c7a000 	C:\Program Files\Android\Android Studio\jre\bin\management.dll
0x00007ffbc7b60000 - 0x00007ffbc7b6d000 	C:\Program Files\Android\Android Studio\jre\bin\management_ext.dll
0x00007ffbcdaf0000 - 0x00007ffbcdb08000 	C:\Windows\SYSTEM32\CRYPTSP.dll
0x00007ffbcd270000 - 0x00007ffbcd2a4000 	C:\Windows\system32\rsaenh.dll
0x00007ffbce250000 - 0x00007ffbce277000 	C:\Windows\System32\bcrypt.dll
0x00007ffbce100000 - 0x00007ffbce12e000 	C:\Windows\SYSTEM32\USERENV.dll
0x00007ffbcdae0000 - 0x00007ffbcdaec000 	C:\Windows\SYSTEM32\CRYPTBASE.dll
0x00007ffbcd5e0000 - 0x00007ffbcd61b000 	C:\Windows\SYSTEM32\IPHLPAPI.DLL
0x00007ffbcfbb0000 - 0x00007ffbcfbb8000 	C:\Windows\System32\NSI.dll
0x00007ffbc4ca0000 - 0x00007ffbc4cb7000 	C:\Windows\SYSTEM32\dhcpcsvc6.DLL
0x00007ffbc5db0000 - 0x00007ffbc5dcd000 	C:\Windows\SYSTEM32\dhcpcsvc.DLL
0x00007ffbcd620000 - 0x00007ffbcd6eb000 	C:\Windows\SYSTEM32\DNSAPI.dll

dbghelp: loaded successfully - version: 4.0.5 - missing functions: none
symbol engine: initialized successfully - sym options: 0x614 - pdb path: .;C:\Program Files\Android\Android Studio\jre\bin;C:\Windows\SYSTEM32;C:\Windows\WinSxS\amd64_microsoft.windows.common-controls_6595b64144ccf1df_6.0.19041.1110_none_60b5254171f9507e;C:\Program Files\Android\Android Studio\jre\bin\server;C:\Users\alenj\.gradle\native\e1d6ef7f7dcc3fd88c89a11ec53ec762bb8ba0a96d01ffa2cd45eb1d1d8dd5c5\windows-amd64;C:\Users\alenj\.gradle\native\5664cfc778a61ccfe75a443a1ab52a65af34e5dc3c78e0209fed803814484fcb\windows-amd64

VM Arguments:
jvm_args: --add-opens=java.base/java.util=ALL-UNNAMED --add-opens=java.base/java.lang=ALL-UNNAMED --add-opens=java.base/java.lang.invoke=ALL-UNNAMED --add-opens=java.base/java.util=ALL-UNNAMED --add-opens=java.prefs/java.util.prefs=ALL-UNNAMED --add-opens=java.prefs/java.util.prefs=ALL-UNNAMED --add-opens=java.base/java.nio.charset=ALL-UNNAMED --add-opens=java.base/java.net=ALL-UNNAMED --add-opens=java.base/java.util.concurrent.atomic=ALL-UNNAMED -Xmx2048m -Dfile.encoding=UTF-8 -Duser.country=US -Duser.language=en -Duser.variant 
java_command: org.gradle.launcher.daemon.bootstrap.GradleDaemon 7.3.3
java_class_path (initial): C:\Users\alenj\.gradle\wrapper\dists\gradle-7.3.3-bin\6a41zxkdtcxs8rphpq6y0069z\gradle-7.3.3\lib\gradle-launcher-7.3.3.jar
Launcher Type: SUN_STANDARD

[Global flags]
     intx CICompilerCount                          = 3                                         {product} {ergonomic}
     uint ConcGCThreads                            = 1                                         {product} {ergonomic}
     uint G1ConcRefinementThreads                  = 4                                         {product} {ergonomic}
   size_t G1HeapRegionSize                         = 1048576                                   {product} {ergonomic}
    uintx GCDrainStackTargetSize                   = 64                                        {product} {ergonomic}
   size_t InitialHeapSize                          = 60817408                                  {product} {ergonomic}
   size_t MarkStackSize                            = 4194304                                   {product} {ergonomic}
   size_t MaxHeapSize                              = 2147483648                                {product} {command line}
   size_t MaxNewSize                               = 1287651328                                {product} {ergonomic}
   size_t MinHeapDeltaBytes                        = 1048576                                   {product} {ergonomic}
    uintx NonNMethodCodeHeapSize                   = 5830732                                {pd product} {ergonomic}
    uintx NonProfiledCodeHeapSize                  = 122913754                              {pd product} {ergonomic}
    uintx ProfiledCodeHeapSize                     = 122913754                              {pd product} {ergonomic}
    uintx ReservedCodeCacheSize                    = 251658240                              {pd product} {ergonomic}
     bool SegmentedCodeCache                       = true                                      {product} {ergonomic}
     bool UseCompressedClassPointers               = true                                 {lp64_product} {ergonomic}
     bool UseCompressedOops                        = true                                 {lp64_product} {ergonomic}
     bool UseG1GC                                  = true                                      {product} {ergonomic}
     bool UseLargePagesIndividualAllocation        = false                                  {pd product} {ergonomic}

Logging:
Log output configuration:
 #0: stdout all=warning uptime,level,tags
 #1: stderr all=off uptime,level,tags

Environment Variables:
CLASSPATH=C:\mysql-connector-java-8.0.28.jar
PATH=C:\Program Files\Java\jdk-14.0.2\bin;C:\Program Files (x86)\MySQL\Connector J 8.0;C:\Windows\system32;C:\Windows;C:\Windows\System32\Wbem;C:\Windows\System32\WindowsPowerShell\v1.0\;C:\Windows\System32\OpenSSH\;C:\TDM-GCC-64\bin;C:\Windows\system32\config\systemprofile\.dnx\bin;C:\Program Files\Microsoft DNX\Dnvm\;C:\Program Files\Microsoft SQL Server\130\Tools\Binn\;C:\Program Files (x86)\MySQL\MySQL Server 5.1\bin;C:\Program Files (x86)\Java\jre1.8.0_321\lib\ext;C:\Users\alenj\Desktop\Alen\dbmslab\jdbc\mysql-connector-java-5.1.26;C:\Program Files\Java\jre1.8.0_321\lib\ext;C:\Program Files\Java\jdk-14.0.2\bin;C:\Users\alenj\AppData\Local\Programs\Microsoft VS Code\bin
USERNAME=alenj
OS=Windows_NT
PROCESSOR_IDENTIFIER=Intel64 Family 6 Model 78 Stepping 3, GenuineIntel



---------------  S Y S T E M  ---------------

OS: Windows 10 , 64 bit Build 19041 (10.0.19041.1706)
OS uptime: 1 days 1:47 hours

CPU:total 4 (initial active 4) (2 cores per cpu, 2 threads per core) family 6 model 78 stepping 3 microcode 0xcc, cmov, cx8, fxsr, mmx, sse, sse2, sse3, ssse3, sse4.1, sse4.2, popcnt, avx, avx2, aes, clmul, erms, 3dnowpref, lzcnt, ht, tsc, tscinvbit, bmi1, bmi2, adx, fma

Memory: 4k page, system-wide physical 3662M (308M free)
TotalPageFile size 5710M (AvailPageFile size 4M)
current process WorkingSet (physical memory assigned to process): 305M, peak: 305M
current process commit charge ("private bytes"): 334M, peak: 336M

vm_info: OpenJDK 64-Bit Server VM (11.0.12+7-b1504.28-7817840) for windows-amd64 JRE (11.0.12+7-b1504.28-7817840), built on Oct 13 2021 22:12:33 by "builder" with MS VC++ 14.0 (VS2015)

END.
