#
# There is insufficient memory for the Java Runtime Environment to continue.
# Native memory allocation (mmap) failed to map 17825792 bytes for Failed to commit area from 0x0000000085400000 to 0x0000000086500000 of length 17825792.
# Possible reasons:
#   The system is out of physical RAM or swap space
#   The process is running with CompressedOops enabled, and the Java Heap may be blocking the growth of the native heap
# Possible solutions:
#   Reduce memory load on the system
#   Increase physical memory or swap space
#   Check if swap backing store is full
#   Decrease Java heap size (-Xmx/-Xms)
#   Decrease number of Java threads
#   Decrease Java thread stack sizes (-Xss)
#   Set larger code cache with -XX:ReservedCodeCacheSize=
#   JVM is running with Unscaled Compressed Oops mode in which the Java heap is
#     placed in the first 4GB address space. The Java Heap base address is the
#     maximum limit for the native heap growth. Please use -XX:HeapBaseMinAddress
#     to set the Java Heap base and to place the Java Heap above 4GB virtual address.
# This output file may be truncated or incomplete.
#
#  Out of Memory Error (./src/hotspot/os/windows/os_windows.cpp:3521), pid=11060, tid=6060
#
# JRE version: OpenJDK Runtime Environment (11.0.12+7) (build 11.0.12+7-b1504.28-7817840)
# Java VM: OpenJDK 64-Bit Server VM (11.0.12+7-b1504.28-7817840, mixed mode, tiered, compressed oops, g1 gc, windows-amd64)
# No core dump will be written. Minidumps are not enabled by default on client versions of Windows
#

---------------  S U M M A R Y ------------

Command Line: --add-opens=java.base/java.util=ALL-UNNAMED --add-opens=java.base/java.lang=ALL-UNNAMED --add-opens=java.base/java.lang.invoke=ALL-UNNAMED --add-opens=java.base/java.util=ALL-UNNAMED --add-opens=java.prefs/java.util.prefs=ALL-UNNAMED --add-opens=java.prefs/java.util.prefs=ALL-UNNAMED --add-opens=java.base/java.nio.charset=ALL-UNNAMED --add-opens=java.base/java.net=ALL-UNNAMED --add-opens=java.base/java.util.concurrent.atomic=ALL-UNNAMED -Xmx2048m -Dfile.encoding=UTF-8 -Duser.country=US -Duser.language=en -Duser.variant org.gradle.launcher.daemon.bootstrap.GradleDaemon 7.3.3

Host: Intel(R) Core(TM) i3-6006U CPU @ 2.00GHz, 4 cores, 3G,  Windows 10 , 64 bit Build 19041 (10.0.19041.1706)
Time: Sat Jun 18 22:17:45 2022 India Standard Time elapsed time: 16.647457 seconds (0d 0h 0m 16s)

---------------  T H R E A D  ---------------

Current thread (0x000001934bdd1800):  VMThread "VM Thread" [stack: 0x00000067df000000,0x00000067df100000] [id=6060]

Stack: [0x00000067df000000,0x00000067df100000]
[error occurred during error reporting (printing stack bounds), id 0xc0000005, EXCEPTION_ACCESS_VIOLATION (0xc0000005) at pc=0x000001933553112d]

Native frames: (J=compiled Java code, j=interpreted, Vv=VM code, C=native code)
V  [jvm.dll+0x5fbcea]
V  [jvm.dll+0x731905]
V  [jvm.dll+0x732f1d]
V  [jvm.dll+0x733535]
V  [jvm.dll+0x7334eb]
V  [jvm.dll+0x5fb080]
V  [jvm.dll+0x5fb818]
C  [ntdll.dll+0xa209f]
C  [ntdll.dll+0x51454]
C  [ntdll.dll+0xa0bce]
C  0x000001933553112d

VM_Operation (0x00000067e0ffe2e0): G1CollectForAllocation, mode: safepoint, requested by thread 0x000001934c1f8800


---------------  P R O C E S S  ---------------

Threads class SMR info:
_java_thread_list=0x000001934e7335a0, length=35, elements={
0x0000019331a23800, 0x000001934bdd6000, 0x000001934bdde800, 0x000001934be36000,
0x000001934be37000, 0x000001934be39800, 0x000001934be3f000, 0x000001934be46000,
0x000001934be47800, 0x000001934c0ab800, 0x000001934d04e000, 0x000001934dc88800,
0x000001934e388800, 0x000001934e3b2000, 0x000001934ca2a000, 0x000001934e2e6800,
0x000001934e2e7800, 0x000001934c910800, 0x000001934d377800, 0x000001934c1f9800,
0x000001934c1fb000, 0x000001934c1fb800, 0x000001934c1fa000, 0x000001934c1f7000,
0x000001934c1f7800, 0x000001934c1fc800, 0x000001934c1fd800, 0x000001934c1f8800,
0x000001934e203000, 0x000001934e204000, 0x000001934e1fe800, 0x000001934e205000,
0x000001934e1ff000, 0x000001934e200800, 0x000001934e206800
}

Java Threads: ( => current thread )
  0x0000019331a23800 JavaThread "main" [_thread_blocked, id=7816, stack(0x00000067dea00000,0x00000067deb00000)]
  0x000001934bdd6000 JavaThread "Reference Handler" daemon [_thread_blocked, id=11396, stack(0x00000067df100000,0x00000067df200000)]
  0x000001934bdde800 JavaThread "Finalizer" daemon [_thread_blocked, id=2296, stack(0x00000067df200000,0x00000067df300000)]
  0x000001934be36000 JavaThread "Signal Dispatcher" daemon [_thread_blocked, id=4276, stack(0x00000067df300000,0x00000067df400000)]
  0x000001934be37000 JavaThread "Attach Listener" daemon [_thread_blocked, id=2280, stack(0x00000067df400000,0x00000067df500000)]
  0x000001934be39800 JavaThread "Service Thread" daemon [_thread_blocked, id=6696, stack(0x00000067df500000,0x00000067df600000)]
  0x000001934be3f000 JavaThread "C2 CompilerThread0" daemon [_thread_in_native, id=3844, stack(0x00000067df600000,0x00000067df700000)]
  0x000001934be46000 JavaThread "C1 CompilerThread0" daemon [_thread_blocked, id=11384, stack(0x00000067df700000,0x00000067df800000)]
  0x000001934be47800 JavaThread "Sweeper thread" daemon [_thread_blocked, id=6524, stack(0x00000067df800000,0x00000067df900000)]
  0x000001934c0ab800 JavaThread "Common-Cleaner" daemon [_thread_blocked, id=8548, stack(0x00000067df900000,0x00000067dfa00000)]
  0x000001934d04e000 JavaThread "Daemon health stats" [_thread_blocked, id=10976, stack(0x00000067dfc00000,0x00000067dfd00000)]
  0x000001934dc88800 JavaThread "Incoming local TCP Connector on port 64189" [_thread_in_native, id=376, stack(0x00000067dfd00000,0x00000067dfe00000)]
  0x000001934e388800 JavaThread "Daemon periodic checks" [_thread_blocked, id=10024, stack(0x00000067dfe00000,0x00000067dff00000)]
  0x000001934e3b2000 JavaThread "Daemon" [_thread_blocked, id=6336, stack(0x00000067dff00000,0x00000067e0000000)]
  0x000001934ca2a000 JavaThread "Handler for socket connection from /127.0.0.1:64189 to /127.0.0.1:64190" [_thread_in_native, id=12208, stack(0x00000067e0000000,0x00000067e0100000)]
  0x000001934e2e6800 JavaThread "Cancel handler" [_thread_blocked, id=5460, stack(0x00000067e0100000,0x00000067e0200000)]
  0x000001934e2e7800 JavaThread "Daemon worker" [_thread_blocked, id=4344, stack(0x00000067e0200000,0x00000067e0300000)]
  0x000001934c910800 JavaThread "Asynchronous log dispatcher for DefaultDaemonConnection: socket connection from /127.0.0.1:64189 to /127.0.0.1:64190" [_thread_blocked, id=5400, stack(0x00000067e0300000,0x00000067e0400000)]
  0x000001934d377800 JavaThread "Stdin handler" [_thread_blocked, id=7140, stack(0x00000067e0400000,0x00000067e0500000)]
  0x000001934c1f9800 JavaThread "Daemon client event forwarder" [_thread_blocked, id=10364, stack(0x00000067e0500000,0x00000067e0600000)]
  0x000001934c1fb000 JavaThread "Cache worker for journal cache (C:\Users\alenj\.gradle\caches\journal-1)" [_thread_blocked, id=476, stack(0x00000067e0800000,0x00000067e0900000)]
  0x000001934c1fb800 JavaThread "File lock request listener" [_thread_in_native, id=2856, stack(0x00000067e0900000,0x00000067e0a00000)]
  0x000001934c1fa000 JavaThread "Cache worker for file hash cache (C:\Users\alenj\.gradle\caches\7.3.3\fileHashes)" [_thread_blocked, id=7756, stack(0x00000067e0a00000,0x00000067e0b00000)]
  0x000001934c1f7000 JavaThread "Cache worker for file hash cache (C:\Users\alenj\AndroidStudioProjects\ActivityLifeycle\.gradle\7.3.3\fileHashes)" [_thread_blocked, id=568, stack(0x00000067e0b00000,0x00000067e0c00000)]
  0x000001934c1f7800 JavaThread "File watcher server" daemon [_thread_in_native, id=8884, stack(0x00000067e0c00000,0x00000067e0d00000)]
  0x000001934c1fc800 JavaThread "File watcher consumer" daemon [_thread_blocked, id=8692, stack(0x00000067e0d00000,0x00000067e0e00000)]
  0x000001934c1fd800 JavaThread "jar transforms" [_thread_blocked, id=8812, stack(0x00000067e0e00000,0x00000067e0f00000)]
  0x000001934c1f8800 JavaThread "jar transforms Thread 2" [_thread_blocked, id=10896, stack(0x00000067e0f00000,0x00000067e1000000)]
  0x000001934e203000 JavaThread "jar transforms Thread 3" [_thread_blocked, id=6296, stack(0x00000067e1000000,0x00000067e1100000)]
  0x000001934e204000 JavaThread "jar transforms Thread 4" [_thread_blocked, id=5776, stack(0x00000067e1100000,0x00000067e1200000)]
  0x000001934e1fe800 JavaThread "Cache worker for checksums cache (C:\Users\alenj\AndroidStudioProjects\ActivityLifeycle\.gradle\7.3.3\checksums)" [_thread_blocked, id=10664, stack(0x00000067e1200000,0x00000067e1300000)]
  0x000001934e205000 JavaThread "Cache worker for cache directory md-supplier (C:\Users\alenj\.gradle\caches\7.3.3\md-supplier)" [_thread_blocked, id=10912, stack(0x00000067e1300000,0x00000067e1400000)]
  0x000001934e1ff000 JavaThread "Cache worker for cache directory md-rule (C:\Users\alenj\.gradle\caches\7.3.3\md-rule)" [_thread_blocked, id=6856, stack(0x00000067e1400000,0x00000067e1500000)]
  0x000001934e200800 JavaThread "Cache worker for execution history cache (C:\Users\alenj\.gradle\caches\7.3.3\executionHistory)" [_thread_blocked, id=9536, stack(0x00000067e1500000,0x00000067e1600000)]
  0x000001934e206800 JavaThread "Cache worker for file content cache (C:\Users\alenj\.gradle\caches\7.3.3\fileContent)" [_thread_blocked, id=9464, stack(0x00000067e1600000,0x00000067e1700000)]

Other Threads:
=>0x000001934bdd1800 VMThread "VM Thread" [stack: 0x00000067df000000,0x00000067df100000] [id=6060]
  0x000001934c0b4800 WatcherThread [stack: 0x00000067dfa00000,0x00000067dfb00000] [id=9440]
  0x000001932fa5e000 GCTaskThread "GC Thread#0" [stack: 0x00000067deb00000,0x00000067dec00000] [id=736]
  0x000001934c700000 GCTaskThread "GC Thread#1" [stack: 0x00000067dfb00000,0x00000067dfc00000] [id=6584]
  0x000001934f5b6800 GCTaskThread "GC Thread#2" [stack: 0x00000067e0600000,0x00000067e0700000] [id=6588]
  0x000001934f5b7800 GCTaskThread "GC Thread#3" [stack: 0x00000067e0700000,0x00000067e0800000] [id=2216]
  0x0000019331a67800 ConcurrentGCThread "G1 Main Marker" [stack: 0x00000067dec00000,0x00000067ded00000] [id=11272]
  0x0000019331a68800 ConcurrentGCThread "G1 Conc#0" [stack: 0x00000067ded00000,0x00000067dee00000] [id=3920]
  0x0000019331aaf800 ConcurrentGCThread "G1 Refine#0" [stack: 0x00000067dee00000,0x00000067def00000] [id=9936]
  0x0000019331ab0800 ConcurrentGCThread "G1 Young RemSet Sampling" [stack: 0x00000067def00000,0x00000067df000000] [id=5500]

Threads with active compile tasks:
C2 CompilerThread0  16691 4193       4       org.objectweb.asm.ClassReader::readCode (5109 bytes)

VM state:at safepoint (normal execution)

VM Mutex/Monitor currently owned by a thread:  ([mutex/lock_event])
[0x0000019331a1fc90] Threads_lock - owner thread: 0x000001934bdd1800
[0x0000019331a20110] Heap_lock - owner thread: 0x000001934c1f8800

Heap address: 0x0000000080000000, size: 2048 MB, Compressed Oops mode: 32-bit
Narrow klass base: 0x0000000000000000, Narrow klass shift: 3
Compressed class space size: 1073741824 Address: 0x0000000100000000

Heap:
 garbage-first heap   total 103424K, used 47472K [0x0000000080000000, 0x0000000100000000)
  region size 1024K, 2 young (2048K), 2 survivors (2048K)
 Metaspace       used 44181K, capacity 45359K, committed 45568K, reserved 1089536K
  class space    used 5662K, capacity 6071K, committed 6144K, reserved 1048576K
Heap Regions: E=young(eden), S=young(survivor), O=old, HS=humongous(starts), HC=humongous(continues), CS=collection set, F=free, A=archive, TAMS=top-at-mark-start (previous, next)
|   0|0x0000000080000000, 0x0000000080100000, 0x0000000080100000|100%| O|  |TAMS 0x0000000080100000, 0x0000000080000000| Untracked 
|   1|0x0000000080100000, 0x0000000080200000, 0x0000000080200000|100%| O|  |TAMS 0x0000000080200000, 0x0000000080100000| Untracked 
|   2|0x0000000080200000, 0x0000000080300000, 0x0000000080300000|100%| O|  |TAMS 0x0000000080300000, 0x0000000080200000| Untracked 
|   3|0x0000000080300000, 0x0000000080400000, 0x0000000080400000|100%|HS|  |TAMS 0x0000000080400000, 0x0000000080300000| Complete 
|   4|0x0000000080400000, 0x0000000080500000, 0x0000000080500000|100%|HC|  |TAMS 0x0000000080500000, 0x0000000080400000| Complete 
|   5|0x0000000080500000, 0x0000000080600000, 0x0000000080600000|100%|HC|  |TAMS 0x0000000080600000, 0x0000000080500000| Complete 
|   6|0x0000000080600000, 0x0000000080700000, 0x0000000080700000|100%| O|  |TAMS 0x0000000080700000, 0x0000000080600000| Untracked 
|   7|0x0000000080700000, 0x0000000080800000, 0x0000000080800000|100%| O|  |TAMS 0x0000000080800000, 0x0000000080700000| Untracked 
|   8|0x0000000080800000, 0x0000000080900000, 0x0000000080900000|100%| O|  |TAMS 0x0000000080900000, 0x0000000080800000| Untracked 
|   9|0x0000000080900000, 0x0000000080a00000, 0x0000000080a00000|100%| O|  |TAMS 0x0000000080a00000, 0x0000000080900000| Untracked 
|  10|0x0000000080a00000, 0x0000000080b00000, 0x0000000080b00000|100%| O|  |TAMS 0x0000000080b00000, 0x0000000080a00000| Untracked 
|  11|0x0000000080b00000, 0x0000000080c00000, 0x0000000080c00000|100%| O|  |TAMS 0x0000000080c00000, 0x0000000080b00000| Untracked 
|  12|0x0000000080c00000, 0x0000000080d00000, 0x0000000080d00000|100%| O|  |TAMS 0x0000000080d00000, 0x0000000080c00000| Untracked 
|  13|0x0000000080d00000, 0x0000000080e00000, 0x0000000080e00000|100%| O|  |TAMS 0x0000000080e00000, 0x0000000080d00000| Untracked 
|  14|0x0000000080e00000, 0x0000000080f00000, 0x0000000080f00000|100%| O|  |TAMS 0x0000000080f00000, 0x0000000080e00000| Untracked 
|  15|0x0000000080f00000, 0x0000000081000000, 0x0000000081000000|100%| O|  |TAMS 0x0000000081000000, 0x0000000080f00000| Untracked 
|  16|0x0000000081000000, 0x0000000081100000, 0x0000000081100000|100%|HS|  |TAMS 0x0000000081100000, 0x0000000081000000| Complete 
|  17|0x0000000081100000, 0x0000000081200000, 0x0000000081200000|100%|HC|  |TAMS 0x0000000081200000, 0x0000000081100000| Complete 
|  18|0x0000000081200000, 0x0000000081300000, 0x0000000081300000|100%|HS|  |TAMS 0x0000000081300000, 0x0000000081200000| Complete 
|  19|0x0000000081300000, 0x0000000081400000, 0x0000000081400000|100%|HC|  |TAMS 0x0000000081400000, 0x0000000081300000| Complete 
|  20|0x0000000081400000, 0x0000000081500000, 0x0000000081500000|100%|HC|  |TAMS 0x0000000081500000, 0x0000000081400000| Complete 
|  21|0x0000000081500000, 0x0000000081600000, 0x0000000081600000|100%|HS|  |TAMS 0x0000000081600000, 0x0000000081500000| Complete 
|  22|0x0000000081600000, 0x0000000081700000, 0x0000000081700000|100%|HS|  |TAMS 0x0000000081700000, 0x0000000081600000| Complete 
|  23|0x0000000081700000, 0x0000000081800000, 0x0000000081800000|100%|HC|  |TAMS 0x0000000081800000, 0x0000000081700000| Complete 
|  24|0x0000000081800000, 0x0000000081900000, 0x0000000081900000|100%|HC|  |TAMS 0x0000000081900000, 0x0000000081800000| Complete 
|  25|0x0000000081900000, 0x0000000081a00000, 0x0000000081a00000|100%|HC|  |TAMS 0x0000000081a00000, 0x0000000081900000| Complete 
|  26|0x0000000081a00000, 0x0000000081b00000, 0x0000000081b00000|100%| O|  |TAMS 0x0000000081b00000, 0x0000000081a00000| Untracked 
|  27|0x0000000081b00000, 0x0000000081c00000, 0x0000000081c00000|100%| O|  |TAMS 0x0000000081c00000, 0x0000000081b00000| Untracked 
|  28|0x0000000081c00000, 0x0000000081d00000, 0x0000000081d00000|100%| O|  |TAMS 0x0000000081d00000, 0x0000000081c00000| Untracked 
|  29|0x0000000081d00000, 0x0000000081e00000, 0x0000000081e00000|100%| O|  |TAMS 0x0000000081e00000, 0x0000000081d00000| Untracked 
|  30|0x0000000081e00000, 0x0000000081f00000, 0x0000000081f00000|100%| O|  |TAMS 0x0000000081f00000, 0x0000000081e00000| Untracked 
|  31|0x0000000081f00000, 0x0000000082000000, 0x0000000082000000|100%| O|  |TAMS 0x0000000082000000, 0x0000000081f00000| Untracked 
|  32|0x0000000082000000, 0x0000000082100000, 0x0000000082100000|100%| O|  |TAMS 0x0000000082100000, 0x0000000082000000| Untracked 
|  33|0x0000000082100000, 0x0000000082200000, 0x0000000082200000|100%| O|  |TAMS 0x0000000082200000, 0x0000000082100000| Untracked 
|  34|0x0000000082200000, 0x0000000082300000, 0x0000000082300000|100%| O|  |TAMS 0x0000000082300000, 0x0000000082200000| Untracked 
|  35|0x0000000082300000, 0x0000000082400000, 0x0000000082400000|100%| O|  |TAMS 0x0000000082400000, 0x0000000082300000| Untracked 
|  36|0x0000000082400000, 0x0000000082500000, 0x0000000082500000|100%| O|  |TAMS 0x0000000082500000, 0x0000000082400000| Untracked 
|  37|0x0000000082500000, 0x0000000082600000, 0x0000000082600000|100%| O|  |TAMS 0x0000000082600000, 0x0000000082500000| Untracked 
|  38|0x0000000082600000, 0x0000000082700000, 0x0000000082700000|100%| O|  |TAMS 0x000000008266ea00, 0x0000000082600000| Untracked 
|  39|0x0000000082700000, 0x0000000082701a00, 0x0000000082800000|  0%| O|  |TAMS 0x0000000082700000, 0x0000000082700000| Untracked 
|  40|0x0000000082800000, 0x0000000082800000, 0x0000000082900000|  0%| F|  |TAMS 0x0000000082800000, 0x0000000082800000| Untracked 
|  41|0x0000000082900000, 0x0000000082a00000, 0x0000000082a00000|100%| O|  |TAMS 0x0000000082a00000, 0x0000000082900000| Untracked 
|  42|0x0000000082a00000, 0x0000000082b00000, 0x0000000082b00000|100%| O|  |TAMS 0x0000000082b00000, 0x0000000082a00000| Untracked 
|  43|0x0000000082b00000, 0x0000000082c00000, 0x0000000082c00000|100%|HS|  |TAMS 0x0000000082c00000, 0x0000000082b00000| Complete 
|  44|0x0000000082c00000, 0x0000000082d00000, 0x0000000082d00000|100%|HC|  |TAMS 0x0000000082d00000, 0x0000000082c00000| Complete 
|  45|0x0000000082d00000, 0x0000000082e00000, 0x0000000082e00000|100%|HC|  |TAMS 0x0000000082e00000, 0x0000000082d00000| Complete 
|  46|0x0000000082e00000, 0x0000000082f00000, 0x0000000082f00000|100%|HC|  |TAMS 0x0000000082f00000, 0x0000000082e00000| Complete 
|  47|0x0000000082f00000, 0x0000000082f00000, 0x0000000083000000|  0%| F|  |TAMS 0x0000000082f00000, 0x0000000082f00000| Untracked 
|  48|0x0000000083000000, 0x0000000083000000, 0x0000000083100000|  0%| F|  |TAMS 0x0000000083000000, 0x0000000083000000| Untracked 
|  49|0x0000000083100000, 0x0000000083100000, 0x0000000083200000|  0%| F|  |TAMS 0x0000000083100000, 0x0000000083100000| Untracked 
|  50|0x0000000083200000, 0x0000000083200000, 0x0000000083300000|  0%| F|  |TAMS 0x0000000083200000, 0x0000000083200000| Untracked 
|  51|0x0000000083300000, 0x0000000083300000, 0x0000000083400000|  0%| F|  |TAMS 0x0000000083300000, 0x0000000083300000| Untracked 
|  52|0x0000000083400000, 0x0000000083400000, 0x0000000083500000|  0%| F|  |TAMS 0x0000000083400000, 0x0000000083400000| Untracked 
|  53|0x0000000083500000, 0x0000000083500000, 0x0000000083600000|  0%| F|  |TAMS 0x0000000083500000, 0x0000000083500000| Untracked 
|  54|0x0000000083600000, 0x0000000083600000, 0x0000000083700000|  0%| F|  |TAMS 0x0000000083600000, 0x0000000083600000| Untracked 
|  55|0x0000000083700000, 0x0000000083700000, 0x0000000083800000|  0%| F|  |TAMS 0x0000000083700000, 0x0000000083700000| Untracked 
|  56|0x0000000083800000, 0x0000000083800000, 0x0000000083900000|  0%| F|  |TAMS 0x0000000083800000, 0x0000000083800000| Untracked 
|  57|0x0000000083900000, 0x0000000083900000, 0x0000000083a00000|  0%| F|  |TAMS 0x0000000083900000, 0x0000000083900000| Untracked 
|  58|0x0000000083a00000, 0x0000000083a00000, 0x0000000083b00000|  0%| F|  |TAMS 0x0000000083a00000, 0x0000000083a00000| Untracked 
|  59|0x0000000083b00000, 0x0000000083b00000, 0x0000000083c00000|  0%| F|  |TAMS 0x0000000083b00000, 0x0000000083b00000| Untracked 
|  60|0x0000000083c00000, 0x0000000083c5a7b0, 0x0000000083d00000| 35%| S|CS|TAMS 0x0000000083c00000, 0x0000000083c00000| Complete 
|  61|0x0000000083d00000, 0x0000000083e00000, 0x0000000083e00000|100%| S|CS|TAMS 0x0000000083d00000, 0x0000000083d00000| Complete 
|  62|0x0000000083e00000, 0x0000000083e00000, 0x0000000083f00000|  0%| F|  |TAMS 0x0000000083e00000, 0x0000000083e00000| Untracked 
|  63|0x0000000083f00000, 0x0000000083f00000, 0x0000000084000000|  0%| F|  |TAMS 0x0000000083f00000, 0x0000000083f00000| Untracked 
|  64|0x0000000084000000, 0x0000000084000000, 0x0000000084100000|  0%| F|  |TAMS 0x0000000084000000, 0x0000000084000000| Untracked 
|  65|0x0000000084100000, 0x0000000084100000, 0x0000000084200000|  0%| F|  |TAMS 0x0000000084100000, 0x0000000084100000| Untracked 
|  66|0x0000000084200000, 0x0000000084200000, 0x0000000084300000|  0%| F|  |TAMS 0x0000000084200000, 0x0000000084200000| Untracked 
|  67|0x0000000084300000, 0x0000000084300000, 0x0000000084400000|  0%| F|  |TAMS 0x0000000084300000, 0x0000000084300000| Untracked 
|  68|0x0000000084400000, 0x0000000084400000, 0x0000000084500000|  0%| F|  |TAMS 0x0000000084400000, 0x0000000084400000| Untracked 
|  69|0x0000000084500000, 0x0000000084500000, 0x0000000084600000|  0%| F|  |TAMS 0x0000000084500000, 0x0000000084500000| Untracked 
|  70|0x0000000084600000, 0x0000000084600000, 0x0000000084700000|  0%| F|  |TAMS 0x0000000084600000, 0x0000000084600000| Untracked 
|  71|0x0000000084700000, 0x0000000084700000, 0x0000000084800000|  0%| F|  |TAMS 0x0000000084700000, 0x0000000084700000| Untracked 
|  72|0x0000000084800000, 0x0000000084800000, 0x0000000084900000|  0%| F|  |TAMS 0x0000000084800000, 0x0000000084800000| Untracked 
|  73|0x0000000084900000, 0x0000000084900000, 0x0000000084a00000|  0%| F|  |TAMS 0x0000000084900000, 0x0000000084900000| Untracked 
|  74|0x0000000084a00000, 0x0000000084a00000, 0x0000000084b00000|  0%| F|  |TAMS 0x0000000084a00000, 0x0000000084a00000| Untracked 
|  75|0x0000000084b00000, 0x0000000084b00000, 0x0000000084c00000|  0%| F|  |TAMS 0x0000000084b00000, 0x0000000084b00000| Untracked 
|  76|0x0000000084c00000, 0x0000000084c00000, 0x0000000084d00000|  0%| F|  |TAMS 0x0000000084c00000, 0x0000000084c00000| Untracked 
|  77|0x0000000084d00000, 0x0000000084d00000, 0x0000000084e00000|  0%| F|  |TAMS 0x0000000084d00000, 0x0000000084d00000| Untracked 
|  78|0x0000000084e00000, 0x0000000084e00000, 0x0000000084f00000|  0%| F|  |TAMS 0x0000000084e00000, 0x0000000084e00000| Untracked 
|  79|0x0000000084f00000, 0x0000000084f00000, 0x0000000085000000|  0%| F|  |TAMS 0x0000000084f00000, 0x0000000084f00000| Untracked 
|  80|0x0000000085000000, 0x0000000085000000, 0x0000000085100000|  0%| F|  |TAMS 0x0000000085000000, 0x0000000085000000| Untracked 
|  81|0x0000000085100000, 0x0000000085100000, 0x0000000085200000|  0%| F|  |TAMS 0x0000000085100000, 0x0000000085100000| Untracked 
|  82|0x0000000085200000, 0x0000000085200000, 0x0000000085300000|  0%| F|  |TAMS 0x0000000085200000, 0x0000000085200000| Untracked 
|  83|0x0000000085300000, 0x0000000085300000, 0x0000000085400000|  0%| F|  |TAMS 0x0000000085300000, 0x0000000085300000| Untracked 

Card table byte_map: [0x0000019344930000,0x0000019344d30000] _byte_map_base: 0x0000019344530000

Marking Bits (Prev, Next): (CMBitMap*) 0x0000019331a5e8e8, (CMBitMap*) 0x0000019331a5e920
 Prev Bits: [0x0000019345130000, 0x0000019347130000)
 Next Bits: [0x0000019347130000, 0x0000019349130000)

Polling page: 0x000001932f8e0000

Metaspace:

Usage:
  Non-class:     38.37 MB capacity,    37.62 MB ( 98%) used,   659.54 KB (  2%) free+waste,   109.88 KB ( <1%) overhead. 
      Class:      5.93 MB capacity,     5.53 MB ( 93%) used,   355.49 KB (  6%) free+waste,    53.00 KB ( <1%) overhead. 
       Both:     44.30 MB capacity,    43.15 MB ( 97%) used,  1015.03 KB (  2%) free+waste,   162.88 KB ( <1%) overhead. 

Virtual space:
  Non-class space:       40.00 MB reserved,      38.50 MB ( 96%) committed 
      Class space:        1.00 GB reserved,       6.00 MB ( <1%) committed 
             Both:        1.04 GB reserved,      44.50 MB (  4%) committed 

Chunk freelists:
   Non-Class:  8.00 KB
       Class:  9.00 KB
        Both:  17.00 KB

MaxMetaspaceSize: 17179869184.00 GB
CompressedClassSpaceSize: 1.00 GB
Initial GC threshold: 20.80 MB
Current GC threshold: 74.17 MB
CDS: off

CodeHeap 'non-profiled nmethods': size=120064Kb used=1890Kb max_used=1890Kb free=118173Kb
 bounds [0x000001933cff0000, 0x000001933d260000, 0x0000019344530000]
CodeHeap 'profiled nmethods': size=120000Kb used=9779Kb max_used=9779Kb free=110220Kb
 bounds [0x0000019335ac0000, 0x0000019336450000, 0x000001933cff0000]
CodeHeap 'non-nmethods': size=5696Kb used=2286Kb max_used=2320Kb free=3409Kb
 bounds [0x0000019335530000, 0x00000193357a0000, 0x0000019335ac0000]
 total_blobs=4937 nmethods=4158 adapters=691
 compilation: enabled
              stopped_count=0, restarted_count=0
 full_count=0

Compilation events (20 events):
Event: 16.014 Thread 0x000001934be46000 4230       3       org.objectweb.asm.AnnotationWriter::putParameterAnnotations (173 bytes)
Event: 16.015 Thread 0x000001934be46000 nmethod 4230 0x000001933642e490 code [0x000001933642e6e0, 0x000001933642ed88]
Event: 16.032 Thread 0x000001934be46000 4231 %     3       org.objectweb.asm.AnnotationWriter::putAnnotations @ 72 (110 bytes)
Event: 16.033 Thread 0x000001934be46000 nmethod 4231% 0x000001933642f190 code [0x000001933642f3a0, 0x000001933642f808]
Event: 16.111 Thread 0x000001934be46000 4232       3       org.objectweb.asm.AnnotationWriter::putAnnotations (110 bytes)
Event: 16.112 Thread 0x000001934be46000 nmethod 4232 0x000001933642fb10 code [0x000001933642fd20, 0x0000019336430128]
Event: 16.189 Thread 0x000001934be46000 4233       3       java.util.Arrays::binarySearch0 (83 bytes)
Event: 16.190 Thread 0x000001934be46000 nmethod 4233 0x0000019336430390 code [0x0000019336430580, 0x00000193364309e8]
Event: 16.298 Thread 0x000001934be46000 4235       2       org.objectweb.asm.MethodWriter::visitSwitchInsn (174 bytes)
Event: 16.299 Thread 0x000001934be46000 nmethod 4235 0x0000019336430b90 code [0x0000019336430dc0, 0x00000193364316d8]
Event: 16.420 Thread 0x000001934be46000 4236 %     3       org.objectweb.asm.ClassReader::readElementValue @ 980 (1237 bytes)
Event: 16.428 Thread 0x000001934be46000 nmethod 4236% 0x0000019336431a90 code [0x0000019336432260, 0x0000019336437328]
Event: 16.428 Thread 0x000001934be46000 4237       3       org.objectweb.asm.ClassReader::readElementValue (1237 bytes)
Event: 16.436 Thread 0x000001934be46000 nmethod 4237 0x0000019336439510 code [0x0000019336439ce0, 0x000001933643ec68]
Event: 16.436 Thread 0x000001934be46000 4238 %     3       org.objectweb.asm.AnnotationWriter::visit @ 619 (935 bytes)
Event: 16.441 Thread 0x000001934be46000 nmethod 4238% 0x0000019336440d90 code [0x0000019336441480, 0x0000019336445338]
Event: 16.450 Thread 0x000001934be46000 4239       3       org.objectweb.asm.AnnotationWriter::visit (935 bytes)
Event: 16.455 Thread 0x000001934be46000 nmethod 4239 0x0000019336446a90 code [0x0000019336447160, 0x000001933644ae98]
Event: 16.575 Thread 0x000001934be46000 4241       2       org.objectweb.asm.MethodWriter::visitTableSwitchInsn (120 bytes)
Event: 16.576 Thread 0x000001934be46000 nmethod 4241 0x000001933644c510 code [0x000001933644c720, 0x000001933644ca88]

GC Heap History (20 events):
Event: 14.185 GC heap after
{Heap after GC invocations=21 (full 0):
 garbage-first heap   total 71680K, used 41343K [0x0000000080000000, 0x0000000100000000)
  region size 1024K, 2 young (2048K), 2 survivors (2048K)
 Metaspace       used 43424K, capacity 44494K, committed 44672K, reserved 1087488K
  class space    used 5589K, capacity 5995K, committed 6016K, reserved 1048576K
}
Event: 14.374 GC heap before
{Heap before GC invocations=22 (full 0):
 garbage-first heap   total 71680K, used 58751K [0x0000000080000000, 0x0000000100000000)
  region size 1024K, 16 young (16384K), 2 survivors (2048K)
 Metaspace       used 43798K, capacity 44910K, committed 45056K, reserved 1087488K
  class space    used 5650K, capacity 6071K, committed 6144K, reserved 1048576K
}
Event: 14.379 GC heap after
{Heap after GC invocations=23 (full 0):
 garbage-first heap   total 71680K, used 41463K [0x0000000080000000, 0x0000000100000000)
  region size 1024K, 2 young (2048K), 2 survivors (2048K)
 Metaspace       used 43798K, capacity 44910K, committed 45056K, reserved 1087488K
  class space    used 5650K, capacity 6071K, committed 6144K, reserved 1048576K
}
Event: 14.750 GC heap before
{Heap before GC invocations=24 (full 0):
 garbage-first heap   total 71680K, used 61943K [0x0000000080000000, 0x0000000100000000)
  region size 1024K, 18 young (18432K), 2 survivors (2048K)
 Metaspace       used 44013K, capacity 45166K, committed 45312K, reserved 1089536K
  class space    used 5653K, capacity 6071K, committed 6144K, reserved 1048576K
}
Event: 14.756 GC heap after
{Heap after GC invocations=25 (full 0):
 garbage-first heap   total 71680K, used 46161K [0x0000000080000000, 0x0000000100000000)
  region size 1024K, 3 young (3072K), 3 survivors (3072K)
 Metaspace       used 44013K, capacity 45166K, committed 45312K, reserved 1089536K
  class space    used 5653K, capacity 6071K, committed 6144K, reserved 1048576K
}
Event: 14.954 GC heap before
{Heap before GC invocations=25 (full 0):
 garbage-first heap   total 71680K, used 58449K [0x0000000080000000, 0x0000000100000000)
  region size 1024K, 16 young (16384K), 3 survivors (3072K)
 Metaspace       used 44071K, capacity 45167K, committed 45312K, reserved 1089536K
  class space    used 5653K, capacity 6071K, committed 6144K, reserved 1048576K
}
Event: 14.960 GC heap after
{Heap after GC invocations=26 (full 0):
 garbage-first heap   total 71680K, used 46366K [0x0000000080000000, 0x0000000100000000)
  region size 1024K, 1 young (1024K), 1 survivors (1024K)
 Metaspace       used 44071K, capacity 45167K, committed 45312K, reserved 1089536K
  class space    used 5653K, capacity 6071K, committed 6144K, reserved 1048576K
}
Event: 15.210 GC heap before
{Heap before GC invocations=27 (full 0):
 garbage-first heap   total 71680K, used 60702K [0x0000000080000000, 0x0000000100000000)
  region size 1024K, 15 young (15360K), 1 survivors (1024K)
 Metaspace       used 44175K, capacity 45359K, committed 45568K, reserved 1089536K
  class space    used 5662K, capacity 6071K, committed 6144K, reserved 1048576K
}
Event: 15.213 GC heap after
{Heap after GC invocations=28 (full 0):
 garbage-first heap   total 86016K, used 46486K [0x0000000080000000, 0x0000000100000000)
  region size 1024K, 2 young (2048K), 2 survivors (2048K)
 Metaspace       used 44175K, capacity 45359K, committed 45568K, reserved 1089536K
  class space    used 5662K, capacity 6071K, committed 6144K, reserved 1048576K
}
Event: 15.412 GC heap before
{Heap before GC invocations=28 (full 0):
 garbage-first heap   total 86016K, used 64918K [0x0000000080000000, 0x0000000100000000)
  region size 1024K, 21 young (21504K), 2 survivors (2048K)
 Metaspace       used 44176K, capacity 45359K, committed 45568K, reserved 1089536K
  class space    used 5662K, capacity 6071K, committed 6144K, reserved 1048576K
}
Event: 15.414 GC heap after
{Heap after GC invocations=29 (full 0):
 garbage-first heap   total 86016K, used 46615K [0x0000000080000000, 0x0000000100000000)
  region size 1024K, 2 young (2048K), 2 survivors (2048K)
 Metaspace       used 44176K, capacity 45359K, committed 45568K, reserved 1089536K
  class space    used 5662K, capacity 6071K, committed 6144K, reserved 1048576K
}
Event: 15.655 GC heap before
{Heap before GC invocations=30 (full 0):
 garbage-first heap   total 86016K, used 67095K [0x0000000080000000, 0x0000000100000000)
  region size 1024K, 22 young (22528K), 2 survivors (2048K)
 Metaspace       used 44176K, capacity 45359K, committed 45568K, reserved 1089536K
  class space    used 5662K, capacity 6071K, committed 6144K, reserved 1048576K
}
Event: 15.659 GC heap after
{Heap after GC invocations=31 (full 0):
 garbage-first heap   total 86016K, used 46742K [0x0000000080000000, 0x0000000100000000)
  region size 1024K, 2 young (2048K), 2 survivors (2048K)
 Metaspace       used 44176K, capacity 45359K, committed 45568K, reserved 1089536K
  class space    used 5662K, capacity 6071K, committed 6144K, reserved 1048576K
}
Event: 15.872 GC heap before
{Heap before GC invocations=31 (full 0):
 garbage-first heap   total 86016K, used 68246K [0x0000000080000000, 0x0000000100000000)
  region size 1024K, 23 young (23552K), 2 survivors (2048K)
 Metaspace       used 44178K, capacity 45359K, committed 45568K, reserved 1089536K
  class space    used 5662K, capacity 6071K, committed 6144K, reserved 1048576K
}
Event: 15.875 GC heap after
{Heap after GC invocations=32 (full 0):
 garbage-first heap   total 86016K, used 46942K [0x0000000080000000, 0x0000000100000000)
  region size 1024K, 2 young (2048K), 2 survivors (2048K)
 Metaspace       used 44178K, capacity 45359K, committed 45568K, reserved 1089536K
  class space    used 5662K, capacity 6071K, committed 6144K, reserved 1048576K
}
Event: 16.114 GC heap before
{Heap before GC invocations=33 (full 0):
 garbage-first heap   total 86016K, used 68446K [0x0000000080000000, 0x0000000100000000)
  region size 1024K, 23 young (23552K), 2 survivors (2048K)
 Metaspace       used 44179K, capacity 45359K, committed 45568K, reserved 1089536K
  class space    used 5662K, capacity 6071K, committed 6144K, reserved 1048576K
}
Event: 16.118 GC heap after
{Heap after GC invocations=34 (full 0):
 garbage-first heap   total 86016K, used 47123K [0x0000000080000000, 0x0000000100000000)
  region size 1024K, 2 young (2048K), 2 survivors (2048K)
 Metaspace       used 44179K, capacity 45359K, committed 45568K, reserved 1089536K
  class space    used 5662K, capacity 6071K, committed 6144K, reserved 1048576K
}
Event: 16.394 GC heap before
{Heap before GC invocations=34 (full 0):
 garbage-first heap   total 86016K, used 69651K [0x0000000080000000, 0x0000000100000000)
  region size 1024K, 24 young (24576K), 2 survivors (2048K)
 Metaspace       used 44180K, capacity 45359K, committed 45568K, reserved 1089536K
  class space    used 5662K, capacity 6071K, committed 6144K, reserved 1048576K
}
Event: 16.397 GC heap after
{Heap after GC invocations=35 (full 0):
 garbage-first heap   total 86016K, used 47344K [0x0000000080000000, 0x0000000100000000)
  region size 1024K, 2 young (2048K), 2 survivors (2048K)
 Metaspace       used 44180K, capacity 45359K, committed 45568K, reserved 1089536K
  class space    used 5662K, capacity 6071K, committed 6144K, reserved 1048576K
}
Event: 16.637 GC heap before
{Heap before GC invocations=36 (full 0):
 garbage-first heap   total 86016K, used 69872K [0x0000000080000000, 0x0000000100000000)
  region size 1024K, 24 young (24576K), 2 survivors (2048K)
 Metaspace       used 44181K, capacity 45359K, committed 45568K, reserved 1089536K
  class space    used 5662K, capacity 6071K, committed 6144K, reserved 1048576K
}

Deoptimization events (20 events):
Event: 15.123 Thread 0x000001934d04e000 Uncommon trap: trap_request=0xffffffc6 fr.pc=0x000001933d1768c4 relative=0x0000000000000624
Event: 15.123 Thread 0x000001934d04e000 Uncommon trap: reason=bimorphic_or_optimized_type_check action=maybe_recompile pc=0x000001933d1768c4 method=java.util.stream.Sink$ChainedReference.cancellationRequested()Z @ 4 c2
Event: 15.123 Thread 0x000001934d04e000 DEOPT PACKING pc=0x000001933d1768c4 sp=0x00000067dfcfec00
Event: 15.123 Thread 0x000001934d04e000 DEOPT UNPACKING pc=0x000001933557a1af sp=0x00000067dfcfeb40 mode 2
Event: 15.450 Thread 0x000001934c1f8800 DEOPT PACKING pc=0x00000193362c59bc sp=0x00000067e0ffe6c0
Event: 15.450 Thread 0x000001934c1f8800 DEOPT UNPACKING pc=0x000001933557a95e sp=0x00000067e0ffdba8 mode 0
Event: 15.478 Thread 0x000001934c1f8800 DEOPT PACKING pc=0x00000193362a3faa sp=0x00000067e0ffe7c0
Event: 15.478 Thread 0x000001934c1f8800 DEOPT UNPACKING pc=0x000001933557a95e sp=0x00000067e0ffdd60 mode 0
Event: 15.930 Thread 0x000001934c1f8800 DEOPT PACKING pc=0x00000193363c82c8 sp=0x00000067e0ffeb80
Event: 15.930 Thread 0x000001934c1f8800 DEOPT UNPACKING pc=0x000001933557a95e sp=0x00000067e0ffe098 mode 0
Event: 15.986 Thread 0x000001934c1f8800 DEOPT PACKING pc=0x0000019336369953 sp=0x00000067e0ffe9c0
Event: 15.986 Thread 0x000001934c1f8800 DEOPT UNPACKING pc=0x000001933557a95e sp=0x00000067e0ffdf30 mode 0
Event: 16.015 Thread 0x000001934c1f8800 DEOPT PACKING pc=0x000001933636a345 sp=0x00000067e0ffe8f0
Event: 16.015 Thread 0x000001934c1f8800 DEOPT UNPACKING pc=0x000001933557a95e sp=0x00000067e0ffdd90 mode 0
Event: 16.118 Thread 0x000001934d04e000 Uncommon trap: trap_request=0xffffffc6 fr.pc=0x000001933d1768c4 relative=0x0000000000000624
Event: 16.118 Thread 0x000001934d04e000 Uncommon trap: reason=bimorphic_or_optimized_type_check action=maybe_recompile pc=0x000001933d1768c4 method=java.util.stream.Sink$ChainedReference.cancellationRequested()Z @ 4 c2
Event: 16.118 Thread 0x000001934d04e000 DEOPT PACKING pc=0x000001933d1768c4 sp=0x00000067dfcfec00
Event: 16.118 Thread 0x000001934d04e000 DEOPT UNPACKING pc=0x000001933557a1af sp=0x00000067dfcfeb40 mode 2
Event: 16.436 Thread 0x000001934c1f8800 DEOPT PACKING pc=0x000001933627d4fd sp=0x00000067e0ffe780
Event: 16.436 Thread 0x000001934c1f8800 DEOPT UNPACKING pc=0x000001933557a95e sp=0x00000067e0ffdce8 mode 0

Classes redefined (0 events):
No events

Internal exceptions (20 events):
Event: 13.463 Thread 0x000001934e2e7800 Exception <a 'java/lang/ClassNotFoundException'{0x0000000084340b80}: groovy/lang/ClosureCustomizer> (0x0000000084340b80) thrown at [./src/hotspot/share/classfile/systemDictionary.cpp, line 231]
Event: 13.469 Thread 0x000001934e2e7800 Exception <a 'java/lang/ClassNotFoundException'{0x0000000084396ac8}: groovy/lang/Closure$1Customizer> (0x0000000084396ac8) thrown at [./src/hotspot/share/classfile/systemDictionary.cpp, line 231]
Event: 13.522 Thread 0x000001934e203000 Exception <a 'sun/nio/fs/WindowsException'{0x0000000084273be0}> (0x0000000084273be0) thrown at [./src/hotspot/share/prims/jni.cpp, line 615]
Event: 13.597 Thread 0x000001934e203000 Exception <a 'sun/nio/fs/WindowsException'{0x00000000841c17f8}> (0x00000000841c17f8) thrown at [./src/hotspot/share/prims/jni.cpp, line 615]
Event: 13.599 Thread 0x000001934e203000 Exception <a 'sun/nio/fs/WindowsException'{0x00000000841c1a08}> (0x00000000841c1a08) thrown at [./src/hotspot/share/prims/jni.cpp, line 615]
Event: 13.614 Thread 0x000001934e2e7800 Exception <a 'java/lang/ClassNotFoundException'{0x00000000840563e8}: sync_studio_tooling3_1ecr5r2a2ec59x57naidv49bnBeanInfo> (0x00000000840563e8) thrown at [./src/hotspot/share/classfile/systemDictionary.cpp, line 231]
Event: 13.614 Thread 0x000001934e2e7800 Exception <a 'java/lang/ClassNotFoundException'{0x00000000840635e8}: sync_studio_tooling3_1ecr5r2a2ec59x57naidv49bnCustomizer> (0x00000000840635e8) thrown at [./src/hotspot/share/classfile/systemDictionary.cpp, line 231]
Event: 13.626 Thread 0x000001934e2e7800 Exception <a 'java/lang/ClassNotFoundException'{0x00000000840dd078}: org/gradle/internal/metaobject/ConfigureDelegateBeanInfo> (0x00000000840dd078) thrown at [./src/hotspot/share/classfile/systemDictionary.cpp, line 231]
Event: 13.627 Thread 0x000001934e2e7800 Exception <a 'java/lang/ClassNotFoundException'{0x0000000083f03c80}: org/gradle/internal/metaobject/ConfigureDelegateCustomizer> (0x0000000083f03c80) thrown at [./src/hotspot/share/classfile/systemDictionary.cpp, line 231]
Event: 13.637 Thread 0x000001934e2e7800 Exception <a 'java/lang/ClassNotFoundException'{0x0000000083f84e88}: org/gradle/api/internal/initialization/DefaultScriptHandlerBeanInfo> (0x0000000083f84e88) thrown at [./src/hotspot/share/classfile/systemDictionary.cpp, line 231]
Event: 13.638 Thread 0x000001934e2e7800 Exception <a 'java/lang/ClassNotFoundException'{0x0000000083faf068}: org/gradle/api/internal/initialization/DefaultScriptHandlerCustomizer> (0x0000000083faf068) thrown at [./src/hotspot/share/classfile/systemDictionary.cpp, line 231]
Event: 13.822 Thread 0x000001934e2e7800 Exception <a 'java/lang/ClassNotFoundException'{0x00000000834ba5b0}: org/gradle/api/internal/artifacts/dsl/dependencies/DefaultDependencyHandler_DecoratedBeanInfo> (0x00000000834ba5b0) thrown at [./src/hotspot/share/classfile/systemDictionary.cpp, line 231]
Event: 13.824 Thread 0x000001934e2e7800 Exception <a 'java/lang/ClassNotFoundException'{0x00000000834f8cd8}: org/gradle/api/internal/artifacts/dsl/dependencies/DefaultDependencyHandlerBeanInfo> (0x00000000834f8cd8) thrown at [./src/hotspot/share/classfile/systemDictionary.cpp, line 231]
Event: 13.826 Thread 0x000001934e2e7800 Exception <a 'java/lang/ClassNotFoundException'{0x0000000083337d08}: org/gradle/api/internal/artifacts/dsl/dependencies/DefaultDependencyHandlerCustomizer> (0x0000000083337d08) thrown at [./src/hotspot/share/classfile/systemDictionary.cpp, line 231]
Event: 13.830 Thread 0x000001934e2e7800 Exception <a 'java/lang/ClassNotFoundException'{0x000000008339dab0}: org/gradle/api/internal/artifacts/dsl/dependencies/DefaultDependencyHandler_DecoratedCustomizer> (0x000000008339dab0) thrown at [./src/hotspot/share/classfile/systemDictionary.cpp, line 231]
Event: 14.078 Thread 0x000001934e2e7800 Exception <a 'java/lang/NoSuchMethodError'{0x0000000083ac13a0}: 'int java.lang.invoke.DirectMethodHandle$Holder.invokeInterface(java.lang.Object, java.lang.Object)'> (0x0000000083ac13a0) thrown at [./src/hotspot/share/interpreter/linkResolver.cpp, line 773]
Event: 14.079 Thread 0x000001934e2e7800 Exception <a 'java/lang/IncompatibleClassChangeError'{0x0000000083ac4e80}: Found class java.lang.Object, but interface was expected> (0x0000000083ac4e80) thrown at [./src/hotspot/share/interpreter/linkResolver.cpp, line 839]
Event: 14.235 Thread 0x000001934e2e7800 Exception <a 'java/lang/NoSuchMethodError'{0x000000008435b0a8}: 'java.lang.Object java.lang.invoke.Invokers$Holder.linkToTargetMethod(java.lang.Object, int, java.lang.Object)'> (0x000000008435b0a8) thrown at [./src/hotspot/share/interpreter/linkResolver.cpp, line 773]
Event: 14.283 Thread 0x000001934e2e7800 Exception <a 'java/lang/NoSuchMethodError'{0x00000000841d3d18}: 'int java.lang.invoke.DirectMethodHandle$Holder.invokeStaticInit(java.lang.Object)'> (0x00000000841d3d18) thrown at [./src/hotspot/share/interpreter/linkResolver.cpp, line 773]
Event: 14.372 Thread 0x000001934c1f8800 Exception <a 'sun/nio/fs/WindowsException'{0x00000000838d9d18}> (0x00000000838d9d18) thrown at [./src/hotspot/share/prims/jni.cpp, line 615]

Events (20 events):
Event: 15.518 Executing VM operation: CGC_Operation done
Event: 15.566 Executing VM operation: CGC_Operation
Event: 15.567 Executing VM operation: CGC_Operation done
Event: 15.655 Executing VM operation: G1CollectForAllocation
Event: 15.659 Executing VM operation: G1CollectForAllocation done
Event: 15.872 Executing VM operation: G1CollectForAllocation
Event: 15.875 Executing VM operation: G1CollectForAllocation done
Event: 15.971 Executing VM operation: CGC_Operation
Event: 15.981 Executing VM operation: CGC_Operation done
Event: 16.027 Executing VM operation: CGC_Operation
Event: 16.028 Executing VM operation: CGC_Operation done
Event: 16.113 Executing VM operation: G1CollectForAllocation
Event: 16.118 Executing VM operation: G1CollectForAllocation done
Event: 16.393 Executing VM operation: G1CollectForAllocation
Event: 16.397 Executing VM operation: G1CollectForAllocation done
Event: 16.495 Executing VM operation: CGC_Operation
Event: 16.502 Executing VM operation: CGC_Operation done
Event: 16.549 Executing VM operation: CGC_Operation
Event: 16.549 Executing VM operation: CGC_Operation done
Event: 16.637 Executing VM operation: G1CollectForAllocation


Dynamic libraries:
0x00007ff69ceb0000 - 0x00007ff69ceba000 	C:\Program Files\Android\Android Studio\jre\bin\java.exe
0x00007ffbd0af0000 - 0x00007ffbd0ce5000 	C:\Windows\SYSTEM32\ntdll.dll
0x00007ffbcfaf0000 - 0x00007ffbcfbad000 	C:\Windows\System32\KERNEL32.DLL
0x00007ffbce4e0000 - 0x00007ffbce7ad000 	C:\Windows\System32\KERNELBASE.dll
0x00007ffbcea40000 - 0x00007ffbceb40000 	C:\Windows\System32\ucrtbase.dll
0x00007ffbc3af0000 - 0x00007ffbc3b07000 	C:\Program Files\Android\Android Studio\jre\bin\VCRUNTIME140.dll
0x00007ffbc3990000 - 0x00007ffbc39a9000 	C:\Program Files\Android\Android Studio\jre\bin\jli.dll
0x00007ffbcfde0000 - 0x00007ffbcff80000 	C:\Windows\System32\USER32.dll
0x00007ffbce960000 - 0x00007ffbce982000 	C:\Windows\System32\win32u.dll
0x00007ffbc54d0000 - 0x00007ffbc576a000 	C:\Windows\WinSxS\amd64_microsoft.windows.common-controls_6595b64144ccf1df_6.0.19041.1110_none_60b5254171f9507e\COMCTL32.dll
0x00007ffbcfac0000 - 0x00007ffbcfaea000 	C:\Windows\System32\GDI32.dll
0x00007ffbd0040000 - 0x00007ffbd00de000 	C:\Windows\System32\msvcrt.dll
0x00007ffbce7b0000 - 0x00007ffbce8bb000 	C:\Windows\System32\gdi32full.dll
0x00007ffbce8c0000 - 0x00007ffbce95d000 	C:\Windows\System32\msvcp_win.dll
0x00007ffbd0a80000 - 0x00007ffbd0ab0000 	C:\Windows\System32\IMM32.DLL
0x00007ffb9e900000 - 0x00007ffb9e99d000 	C:\Program Files\Android\Android Studio\jre\bin\msvcp140.dll
0x00007ffb726f0000 - 0x00007ffb731d5000 	C:\Program Files\Android\Android Studio\jre\bin\server\jvm.dll
0x00007ffbcff80000 - 0x00007ffbd002e000 	C:\Windows\System32\ADVAPI32.dll
0x00007ffbd09e0000 - 0x00007ffbd0a7c000 	C:\Windows\System32\sechost.dll
0x00007ffbd02a0000 - 0x00007ffbd03c5000 	C:\Windows\System32\RPCRT4.dll
0x00007ffbcf390000 - 0x00007ffbcf398000 	C:\Windows\System32\PSAPI.DLL
0x00007ffbc8cb0000 - 0x00007ffbc8cb9000 	C:\Windows\SYSTEM32\WSOCK32.dll
0x00007ffbbbfe0000 - 0x00007ffbbc007000 	C:\Windows\SYSTEM32\WINMM.dll
0x00007ffbc46b0000 - 0x00007ffbc46ba000 	C:\Windows\SYSTEM32\VERSION.dll
0x00007ffbcfbc0000 - 0x00007ffbcfc2b000 	C:\Windows\System32\WS2_32.dll
0x00007ffbcca90000 - 0x00007ffbccaa2000 	C:\Windows\SYSTEM32\kernel.appcore.dll
0x00007ffbc7ce0000 - 0x00007ffbc7cf1000 	C:\Program Files\Android\Android Studio\jre\bin\verify.dll
0x00007ffbc6ad0000 - 0x00007ffbc6cb4000 	C:\Windows\SYSTEM32\DBGHELP.DLL
0x00007ffbc6a80000 - 0x00007ffbc6aac000 	C:\Windows\SYSTEM32\dbgcore.DLL
0x00007ffbce3e0000 - 0x00007ffbce462000 	C:\Windows\System32\bcryptPrimitives.dll
0x00007ffbc7cb0000 - 0x00007ffbc7cd9000 	C:\Program Files\Android\Android Studio\jre\bin\java.dll
0x00007ffbc7c80000 - 0x00007ffbc7c8b000 	C:\Program Files\Android\Android Studio\jre\bin\jimage.dll
0x00007ffbc7b00000 - 0x00007ffbc7b18000 	C:\Program Files\Android\Android Studio\jre\bin\zip.dll
0x00007ffbceb40000 - 0x00007ffbcf284000 	C:\Windows\System32\SHELL32.dll
0x00007ffbcc0d0000 - 0x00007ffbcc864000 	C:\Windows\SYSTEM32\windows.storage.dll
0x00007ffbd0680000 - 0x00007ffbd09d4000 	C:\Windows\System32\combase.dll
0x00007ffbcdb90000 - 0x00007ffbcdbbc000 	C:\Windows\SYSTEM32\Wldp.dll
0x00007ffbcf820000 - 0x00007ffbcf8cd000 	C:\Windows\System32\SHCORE.dll
0x00007ffbcfa60000 - 0x00007ffbcfab5000 	C:\Windows\System32\shlwapi.dll
0x00007ffbce140000 - 0x00007ffbce15f000 	C:\Windows\SYSTEM32\profapi.dll
0x00007ffbc7a00000 - 0x00007ffbc7a1a000 	C:\Program Files\Android\Android Studio\jre\bin\net.dll
0x00007ffbc3dc0000 - 0x00007ffbc3eca000 	C:\Windows\SYSTEM32\WINHTTP.dll
0x00007ffbcd8f0000 - 0x00007ffbcd95a000 	C:\Windows\system32\mswsock.dll
0x00007ffbc3b50000 - 0x00007ffbc3b64000 	C:\Program Files\Android\Android Studio\jre\bin\nio.dll
0x00007ffbc3b10000 - 0x00007ffbc3b37000 	C:\Users\alenj\.gradle\native\e1d6ef7f7dcc3fd88c89a11ec53ec762bb8ba0a96d01ffa2cd45eb1d1d8dd5c5\windows-amd64\native-platform.dll
0x00007ffb9e6f0000 - 0x00007ffb9e834000 	C:\Users\alenj\.gradle\native\5664cfc778a61ccfe75a443a1ab52a65af34e5dc3c78e0209fed803814484fcb\windows-amd64\native-platform-file-events.dll
0x00007ffbc7c70000 - 0x00007ffbc7c7a000 	C:\Program Files\Android\Android Studio\jre\bin\management.dll
0x00007ffbc7b60000 - 0x00007ffbc7b6d000 	C:\Program Files\Android\Android Studio\jre\bin\management_ext.dll
0x00007ffbcdaf0000 - 0x00007ffbcdb08000 	C:\Windows\SYSTEM32\CRYPTSP.dll
0x00007ffbcd270000 - 0x00007ffbcd2a4000 	C:\Windows\system32\rsaenh.dll
0x00007ffbce250000 - 0x00007ffbce277000 	C:\Windows\System32\bcrypt.dll
0x00007ffbce100000 - 0x00007ffbce12e000 	C:\Windows\SYSTEM32\USERENV.dll
0x00007ffbcdae0000 - 0x00007ffbcdaec000 	C:\Windows\SYSTEM32\CRYPTBASE.dll
0x00007ffbcd5e0000 - 0x00007ffbcd61b000 	C:\Windows\SYSTEM32\IPHLPAPI.DLL
0x00007ffbcfbb0000 - 0x00007ffbcfbb8000 	C:\Windows\System32\NSI.dll
0x00007ffbc4ca0000 - 0x00007ffbc4cb7000 	C:\Windows\SYSTEM32\dhcpcsvc6.DLL
0x00007ffbc5db0000 - 0x00007ffbc5dcd000 	C:\Windows\SYSTEM32\dhcpcsvc.DLL
0x00007ffbcd620000 - 0x00007ffbcd6eb000 	C:\Windows\SYSTEM32\DNSAPI.dll

dbghelp: loaded successfully - version: 4.0.5 - missing functions: none
symbol engine: initialized successfully - sym options: 0x614 - pdb path: .;C:\Program Files\Android\Android Studio\jre\bin;C:\Windows\SYSTEM32;C:\Windows\WinSxS\amd64_microsoft.windows.common-controls_6595b64144ccf1df_6.0.19041.1110_none_60b5254171f9507e;C:\Program Files\Android\Android Studio\jre\bin\server;C:\Users\alenj\.gradle\native\e1d6ef7f7dcc3fd88c89a11ec53ec762bb8ba0a96d01ffa2cd45eb1d1d8dd5c5\windows-amd64;C:\Users\alenj\.gradle\native\5664cfc778a61ccfe75a443a1ab52a65af34e5dc3c78e0209fed803814484fcb\windows-amd64

VM Arguments:
jvm_args: --add-opens=java.base/java.util=ALL-UNNAMED --add-opens=java.base/java.lang=ALL-UNNAMED --add-opens=java.base/java.lang.invoke=ALL-UNNAMED --add-opens=java.base/java.util=ALL-UNNAMED --add-opens=java.prefs/java.util.prefs=ALL-UNNAMED --add-opens=java.prefs/java.util.prefs=ALL-UNNAMED --add-opens=java.base/java.nio.charset=ALL-UNNAMED --add-opens=java.base/java.net=ALL-UNNAMED --add-opens=java.base/java.util.concurrent.atomic=ALL-UNNAMED -Xmx2048m -Dfile.encoding=UTF-8 -Duser.country=US -Duser.language=en -Duser.variant 
java_command: org.gradle.launcher.daemon.bootstrap.GradleDaemon 7.3.3
java_class_path (initial): C:\Users\alenj\.gradle\wrapper\dists\gradle-7.3.3-bin\6a41zxkdtcxs8rphpq6y0069z\gradle-7.3.3\lib\gradle-launcher-7.3.3.jar
Launcher Type: SUN_STANDARD

[Global flags]
     intx CICompilerCount                          = 3                                         {product} {ergonomic}
     uint ConcGCThreads                            = 1                                         {product} {ergonomic}
     uint G1ConcRefinementThreads                  = 4                                         {product} {ergonomic}
   size_t G1HeapRegionSize                         = 1048576                                   {product} {ergonomic}
    uintx GCDrainStackTargetSize                   = 64                                        {product} {ergonomic}
   size_t InitialHeapSize                          = 60817408                                  {product} {ergonomic}
   size_t MarkStackSize                            = 4194304                                   {product} {ergonomic}
   size_t MaxHeapSize                              = 2147483648                                {product} {command line}
   size_t MaxNewSize                               = 1287651328                                {product} {ergonomic}
   size_t MinHeapDeltaBytes                        = 1048576                                   {product} {ergonomic}
    uintx NonNMethodCodeHeapSize                   = 5830732                                {pd product} {ergonomic}
    uintx NonProfiledCodeHeapSize                  = 122913754                              {pd product} {ergonomic}
    uintx ProfiledCodeHeapSize                     = 122913754                              {pd product} {ergonomic}
    uintx ReservedCodeCacheSize                    = 251658240                              {pd product} {ergonomic}
     bool SegmentedCodeCache                       = true                                      {product} {ergonomic}
     bool UseCompressedClassPointers               = true                                 {lp64_product} {ergonomic}
     bool UseCompressedOops                        = true                                 {lp64_product} {ergonomic}
     bool UseG1GC                                  = true                                      {product} {ergonomic}
     bool UseLargePagesIndividualAllocation        = false                                  {pd product} {ergonomic}

Logging:
Log output configuration:
 #0: stdout all=warning uptime,level,tags
 #1: stderr all=off uptime,level,tags

Environment Variables:
CLASSPATH=C:\mysql-connector-java-8.0.28.jar
PATH=C:\Program Files\Java\jdk-14.0.2\bin;C:\Program Files (x86)\MySQL\Connector J 8.0;C:\Windows\system32;C:\Windows;C:\Windows\System32\Wbem;C:\Windows\System32\WindowsPowerShell\v1.0\;C:\Windows\System32\OpenSSH\;C:\TDM-GCC-64\bin;C:\Windows\system32\config\systemprofile\.dnx\bin;C:\Program Files\Microsoft DNX\Dnvm\;C:\Program Files\Microsoft SQL Server\130\Tools\Binn\;C:\Program Files (x86)\MySQL\MySQL Server 5.1\bin;C:\Program Files (x86)\Java\jre1.8.0_321\lib\ext;C:\Users\alenj\Desktop\Alen\dbmslab\jdbc\mysql-connector-java-5.1.26;C:\Program Files\Java\jre1.8.0_321\lib\ext;C:\Program Files\Java\jdk-14.0.2\bin;C:\Users\alenj\AppData\Local\Programs\Microsoft VS Code\bin
USERNAME=alenj
OS=Windows_NT
PROCESSOR_IDENTIFIER=Intel64 Family 6 Model 78 Stepping 3, GenuineIntel



---------------  S Y S T E M  ---------------

OS: Windows 10 , 64 bit Build 19041 (10.0.19041.1706)
OS uptime: 1 days 1:47 hours

CPU:total 4 (initial active 4) (2 cores per cpu, 2 threads per core) family 6 model 78 stepping 3 microcode 0xcc, cmov, cx8, fxsr, mmx, sse, sse2, sse3, ssse3, sse4.1, sse4.2, popcnt, avx, avx2, aes, clmul, erms, 3dnowpref, lzcnt, ht, tsc, tscinvbit, bmi1, bmi2, adx, fma

Memory: 4k page, system-wide physical 3662M (291M free)
TotalPageFile size 5710M (AvailPageFile size 7M)
current process WorkingSet (physical memory assigned to process): 233M, peak: 233M
current process commit charge ("private bytes"): 262M, peak: 279M

vm_info: OpenJDK 64-Bit Server VM (11.0.12+7-b1504.28-7817840) for windows-amd64 JRE (11.0.12+7-b1504.28-7817840), built on Oct 13 2021 22:12:33 by "builder" with MS VC++ 14.0 (VS2015)

END.
